{"total": {"lines":{"total":16985,"covered":70,"skipped":0,"pct":0.41},"statements":{"total":18025,"covered":70,"skipped":0,"pct":0.38},"functions":{"total":2399,"covered":11,"skipped":0,"pct":0.45},"branches":{"total":8568,"covered":14,"skipped":0,"pct":0.16},"branchesTrue":{"total":0,"covered":0,"skipped":0,"pct":100}}
,"C:\\Users\\hp\\Desktop\\KAYAD-main\\backend\\controllers\\auditController.js": {"lines":{"total":175,"covered":0,"skipped":0,"pct":0},"functions":{"total":17,"covered":0,"skipped":0,"pct":0},"statements":{"total":199,"covered":0,"skipped":0,"pct":0},"branches":{"total":93,"covered":0,"skipped":0,"pct":0}}
,"C:\\Users\\hp\\Desktop\\KAYAD-main\\backend\\controllers\\authController.js": {"lines":{"total":322,"covered":0,"skipped":0,"pct":0},"functions":{"total":29,"covered":0,"skipped":0,"pct":0},"statements":{"total":350,"covered":0,"skipped":0,"pct":0},"branches":{"total":263,"covered":0,"skipped":0,"pct":0}}
,"C:\\Users\\hp\\Desktop\\KAYAD-main\\backend\\controllers\\bidController.js": {"lines":{"total":267,"covered":0,"skipped":0,"pct":0},"functions":{"total":21,"covered":0,"skipped":0,"pct":0},"statements":{"total":278,"covered":0,"skipped":0,"pct":0},"branches":{"total":179,"covered":0,"skipped":0,"pct":0}}
,"C:\\Users\\hp\\Desktop\\KAYAD-main\\backend\\controllers\\carController.js": {"lines":{"total":337,"covered":0,"skipped":0,"pct":0},"functions":{"total":21,"covered":0,"skipped":0,"pct":0},"statements":{"total":373,"covered":0,"skipped":0,"pct":0},"branches":{"total":345,"covered":0,"skipped":0,"pct":0}}
,"C:\\Users\\hp\\Desktop\\KAYAD-main\\backend\\controllers\\chatController.js": {"lines":{"total":111,"covered":0,"skipped":0,"pct":0},"functions":{"total":15,"covered":0,"skipped":0,"pct":0},"statements":{"total":119,"covered":0,"skipped":0,"pct":0},"branches":{"total":76,"covered":0,"skipped":0,"pct":0}}
,"C:\\Users\\hp\\Desktop\\KAYAD-main\\backend\\controllers\\contactController.js": {"lines":{"total":24,"covered":0,"skipped":0,"pct":0},"functions":{"total":4,"covered":0,"skipped":0,"pct":0},"statements":{"total":25,"covered":0,"skipped":0,"pct":0},"branches":{"total":10,"covered":0,"skipped":0,"pct":0}}
,"C:\\Users\\hp\\Desktop\\KAYAD-main\\backend\\controllers\\conversionFunnelController.js": {"lines":{"total":178,"covered":0,"skipped":0,"pct":0},"functions":{"total":32,"covered":0,"skipped":0,"pct":0},"statements":{"total":203,"covered":0,"skipped":0,"pct":0},"branches":{"total":88,"covered":0,"skipped":0,"pct":0}}
,"C:\\Users\\hp\\Desktop\\KAYAD-main\\backend\\controllers\\costDashboardController.js": {"lines":{"total":49,"covered":0,"skipped":0,"pct":0},"functions":{"total":5,"covered":0,"skipped":0,"pct":0},"statements":{"total":49,"covered":0,"skipped":0,"pct":0},"branches":{"total":8,"covered":0,"skipped":0,"pct":0}}
,"C:\\Users\\hp\\Desktop\\KAYAD-main\\backend\\controllers\\dealerHealthScoreController.js": {"lines":{"total":87,"covered":0,"skipped":0,"pct":0},"functions":{"total":11,"covered":0,"skipped":0,"pct":0},"statements":{"total":87,"covered":0,"skipped":0,"pct":0},"branches":{"total":15,"covered":0,"skipped":0,"pct":0}}
,"C:\\Users\\hp\\Desktop\\KAYAD-main\\backend\\controllers\\disputeController.js": {"lines":{"total":159,"covered":0,"skipped":0,"pct":0},"functions":{"total":9,"covered":0,"skipped":0,"pct":0},"statements":{"total":164,"covered":0,"skipped":0,"pct":0},"branches":{"total":103,"covered":0,"skipped":0,"pct":0}}
,"C:\\Users\\hp\\Desktop\\KAYAD-main\\backend\\controllers\\duplicateController.js": {"lines":{"total":108,"covered":0,"skipped":0,"pct":0},"functions":{"total":9,"covered":0,"skipped":0,"pct":0},"statements":{"total":113,"covered":0,"skipped":0,"pct":0},"branches":{"total":38,"covered":0,"skipped":0,"pct":0}}
,"C:\\Users\\hp\\Desktop\\KAYAD-main\\backend\\controllers\\escrowController.js": {"lines":{"total":186,"covered":0,"skipped":0,"pct":0},"functions":{"total":15,"covered":0,"skipped":0,"pct":0},"statements":{"total":193,"covered":0,"skipped":0,"pct":0},"branches":{"total":112,"covered":0,"skipped":0,"pct":0}}
,"C:\\Users\\hp\\Desktop\\KAYAD-main\\backend\\controllers\\escrowVaultController.js": {"lines":{"total":217,"covered":0,"skipped":0,"pct":0},"functions":{"total":14,"covered":0,"skipped":0,"pct":0},"statements":{"total":229,"covered":0,"skipped":0,"pct":0},"branches":{"total":96,"covered":0,"skipped":0,"pct":0}}
,"C:\\Users\\hp\\Desktop\\KAYAD-main\\backend\\controllers\\eventController.js": {"lines":{"total":78,"covered":0,"skipped":0,"pct":0},"functions":{"total":8,"covered":0,"skipped":0,"pct":0},"statements":{"total":79,"covered":0,"skipped":0,"pct":0},"branches":{"total":27,"covered":0,"skipped":0,"pct":0}}
,"C:\\Users\\hp\\Desktop\\KAYAD-main\\backend\\controllers\\executiveAnalyticsController.js": {"lines":{"total":58,"covered":0,"skipped":0,"pct":0},"functions":{"total":4,"covered":0,"skipped":0,"pct":0},"statements":{"total":59,"covered":0,"skipped":0,"pct":0},"branches":{"total":23,"covered":0,"skipped":0,"pct":0}}
,"C:\\Users\\hp\\Desktop\\KAYAD-main\\backend\\controllers\\favoriteController.js": {"lines":{"total":83,"covered":0,"skipped":0,"pct":0},"functions":{"total":6,"covered":0,"skipped":0,"pct":0},"statements":{"total":85,"covered":0,"skipped":0,"pct":0},"branches":{"total":24,"covered":0,"skipped":0,"pct":0}}
,"C:\\Users\\hp\\Desktop\\KAYAD-main\\backend\\controllers\\featureFlagController.js": {"lines":{"total":112,"covered":0,"skipped":0,"pct":0},"functions":{"total":14,"covered":0,"skipped":0,"pct":0},"statements":{"total":115,"covered":0,"skipped":0,"pct":0},"branches":{"total":20,"covered":0,"skipped":0,"pct":0}}
,"C:\\Users\\hp\\Desktop\\KAYAD-main\\backend\\controllers\\financeController.js": {"lines":{"total":94,"covered":0,"skipped":0,"pct":0},"functions":{"total":12,"covered":0,"skipped":0,"pct":0},"statements":{"total":103,"covered":0,"skipped":0,"pct":0},"branches":{"total":51,"covered":0,"skipped":0,"pct":0}}
,"C:\\Users\\hp\\Desktop\\KAYAD-main\\backend\\controllers\\fraudController.js": {"lines":{"total":109,"covered":0,"skipped":0,"pct":0},"functions":{"total":13,"covered":0,"skipped":0,"pct":0},"statements":{"total":112,"covered":0,"skipped":0,"pct":0},"branches":{"total":44,"covered":0,"skipped":0,"pct":0}}
,"C:\\Users\\hp\\Desktop\\KAYAD-main\\backend\\controllers\\inspectorApplicationController.js": {"lines":{"total":76,"covered":0,"skipped":0,"pct":0},"functions":{"total":6,"covered":0,"skipped":0,"pct":0},"statements":{"total":80,"covered":0,"skipped":0,"pct":0},"branches":{"total":43,"covered":0,"skipped":0,"pct":0}}
,"C:\\Users\\hp\\Desktop\\KAYAD-main\\backend\\controllers\\leadController.js": {"lines":{"total":116,"covered":0,"skipped":0,"pct":0},"functions":{"total":11,"covered":0,"skipped":0,"pct":0},"statements":{"total":116,"covered":0,"skipped":0,"pct":0},"branches":{"total":50,"covered":0,"skipped":0,"pct":0}}
,"C:\\Users\\hp\\Desktop\\KAYAD-main\\backend\\controllers\\listingAssistantController.js": {"lines":{"total":27,"covered":0,"skipped":0,"pct":0},"functions":{"total":3,"covered":0,"skipped":0,"pct":0},"statements":{"total":27,"covered":0,"skipped":0,"pct":0},"branches":{"total":10,"covered":0,"skipped":0,"pct":0}}
,"C:\\Users\\hp\\Desktop\\KAYAD-main\\backend\\controllers\\listingQualityController.js": {"lines":{"total":61,"covered":0,"skipped":0,"pct":0},"functions":{"total":9,"covered":0,"skipped":0,"pct":0},"statements":{"total":61,"covered":0,"skipped":0,"pct":0},"branches":{"total":3,"covered":0,"skipped":0,"pct":0}}
,"C:\\Users\\hp\\Desktop\\KAYAD-main\\backend\\controllers\\marketplaceHealthController.js": {"lines":{"total":66,"covered":0,"skipped":0,"pct":0},"functions":{"total":8,"covered":0,"skipped":0,"pct":0},"statements":{"total":67,"covered":0,"skipped":0,"pct":0},"branches":{"total":20,"covered":0,"skipped":0,"pct":0}}
,"C:\\Users\\hp\\Desktop\\KAYAD-main\\backend\\controllers\\notificationAnalyticsController.js": {"lines":{"total":92,"covered":0,"skipped":0,"pct":0},"functions":{"total":13,"covered":0,"skipped":0,"pct":0},"statements":{"total":92,"covered":0,"skipped":0,"pct":0},"branches":{"total":10,"covered":0,"skipped":0,"pct":0}}
,"C:\\Users\\hp\\Desktop\\KAYAD-main\\backend\\controllers\\notificationController.js": {"lines":{"total":35,"covered":0,"skipped":0,"pct":0},"functions":{"total":5,"covered":0,"skipped":0,"pct":0},"statements":{"total":35,"covered":0,"skipped":0,"pct":0},"branches":{"total":8,"covered":0,"skipped":0,"pct":0}}
,"C:\\Users\\hp\\Desktop\\KAYAD-main\\backend\\controllers\\operationsController.js": {"lines":{"total":84,"covered":0,"skipped":0,"pct":0},"functions":{"total":6,"covered":0,"skipped":0,"pct":0},"statements":{"total":86,"covered":0,"skipped":0,"pct":0},"branches":{"total":60,"covered":0,"skipped":0,"pct":0}}
,"C:\\Users\\hp\\Desktop\\KAYAD-main\\backend\\controllers\\operationsDashboardController.js": {"lines":{"total":58,"covered":0,"skipped":0,"pct":0},"functions":{"total":9,"covered":0,"skipped":0,"pct":0},"statements":{"total":58,"covered":0,"skipped":0,"pct":0},"branches":{"total":24,"covered":0,"skipped":0,"pct":0}}
,"C:\\Users\\hp\\Desktop\\KAYAD-main\\backend\\controllers\\organizationController.js": {"lines":{"total":92,"covered":0,"skipped":0,"pct":0},"functions":{"total":11,"covered":0,"skipped":0,"pct":0},"statements":{"total":92,"covered":0,"skipped":0,"pct":0},"branches":{"total":18,"covered":0,"skipped":0,"pct":0}}
,"C:\\Users\\hp\\Desktop\\KAYAD-main\\backend\\controllers\\paymentController.js": {"lines":{"total":97,"covered":0,"skipped":0,"pct":0},"functions":{"total":6,"covered":0,"skipped":0,"pct":0},"statements":{"total":99,"covered":0,"skipped":0,"pct":0},"branches":{"total":67,"covered":0,"skipped":0,"pct":0}}
,"C:\\Users\\hp\\Desktop\\KAYAD-main\\backend\\controllers\\queueController.js": {"lines":{"total":112,"covered":0,"skipped":0,"pct":0},"functions":{"total":14,"covered":0,"skipped":0,"pct":0},"statements":{"total":113,"covered":0,"skipped":0,"pct":0},"branches":{"total":35,"covered":0,"skipped":0,"pct":0}}
,"C:\\Users\\hp\\Desktop\\KAYAD-main\\backend\\controllers\\recommendationController.js": {"lines":{"total":9,"covered":0,"skipped":0,"pct":0},"functions":{"total":1,"covered":0,"skipped":0,"pct":0},"statements":{"total":9,"covered":0,"skipped":0,"pct":0},"branches":{"total":4,"covered":0,"skipped":0,"pct":0}}
,"C:\\Users\\hp\\Desktop\\KAYAD-main\\backend\\controllers\\reconciliationController.js": {"lines":{"total":109,"covered":0,"skipped":0,"pct":0},"functions":{"total":11,"covered":0,"skipped":0,"pct":0},"statements":{"total":111,"covered":0,"skipped":0,"pct":0},"branches":{"total":37,"covered":0,"skipped":0,"pct":0}}
,"C:\\Users\\hp\\Desktop\\KAYAD-main\\backend\\controllers\\reviewController.js": {"lines":{"total":57,"covered":0,"skipped":0,"pct":0},"functions":{"total":7,"covered":0,"skipped":0,"pct":0},"statements":{"total":61,"covered":0,"skipped":0,"pct":0},"branches":{"total":19,"covered":0,"skipped":0,"pct":0}}
,"C:\\Users\\hp\\Desktop\\KAYAD-main\\backend\\controllers\\salesDashboardController.js": {"lines":{"total":54,"covered":0,"skipped":0,"pct":0},"functions":{"total":8,"covered":0,"skipped":0,"pct":0},"statements":{"total":57,"covered":0,"skipped":0,"pct":0},"branches":{"total":44,"covered":0,"skipped":0,"pct":0}}
,"C:\\Users\\hp\\Desktop\\KAYAD-main\\backend\\controllers\\searchAnalyticsController.js": {"lines":{"total":76,"covered":0,"skipped":0,"pct":0},"functions":{"total":11,"covered":0,"skipped":0,"pct":0},"statements":{"total":76,"covered":0,"skipped":0,"pct":0},"branches":{"total":12,"covered":0,"skipped":0,"pct":0}}
,"C:\\Users\\hp\\Desktop\\KAYAD-main\\backend\\controllers\\searchIntelligenceController.js": {"lines":{"total":60,"covered":0,"skipped":0,"pct":0},"functions":{"total":11,"covered":0,"skipped":0,"pct":0},"statements":{"total":63,"covered":0,"skipped":0,"pct":0},"branches":{"total":8,"covered":0,"skipped":0,"pct":0}}
,"C:\\Users\\hp\\Desktop\\KAYAD-main\\backend\\controllers\\securityLogController.js": {"lines":{"total":28,"covered":0,"skipped":0,"pct":0},"functions":{"total":3,"covered":0,"skipped":0,"pct":0},"statements":{"total":32,"covered":0,"skipped":0,"pct":0},"branches":{"total":12,"covered":0,"skipped":0,"pct":0}}
,"C:\\Users\\hp\\Desktop\\KAYAD-main\\backend\\controllers\\seoController.js": {"lines":{"total":36,"covered":0,"skipped":0,"pct":0},"functions":{"total":4,"covered":0,"skipped":0,"pct":0},"statements":{"total":36,"covered":0,"skipped":0,"pct":0},"branches":{"total":0,"covered":0,"skipped":0,"pct":100}}
,"C:\\Users\\hp\\Desktop\\KAYAD-main\\backend\\controllers\\smsBiddingController.js": {"lines":{"total":123,"covered":0,"skipped":0,"pct":0},"functions":{"total":9,"covered":0,"skipped":0,"pct":0},"statements":{"total":136,"covered":0,"skipped":0,"pct":0},"branches":{"total":93,"covered":0,"skipped":0,"pct":0}}
,"C:\\Users\\hp\\Desktop\\KAYAD-main\\backend\\controllers\\subscriptionController.js": {"lines":{"total":106,"covered":0,"skipped":0,"pct":0},"functions":{"total":10,"covered":0,"skipped":0,"pct":0},"statements":{"total":110,"covered":0,"skipped":0,"pct":0},"branches":{"total":46,"covered":0,"skipped":0,"pct":0}}
,"C:\\Users\\hp\\Desktop\\KAYAD-main\\backend\\controllers\\supportController.js": {"lines":{"total":109,"covered":0,"skipped":0,"pct":0},"functions":{"total":8,"covered":0,"skipped":0,"pct":0},"statements":{"total":116,"covered":0,"skipped":0,"pct":0},"branches":{"total":56,"covered":0,"skipped":0,"pct":0}}
,"C:\\Users\\hp\\Desktop\\KAYAD-main\\backend\\controllers\\supportDashboardController.js": {"lines":{"total":49,"covered":0,"skipped":0,"pct":0},"functions":{"total":6,"covered":0,"skipped":0,"pct":0},"statements":{"total":51,"covered":0,"skipped":0,"pct":0},"branches":{"total":34,"covered":0,"skipped":0,"pct":0}}
,"C:\\Users\\hp\\Desktop\\KAYAD-main\\backend\\controllers\\vehicleAnalyticsController.js": {"lines":{"total":133,"covered":0,"skipped":0,"pct":0},"functions":{"total":19,"covered":0,"skipped":0,"pct":0},"statements":{"total":138,"covered":0,"skipped":0,"pct":0},"branches":{"total":61,"covered":0,"skipped":0,"pct":0}}
,"C:\\Users\\hp\\Desktop\\KAYAD-main\\backend\\controllers\\verificationController.js": {"lines":{"total":209,"covered":0,"skipped":0,"pct":0},"functions":{"total":10,"covered":0,"skipped":0,"pct":0},"statements":{"total":209,"covered":0,"skipped":0,"pct":0},"branches":{"total":87,"covered":0,"skipped":0,"pct":0}}
,"C:\\Users\\hp\\Desktop\\KAYAD-main\\backend\\middleware\\accountLockout.js": {"lines":{"total":42,"covered":0,"skipped":0,"pct":0},"functions":{"total":8,"covered":0,"skipped":0,"pct":0},"statements":{"total":45,"covered":0,"skipped":0,"pct":0},"branches":{"total":16,"covered":0,"skipped":0,"pct":0}}
,"C:\\Users\\hp\\Desktop\\KAYAD-main\\backend\\middleware\\apiCache.js": {"lines":{"total":29,"covered":0,"skipped":0,"pct":0},"functions":{"total":7,"covered":0,"skipped":0,"pct":0},"statements":{"total":30,"covered":0,"skipped":0,"pct":0},"branches":{"total":8,"covered":0,"skipped":0,"pct":0}}
,"C:\\Users\\hp\\Desktop\\KAYAD-main\\backend\\middleware\\apiLatency.js": {"lines":{"total":20,"covered":0,"skipped":0,"pct":0},"functions":{"total":2,"covered":0,"skipped":0,"pct":0},"statements":{"total":20,"covered":0,"skipped":0,"pct":0},"branches":{"total":4,"covered":0,"skipped":0,"pct":0}}
,"C:\\Users\\hp\\Desktop\\KAYAD-main\\backend\\middleware\\apiPagination.js": {"lines":{"total":24,"covered":0,"skipped":0,"pct":0},"functions":{"total":6,"covered":0,"skipped":0,"pct":0},"statements":{"total":24,"covered":0,"skipped":0,"pct":0},"branches":{"total":10,"covered":0,"skipped":0,"pct":0}}
,"C:\\Users\\hp\\Desktop\\KAYAD-main\\backend\\middleware\\apiVersion.js": {"lines":{"total":9,"covered":0,"skipped":0,"pct":0},"functions":{"total":1,"covered":0,"skipped":0,"pct":0},"statements":{"total":9,"covered":0,"skipped":0,"pct":0},"branches":{"total":6,"covered":0,"skipped":0,"pct":0}}
,"C:\\Users\\hp\\Desktop\\KAYAD-main\\backend\\middleware\\apiVersioning.js": {"lines":{"total":51,"covered":0,"skipped":0,"pct":0},"functions":{"total":6,"covered":0,"skipped":0,"pct":0},"statements":{"total":51,"covered":0,"skipped":0,"pct":0},"branches":{"total":37,"covered":0,"skipped":0,"pct":0}}
,"C:\\Users\\hp\\Desktop\\KAYAD-main\\backend\\middleware\\asyncHandler.js": {"lines":{"total":7,"covered":0,"skipped":0,"pct":0},"functions":{"total":2,"covered":0,"skipped":0,"pct":0},"statements":{"total":8,"covered":0,"skipped":0,"pct":0},"branches":{"total":6,"covered":0,"skipped":0,"pct":0}}
,"C:\\Users\\hp\\Desktop\\KAYAD-main\\backend\\middleware\\auditLog.js": {"lines":{"total":12,"covered":0,"skipped":0,"pct":0},"functions":{"total":5,"covered":0,"skipped":0,"pct":0},"statements":{"total":14,"covered":0,"skipped":0,"pct":0},"branches":{"total":15,"covered":0,"skipped":0,"pct":0}}
,"C:\\Users\\hp\\Desktop\\KAYAD-main\\backend\\middleware\\auditMiddleware.js": {"lines":{"total":36,"covered":0,"skipped":0,"pct":0},"functions":{"total":6,"covered":0,"skipped":0,"pct":0},"statements":{"total":36,"covered":0,"skipped":0,"pct":0},"branches":{"total":30,"covered":0,"skipped":0,"pct":0}}
,"C:\\Users\\hp\\Desktop\\KAYAD-main\\backend\\middleware\\auth.js": {"lines":{"total":83,"covered":0,"skipped":0,"pct":0},"functions":{"total":10,"covered":0,"skipped":0,"pct":0},"statements":{"total":88,"covered":0,"skipped":0,"pct":0},"branches":{"total":87,"covered":0,"skipped":0,"pct":0}}
,"C:\\Users\\hp\\Desktop\\KAYAD-main\\backend\\middleware\\authRole.js": {"lines":{"total":5,"covered":0,"skipped":0,"pct":0},"functions":{"total":2,"covered":0,"skipped":0,"pct":0},"statements":{"total":5,"covered":0,"skipped":0,"pct":0},"branches":{"total":4,"covered":0,"skipped":0,"pct":0}}
,"C:\\Users\\hp\\Desktop\\KAYAD-main\\backend\\middleware\\authentication.js": {"lines":{"total":85,"covered":0,"skipped":0,"pct":0},"functions":{"total":12,"covered":0,"skipped":0,"pct":0},"statements":{"total":85,"covered":0,"skipped":0,"pct":0},"branches":{"total":38,"covered":0,"skipped":0,"pct":0}}
,"C:\\Users\\hp\\Desktop\\KAYAD-main\\backend\\middleware\\authorization.js": {"lines":{"total":55,"covered":0,"skipped":0,"pct":0},"functions":{"total":8,"covered":0,"skipped":0,"pct":0},"statements":{"total":55,"covered":0,"skipped":0,"pct":0},"branches":{"total":49,"covered":0,"skipped":0,"pct":0}}
,"C:\\Users\\hp\\Desktop\\KAYAD-main\\backend\\middleware\\bulkhead.js": {"lines":{"total":76,"covered":70,"skipped":0,"pct":92.1},"functions":{"total":12,"covered":11,"skipped":0,"pct":91.66},"statements":{"total":76,"covered":70,"skipped":0,"pct":92.1},"branches":{"total":21,"covered":14,"skipped":0,"pct":66.66}}
,"C:\\Users\\hp\\Desktop\\KAYAD-main\\backend\\middleware\\cacheMiddleware.js": {"lines":{"total":66,"covered":0,"skipped":0,"pct":0},"functions":{"total":18,"covered":0,"skipped":0,"pct":0},"statements":{"total":66,"covered":0,"skipped":0,"pct":0},"branches":{"total":37,"covered":0,"skipped":0,"pct":0}}
,"C:\\Users\\hp\\Desktop\\KAYAD-main\\backend\\middleware\\contactShieldMiddleware.js": {"lines":{"total":38,"covered":0,"skipped":0,"pct":0},"functions":{"total":3,"covered":0,"skipped":0,"pct":0},"statements":{"total":38,"covered":0,"skipped":0,"pct":0},"branches":{"total":30,"covered":0,"skipped":0,"pct":0}}
,"C:\\Users\\hp\\Desktop\\KAYAD-main\\backend\\middleware\\csrf.js": {"lines":{"total":17,"covered":0,"skipped":0,"pct":0},"functions":{"total":3,"covered":0,"skipped":0,"pct":0},"statements":{"total":19,"covered":0,"skipped":0,"pct":0},"branches":{"total":11,"covered":0,"skipped":0,"pct":0}}
,"C:\\Users\\hp\\Desktop\\KAYAD-main\\backend\\middleware\\dealerVerification.js": {"lines":{"total":80,"covered":0,"skipped":0,"pct":0},"functions":{"total":5,"covered":0,"skipped":0,"pct":0},"statements":{"total":82,"covered":0,"skipped":0,"pct":0},"branches":{"total":40,"covered":0,"skipped":0,"pct":0}}
,"C:\\Users\\hp\\Desktop\\KAYAD-main\\backend\\middleware\\deprecation.js": {"lines":{"total":16,"covered":0,"skipped":0,"pct":0},"functions":{"total":2,"covered":0,"skipped":0,"pct":0},"statements":{"total":16,"covered":0,"skipped":0,"pct":0},"branches":{"total":15,"covered":0,"skipped":0,"pct":0}}
,"C:\\Users\\hp\\Desktop\\KAYAD-main\\backend\\middleware\\errorHandler.js": {"lines":{"total":30,"covered":0,"skipped":0,"pct":0},"functions":{"total":2,"covered":0,"skipped":0,"pct":0},"statements":{"total":32,"covered":0,"skipped":0,"pct":0},"branches":{"total":34,"covered":0,"skipped":0,"pct":0}}
,"C:\\Users\\hp\\Desktop\\KAYAD-main\\backend\\middleware\\featureFlag.js": {"lines":{"total":175,"covered":0,"skipped":0,"pct":0},"functions":{"total":16,"covered":0,"skipped":0,"pct":0},"statements":{"total":175,"covered":0,"skipped":0,"pct":0},"branches":{"total":172,"covered":0,"skipped":0,"pct":0}}
,"C:\\Users\\hp\\Desktop\\KAYAD-main\\backend\\middleware\\idempotency.js": {"lines":{"total":76,"covered":0,"skipped":0,"pct":0},"functions":{"total":10,"covered":0,"skipped":0,"pct":0},"statements":{"total":88,"covered":0,"skipped":0,"pct":0},"branches":{"total":55,"covered":0,"skipped":0,"pct":0}}
,"C:\\Users\\hp\\Desktop\\KAYAD-main\\backend\\middleware\\logger.js": {"lines":{"total":11,"covered":0,"skipped":0,"pct":0},"functions":{"total":2,"covered":0,"skipped":0,"pct":0},"statements":{"total":12,"covered":0,"skipped":0,"pct":0},"branches":{"total":4,"covered":0,"skipped":0,"pct":0}}
,"C:\\Users\\hp\\Desktop\\KAYAD-main\\backend\\middleware\\mpesaSecurity.js": {"lines":{"total":65,"covered":0,"skipped":0,"pct":0},"functions":{"total":7,"covered":0,"skipped":0,"pct":0},"statements":{"total":69,"covered":0,"skipped":0,"pct":0},"branches":{"total":47,"covered":0,"skipped":0,"pct":0}}
,"C:\\Users\\hp\\Desktop\\KAYAD-main\\backend\\middleware\\notFound.js": {"lines":{"total":4,"covered":0,"skipped":0,"pct":0},"functions":{"total":1,"covered":0,"skipped":0,"pct":0},"statements":{"total":4,"covered":0,"skipped":0,"pct":0},"branches":{"total":6,"covered":0,"skipped":0,"pct":0}}
,"C:\\Users\\hp\\Desktop\\KAYAD-main\\backend\\middleware\\performanceMonitor.js": {"lines":{"total":62,"covered":0,"skipped":0,"pct":0},"functions":{"total":12,"covered":0,"skipped":0,"pct":0},"statements":{"total":62,"covered":0,"skipped":0,"pct":0},"branches":{"total":14,"covered":0,"skipped":0,"pct":0}}
,"C:\\Users\\hp\\Desktop\\KAYAD-main\\backend\\middleware\\protectAccount.js": {"lines":{"total":23,"covered":0,"skipped":0,"pct":0},"functions":{"total":1,"covered":0,"skipped":0,"pct":0},"statements":{"total":25,"covered":0,"skipped":0,"pct":0},"branches":{"total":25,"covered":0,"skipped":0,"pct":0}}
,"C:\\Users\\hp\\Desktop\\KAYAD-main\\backend\\middleware\\rateLimiter.js": {"lines":{"total":64,"covered":0,"skipped":0,"pct":0},"functions":{"total":22,"covered":0,"skipped":0,"pct":0},"statements":{"total":69,"covered":0,"skipped":0,"pct":0},"branches":{"total":26,"covered":0,"skipped":0,"pct":0}}
,"C:\\Users\\hp\\Desktop\\KAYAD-main\\backend\\middleware\\rbac.js": {"lines":{"total":48,"covered":0,"skipped":0,"pct":0},"functions":{"total":13,"covered":0,"skipped":0,"pct":0},"statements":{"total":52,"covered":0,"skipped":0,"pct":0},"branches":{"total":30,"covered":0,"skipped":0,"pct":0}}
,"C:\\Users\\hp\\Desktop\\KAYAD-main\\backend\\middleware\\replicaSetHealth.js": {"lines":{"total":35,"covered":0,"skipped":0,"pct":0},"functions":{"total":10,"covered":0,"skipped":0,"pct":0},"statements":{"total":38,"covered":0,"skipped":0,"pct":0},"branches":{"total":24,"covered":0,"skipped":0,"pct":0}}
,"C:\\Users\\hp\\Desktop\\KAYAD-main\\backend\\middleware\\responseWrapper.js": {"lines":{"total":6,"covered":0,"skipped":0,"pct":0},"functions":{"total":2,"covered":0,"skipped":0,"pct":0},"statements":{"total":6,"covered":0,"skipped":0,"pct":0},"branches":{"total":5,"covered":0,"skipped":0,"pct":0}}
,"C:\\Users\\hp\\Desktop\\KAYAD-main\\backend\\middleware\\role.js": {"lines":{"total":13,"covered":0,"skipped":0,"pct":0},"functions":{"total":2,"covered":0,"skipped":0,"pct":0},"statements":{"total":13,"covered":0,"skipped":0,"pct":0},"branches":{"total":6,"covered":0,"skipped":0,"pct":0}}
,"C:\\Users\\hp\\Desktop\\KAYAD-main\\backend\\middleware\\searchCache.js": {"lines":{"total":42,"covered":0,"skipped":0,"pct":0},"functions":{"total":11,"covered":0,"skipped":0,"pct":0},"statements":{"total":43,"covered":0,"skipped":0,"pct":0},"branches":{"total":42,"covered":0,"skipped":0,"pct":0}}
,"C:\\Users\\hp\\Desktop\\KAYAD-main\\backend\\middleware\\searchLatencyTracking.js": {"lines":{"total":41,"covered":0,"skipped":0,"pct":0},"functions":{"total":10,"covered":0,"skipped":0,"pct":0},"statements":{"total":43,"covered":0,"skipped":0,"pct":0},"branches":{"total":21,"covered":0,"skipped":0,"pct":0}}
,"C:\\Users\\hp\\Desktop\\KAYAD-main\\backend\\middleware\\searchTracking.js": {"lines":{"total":33,"covered":0,"skipped":0,"pct":0},"functions":{"total":8,"covered":0,"skipped":0,"pct":0},"statements":{"total":34,"covered":0,"skipped":0,"pct":0},"branches":{"total":52,"covered":0,"skipped":0,"pct":0}}
,"C:\\Users\\hp\\Desktop\\KAYAD-main\\backend\\middleware\\security.js": {"lines":{"total":63,"covered":0,"skipped":0,"pct":0},"functions":{"total":12,"covered":0,"skipped":0,"pct":0},"statements":{"total":72,"covered":0,"skipped":0,"pct":0},"branches":{"total":62,"covered":0,"skipped":0,"pct":0}}
,"C:\\Users\\hp\\Desktop\\KAYAD-main\\backend\\middleware\\session.js": {"lines":{"total":43,"covered":0,"skipped":0,"pct":0},"functions":{"total":6,"covered":0,"skipped":0,"pct":0},"statements":{"total":48,"covered":0,"skipped":0,"pct":0},"branches":{"total":28,"covered":0,"skipped":0,"pct":0}}
,"C:\\Users\\hp\\Desktop\\KAYAD-main\\backend\\middleware\\systemCheck.js": {"lines":{"total":21,"covered":0,"skipped":0,"pct":0},"functions":{"total":1,"covered":0,"skipped":0,"pct":0},"statements":{"total":22,"covered":0,"skipped":0,"pct":0},"branches":{"total":18,"covered":0,"skipped":0,"pct":0}}
,"C:\\Users\\hp\\Desktop\\KAYAD-main\\backend\\middleware\\timeout.js": {"lines":{"total":10,"covered":0,"skipped":0,"pct":0},"functions":{"total":2,"covered":0,"skipped":0,"pct":0},"statements":{"total":10,"covered":0,"skipped":0,"pct":0},"branches":{"total":0,"covered":0,"skipped":0,"pct":100}}
,"C:\\Users\\hp\\Desktop\\KAYAD-main\\backend\\middleware\\upload.js": {"lines":{"total":55,"covered":0,"skipped":0,"pct":0},"functions":{"total":10,"covered":0,"skipped":0,"pct":0},"statements":{"total":58,"covered":0,"skipped":0,"pct":0},"branches":{"total":27,"covered":0,"skipped":0,"pct":0}}
,"C:\\Users\\hp\\Desktop\\KAYAD-main\\backend\\middleware\\validate.js": {"lines":{"total":73,"covered":0,"skipped":0,"pct":0},"functions":{"total":17,"covered":0,"skipped":0,"pct":0},"statements":{"total":84,"covered":0,"skipped":0,"pct":0},"branches":{"total":38,"covered":0,"skipped":0,"pct":0}}
,"C:\\Users\\hp\\Desktop\\KAYAD-main\\backend\\models\\Ad.js": {"lines":{"total":1,"covered":0,"skipped":0,"pct":0},"functions":{"total":0,"covered":0,"skipped":0,"pct":100},"statements":{"total":1,"covered":0,"skipped":0,"pct":0},"branches":{"total":0,"covered":0,"skipped":0,"pct":100}}
,"C:\\Users\\hp\\Desktop\\KAYAD-main\\backend\\models\\AdminAlert.js": {"lines":{"total":4,"covered":0,"skipped":0,"pct":0},"functions":{"total":0,"covered":0,"skipped":0,"pct":100},"statements":{"total":4,"covered":0,"skipped":0,"pct":0},"branches":{"total":2,"covered":0,"skipped":0,"pct":0}}
,"C:\\Users\\hp\\Desktop\\KAYAD-main\\backend\\models\\Auction.js": {"lines":{"total":22,"covered":0,"skipped":0,"pct":0},"functions":{"total":6,"covered":0,"skipped":0,"pct":0},"statements":{"total":25,"covered":0,"skipped":0,"pct":0},"branches":{"total":4,"covered":0,"skipped":0,"pct":0}}
,"C:\\Users\\hp\\Desktop\\KAYAD-main\\backend\\models\\AuditLog.js": {"lines":{"total":35,"covered":0,"skipped":0,"pct":0},"functions":{"total":6,"covered":0,"skipped":0,"pct":0},"statements":{"total":35,"covered":0,"skipped":0,"pct":0},"branches":{"total":4,"covered":0,"skipped":0,"pct":0}}
,"C:\\Users\\hp\\Desktop\\KAYAD-main\\backend\\models\\Bid.js": {"lines":{"total":51,"covered":0,"skipped":0,"pct":0},"functions":{"total":11,"covered":0,"skipped":0,"pct":0},"statements":{"total":52,"covered":0,"skipped":0,"pct":0},"branches":{"total":18,"covered":0,"skipped":0,"pct":0}}
,"C:\\Users\\hp\\Desktop\\KAYAD-main\\backend\\models\\Branch.js": {"lines":{"total":76,"covered":0,"skipped":0,"pct":0},"functions":{"total":21,"covered":0,"skipped":0,"pct":0},"statements":{"total":80,"covered":0,"skipped":0,"pct":0},"branches":{"total":24,"covered":0,"skipped":0,"pct":0}}
,"C:\\Users\\hp\\Desktop\\KAYAD-main\\backend\\models\\BrandDepreciation.js": {"lines":{"total":60,"covered":0,"skipped":0,"pct":0},"functions":{"total":14,"covered":0,"skipped":0,"pct":0},"statements":{"total":65,"covered":0,"skipped":0,"pct":0},"branches":{"total":20,"covered":0,"skipped":0,"pct":0}}
,"C:\\Users\\hp\\Desktop\\KAYAD-main\\backend\\models\\Car.js": {"lines":{"total":54,"covered":0,"skipped":0,"pct":0},"functions":{"total":5,"covered":0,"skipped":0,"pct":0},"statements":{"total":55,"covered":0,"skipped":0,"pct":0},"branches":{"total":10,"covered":0,"skipped":0,"pct":0}}
,"C:\\Users\\hp\\Desktop\\KAYAD-main\\backend\\models\\Chat.js": {"lines":{"total":32,"covered":0,"skipped":0,"pct":0},"functions":{"total":7,"covered":0,"skipped":0,"pct":0},"statements":{"total":33,"covered":0,"skipped":0,"pct":0},"branches":{"total":12,"covered":0,"skipped":0,"pct":0}}
,"C:\\Users\\hp\\Desktop\\KAYAD-main\\backend\\models\\Contact.js": {"lines":{"total":1,"covered":0,"skipped":0,"pct":0},"functions":{"total":0,"covered":0,"skipped":0,"pct":100},"statements":{"total":1,"covered":0,"skipped":0,"pct":0},"branches":{"total":0,"covered":0,"skipped":0,"pct":100}}
,"C:\\Users\\hp\\Desktop\\KAYAD-main\\backend\\models\\ContactShield.js": {"lines":{"total":5,"covered":0,"skipped":0,"pct":0},"functions":{"total":0,"covered":0,"skipped":0,"pct":100},"statements":{"total":5,"covered":0,"skipped":0,"pct":0},"branches":{"total":2,"covered":0,"skipped":0,"pct":0}}
,"C:\\Users\\hp\\Desktop\\KAYAD-main\\backend\\models\\ConversionFunnel.js": {"lines":{"total":4,"covered":0,"skipped":0,"pct":0},"functions":{"total":0,"covered":0,"skipped":0,"pct":100},"statements":{"total":4,"covered":0,"skipped":0,"pct":0},"branches":{"total":0,"covered":0,"skipped":0,"pct":100}}
,"C:\\Users\\hp\\Desktop\\KAYAD-main\\backend\\models\\Dealer.js": {"lines":{"total":23,"covered":0,"skipped":0,"pct":0},"functions":{"total":4,"covered":0,"skipped":0,"pct":0},"statements":{"total":23,"covered":0,"skipped":0,"pct":0},"branches":{"total":2,"covered":0,"skipped":0,"pct":0}}
,"C:\\Users\\hp\\Desktop\\KAYAD-main\\backend\\models\\DealerHealthScore.js": {"lines":{"total":24,"covered":0,"skipped":0,"pct":0},"functions":{"total":4,"covered":0,"skipped":0,"pct":0},"statements":{"total":29,"covered":0,"skipped":0,"pct":0},"branches":{"total":16,"covered":0,"skipped":0,"pct":0}}
,"C:\\Users\\hp\\Desktop\\KAYAD-main\\backend\\models\\DealerTeam.js": {"lines":{"total":3,"covered":0,"skipped":0,"pct":0},"functions":{"total":0,"covered":0,"skipped":0,"pct":100},"statements":{"total":3,"covered":0,"skipped":0,"pct":0},"branches":{"total":2,"covered":0,"skipped":0,"pct":0}}
,"C:\\Users\\hp\\Desktop\\KAYAD-main\\backend\\models\\DealerTrustScore.js": {"lines":{"total":4,"covered":0,"skipped":0,"pct":0},"functions":{"total":0,"covered":0,"skipped":0,"pct":100},"statements":{"total":4,"covered":0,"skipped":0,"pct":0},"branches":{"total":2,"covered":0,"skipped":0,"pct":0}}
,"C:\\Users\\hp\\Desktop\\KAYAD-main\\backend\\models\\DealerVerification.js": {"lines":{"total":72,"covered":0,"skipped":0,"pct":0},"functions":{"total":11,"covered":0,"skipped":0,"pct":0},"statements":{"total":84,"covered":0,"skipped":0,"pct":0},"branches":{"total":55,"covered":0,"skipped":0,"pct":0}}
,"C:\\Users\\hp\\Desktop\\KAYAD-main\\backend\\models\\DemandSignals.js": {"lines":{"total":61,"covered":0,"skipped":0,"pct":0},"functions":{"total":11,"covered":0,"skipped":0,"pct":0},"statements":{"total":64,"covered":0,"skipped":0,"pct":0},"branches":{"total":27,"covered":0,"skipped":0,"pct":0}}
,"C:\\Users\\hp\\Desktop\\KAYAD-main\\backend\\models\\Department.js": {"lines":{"total":53,"covered":0,"skipped":0,"pct":0},"functions":{"total":15,"covered":0,"skipped":0,"pct":0},"statements":{"total":56,"covered":0,"skipped":0,"pct":0},"branches":{"total":18,"covered":0,"skipped":0,"pct":0}}
,"C:\\Users\\hp\\Desktop\\KAYAD-main\\backend\\models\\Dispute.js": {"lines":{"total":6,"covered":0,"skipped":0,"pct":0},"functions":{"total":0,"covered":0,"skipped":0,"pct":100},"statements":{"total":6,"covered":0,"skipped":0,"pct":0},"branches":{"total":2,"covered":0,"skipped":0,"pct":0}}
,"C:\\Users\\hp\\Desktop\\KAYAD-main\\backend\\models\\DuplicateVehicleLog.js": {"lines":{"total":25,"covered":0,"skipped":0,"pct":0},"functions":{"total":3,"covered":0,"skipped":0,"pct":0},"statements":{"total":25,"covered":0,"skipped":0,"pct":0},"branches":{"total":4,"covered":0,"skipped":0,"pct":0}}
,"C:\\Users\\hp\\Desktop\\KAYAD-main\\backend\\models\\Escrow.js": {"lines":{"total":153,"covered":0,"skipped":0,"pct":0},"functions":{"total":32,"covered":0,"skipped":0,"pct":0},"statements":{"total":161,"covered":0,"skipped":0,"pct":0},"branches":{"total":70,"covered":0,"skipped":0,"pct":0}}
,"C:\\Users\\hp\\Desktop\\KAYAD-main\\backend\\models\\EscrowAudit.js": {"lines":{"total":29,"covered":0,"skipped":0,"pct":0},"functions":{"total":9,"covered":0,"skipped":0,"pct":0},"statements":{"total":29,"covered":0,"skipped":0,"pct":0},"branches":{"total":4,"covered":0,"skipped":0,"pct":0}}
,"C:\\Users\\hp\\Desktop\\KAYAD-main\\backend\\models\\EscrowVault.js": {"lines":{"total":4,"covered":0,"skipped":0,"pct":0},"functions":{"total":0,"covered":0,"skipped":0,"pct":100},"statements":{"total":4,"covered":0,"skipped":0,"pct":0},"branches":{"total":4,"covered":0,"skipped":0,"pct":0}}
,"C:\\Users\\hp\\Desktop\\KAYAD-main\\backend\\models\\Event.js": {"lines":{"total":6,"covered":0,"skipped":0,"pct":0},"functions":{"total":0,"covered":0,"skipped":0,"pct":100},"statements":{"total":6,"covered":0,"skipped":0,"pct":0},"branches":{"total":2,"covered":0,"skipped":0,"pct":0}}
,"C:\\Users\\hp\\Desktop\\KAYAD-main\\backend\\models\\Favorite.js": {"lines":{"total":22,"covered":0,"skipped":0,"pct":0},"functions":{"total":5,"covered":0,"skipped":0,"pct":0},"statements":{"total":22,"covered":0,"skipped":0,"pct":0},"branches":{"total":8,"covered":0,"skipped":0,"pct":0}}
,"C:\\Users\\hp\\Desktop\\KAYAD-main\\backend\\models\\FeatureFlag.js": {"lines":{"total":77,"covered":0,"skipped":0,"pct":0},"functions":{"total":12,"covered":0,"skipped":0,"pct":0},"statements":{"total":77,"covered":0,"skipped":0,"pct":0},"branches":{"total":50,"covered":0,"skipped":0,"pct":0}}
,"C:\\Users\\hp\\Desktop\\KAYAD-main\\backend\\models\\FraudDetection.js": {"lines":{"total":5,"covered":0,"skipped":0,"pct":0},"functions":{"total":0,"covered":0,"skipped":0,"pct":100},"statements":{"total":5,"covered":0,"skipped":0,"pct":0},"branches":{"total":2,"covered":0,"skipped":0,"pct":0}}
,"C:\\Users\\hp\\Desktop\\KAYAD-main\\backend\\models\\GlobalSettings.js": {"lines":{"total":1,"covered":0,"skipped":0,"pct":0},"functions":{"total":0,"covered":0,"skipped":0,"pct":100},"statements":{"total":1,"covered":0,"skipped":0,"pct":0},"branches":{"total":0,"covered":0,"skipped":0,"pct":100}}
,"C:\\Users\\hp\\Desktop\\KAYAD-main\\backend\\models\\IdempotencyKey.js": {"lines":{"total":20,"covered":0,"skipped":0,"pct":0},"functions":{"total":4,"covered":0,"skipped":0,"pct":0},"statements":{"total":21,"covered":0,"skipped":0,"pct":0},"branches":{"total":4,"covered":0,"skipped":0,"pct":0}}
,"C:\\Users\\hp\\Desktop\\KAYAD-main\\backend\\models\\InspectionOrder.js": {"lines":{"total":6,"covered":0,"skipped":0,"pct":0},"functions":{"total":0,"covered":0,"skipped":0,"pct":100},"statements":{"total":6,"covered":0,"skipped":0,"pct":0},"branches":{"total":2,"covered":0,"skipped":0,"pct":0}}
,"C:\\Users\\hp\\Desktop\\KAYAD-main\\backend\\models\\InspectorApplication.js": {"lines":{"total":3,"covered":0,"skipped":0,"pct":0},"functions":{"total":0,"covered":0,"skipped":0,"pct":100},"statements":{"total":3,"covered":0,"skipped":0,"pct":0},"branches":{"total":0,"covered":0,"skipped":0,"pct":100}}
,"C:\\Users\\hp\\Desktop\\KAYAD-main\\backend\\models\\JobFailure.js": {"lines":{"total":36,"covered":0,"skipped":0,"pct":0},"functions":{"total":5,"covered":0,"skipped":0,"pct":0},"statements":{"total":36,"covered":0,"skipped":0,"pct":0},"branches":{"total":14,"covered":0,"skipped":0,"pct":0}}
,"C:\\Users\\hp\\Desktop\\KAYAD-main\\backend\\models\\Lead.js": {"lines":{"total":88,"covered":0,"skipped":0,"pct":0},"functions":{"total":7,"covered":0,"skipped":0,"pct":0},"statements":{"total":88,"covered":0,"skipped":0,"pct":0},"branches":{"total":22,"covered":0,"skipped":0,"pct":0}}
,"C:\\Users\\hp\\Desktop\\KAYAD-main\\backend\\models\\LeadActivity.js": {"lines":{"total":9,"covered":0,"skipped":0,"pct":0},"functions":{"total":2,"covered":0,"skipped":0,"pct":0},"statements":{"total":9,"covered":0,"skipped":0,"pct":0},"branches":{"total":3,"covered":0,"skipped":0,"pct":0}}
,"C:\\Users\\hp\\Desktop\\KAYAD-main\\backend\\models\\ListingQuality.js": {"lines":{"total":127,"covered":0,"skipped":0,"pct":0},"functions":{"total":17,"covered":0,"skipped":0,"pct":0},"statements":{"total":146,"covered":0,"skipped":0,"pct":0},"branches":{"total":81,"covered":0,"skipped":0,"pct":0}}
,"C:\\Users\\hp\\Desktop\\KAYAD-main\\backend\\models\\MarketData.js": {"lines":{"total":3,"covered":0,"skipped":0,"pct":0},"functions":{"total":0,"covered":0,"skipped":0,"pct":100},"statements":{"total":3,"covered":0,"skipped":0,"pct":0},"branches":{"total":0,"covered":0,"skipped":0,"pct":100}}
,"C:\\Users\\hp\\Desktop\\KAYAD-main\\backend\\models\\MarketPricing.js": {"lines":{"total":65,"covered":0,"skipped":0,"pct":0},"functions":{"total":16,"covered":0,"skipped":0,"pct":0},"statements":{"total":74,"covered":0,"skipped":0,"pct":0},"branches":{"total":27,"covered":0,"skipped":0,"pct":0}}
,"C:\\Users\\hp\\Desktop\\KAYAD-main\\backend\\models\\MarketplaceHealth.js": {"lines":{"total":118,"covered":0,"skipped":0,"pct":0},"functions":{"total":14,"covered":0,"skipped":0,"pct":0},"statements":{"total":128,"covered":0,"skipped":0,"pct":0},"branches":{"total":72,"covered":0,"skipped":0,"pct":0}}
,"C:\\Users\\hp\\Desktop\\KAYAD-main\\backend\\models\\Message.js": {"lines":{"total":25,"covered":0,"skipped":0,"pct":0},"functions":{"total":6,"covered":0,"skipped":0,"pct":0},"statements":{"total":26,"covered":0,"skipped":0,"pct":0},"branches":{"total":4,"covered":0,"skipped":0,"pct":0}}
,"C:\\Users\\hp\\Desktop\\KAYAD-main\\backend\\models\\MileageImpact.js": {"lines":{"total":58,"covered":0,"skipped":0,"pct":0},"functions":{"total":20,"covered":0,"skipped":0,"pct":0},"statements":{"total":70,"covered":0,"skipped":0,"pct":0},"branches":{"total":34,"covered":0,"skipped":0,"pct":0}}
,"C:\\Users\\hp\\Desktop\\KAYAD-main\\backend\\models\\MpesaTransaction.js": {"lines":{"total":10,"covered":0,"skipped":0,"pct":0},"functions":{"total":2,"covered":0,"skipped":0,"pct":0},"statements":{"total":10,"covered":0,"skipped":0,"pct":0},"branches":{"total":2,"covered":0,"skipped":0,"pct":0}}
,"C:\\Users\\hp\\Desktop\\KAYAD-main\\backend\\models\\Notification.js": {"lines":{"total":21,"covered":0,"skipped":0,"pct":0},"functions":{"total":4,"covered":0,"skipped":0,"pct":0},"statements":{"total":21,"covered":0,"skipped":0,"pct":0},"branches":{"total":10,"covered":0,"skipped":0,"pct":0}}
,"C:\\Users\\hp\\Desktop\\KAYAD-main\\backend\\models\\NotificationAudit.js": {"lines":{"total":95,"covered":0,"skipped":0,"pct":0},"functions":{"total":23,"covered":0,"skipped":0,"pct":0},"statements":{"total":108,"covered":0,"skipped":0,"pct":0},"branches":{"total":58,"covered":0,"skipped":0,"pct":0}}
,"C:\\Users\\hp\\Desktop\\KAYAD-main\\backend\\models\\NtsaVerificationRequest.js": {"lines":{"total":3,"covered":0,"skipped":0,"pct":0},"functions":{"total":0,"covered":0,"skipped":0,"pct":100},"statements":{"total":3,"covered":0,"skipped":0,"pct":0},"branches":{"total":2,"covered":0,"skipped":0,"pct":0}}
,"C:\\Users\\hp\\Desktop\\KAYAD-main\\backend\\models\\Organization.js": {"lines":{"total":69,"covered":0,"skipped":0,"pct":0},"functions":{"total":19,"covered":0,"skipped":0,"pct":0},"statements":{"total":73,"covered":0,"skipped":0,"pct":0},"branches":{"total":18,"covered":0,"skipped":0,"pct":0}}
,"C:\\Users\\hp\\Desktop\\KAYAD-main\\backend\\models\\Payment.js": {"lines":{"total":58,"covered":0,"skipped":0,"pct":0},"functions":{"total":12,"covered":0,"skipped":0,"pct":0},"statements":{"total":64,"covered":0,"skipped":0,"pct":0},"branches":{"total":24,"covered":0,"skipped":0,"pct":0}}
,"C:\\Users\\hp\\Desktop\\KAYAD-main\\backend\\models\\PlatformConfig.js": {"lines":{"total":3,"covered":0,"skipped":0,"pct":0},"functions":{"total":0,"covered":0,"skipped":0,"pct":100},"statements":{"total":3,"covered":0,"skipped":0,"pct":0},"branches":{"total":2,"covered":0,"skipped":0,"pct":0}}
,"C:\\Users\\hp\\Desktop\\KAYAD-main\\backend\\models\\PlatformRevenue.js": {"lines":{"total":16,"covered":0,"skipped":0,"pct":0},"functions":{"total":4,"covered":0,"skipped":0,"pct":0},"statements":{"total":16,"covered":0,"skipped":0,"pct":0},"branches":{"total":2,"covered":0,"skipped":0,"pct":0}}
,"C:\\Users\\hp\\Desktop\\KAYAD-main\\backend\\models\\ProxyBid.js": {"lines":{"total":1,"covered":0,"skipped":0,"pct":0},"functions":{"total":0,"covered":0,"skipped":0,"pct":100},"statements":{"total":1,"covered":0,"skipped":0,"pct":0},"branches":{"total":0,"covered":0,"skipped":0,"pct":100}}
,"C:\\Users\\hp\\Desktop\\KAYAD-main\\backend\\models\\ReconciliationReport.js": {"lines":{"total":39,"covered":0,"skipped":0,"pct":0},"functions":{"total":9,"covered":0,"skipped":0,"pct":0},"statements":{"total":45,"covered":0,"skipped":0,"pct":0},"branches":{"total":18,"covered":0,"skipped":0,"pct":0}}
,"C:\\Users\\hp\\Desktop\\KAYAD-main\\backend\\models\\Referral.js": {"lines":{"total":2,"covered":0,"skipped":0,"pct":0},"functions":{"total":0,"covered":0,"skipped":0,"pct":100},"statements":{"total":2,"covered":0,"skipped":0,"pct":0},"branches":{"total":2,"covered":0,"skipped":0,"pct":0}}
,"C:\\Users\\hp\\Desktop\\KAYAD-main\\backend\\models\\RefreshToken.js": {"lines":{"total":16,"covered":0,"skipped":0,"pct":0},"functions":{"total":4,"covered":0,"skipped":0,"pct":0},"statements":{"total":16,"covered":0,"skipped":0,"pct":0},"branches":{"total":4,"covered":0,"skipped":0,"pct":0}}
,"C:\\Users\\hp\\Desktop\\KAYAD-main\\backend\\models\\Review.js": {"lines":{"total":26,"covered":0,"skipped":0,"pct":0},"functions":{"total":4,"covered":0,"skipped":0,"pct":0},"statements":{"total":27,"covered":0,"skipped":0,"pct":0},"branches":{"total":16,"covered":0,"skipped":0,"pct":0}}
,"C:\\Users\\hp\\Desktop\\KAYAD-main\\backend\\models\\Role.js": {"lines":{"total":47,"covered":0,"skipped":0,"pct":0},"functions":{"total":17,"covered":0,"skipped":0,"pct":0},"statements":{"total":55,"covered":0,"skipped":0,"pct":0},"branches":{"total":18,"covered":0,"skipped":0,"pct":0}}
,"C:\\Users\\hp\\Desktop\\KAYAD-main\\backend\\models\\SavedSearch.js": {"lines":{"total":3,"covered":0,"skipped":0,"pct":0},"functions":{"total":0,"covered":0,"skipped":0,"pct":100},"statements":{"total":3,"covered":0,"skipped":0,"pct":0},"branches":{"total":2,"covered":0,"skipped":0,"pct":0}}
,"C:\\Users\\hp\\Desktop\\KAYAD-main\\backend\\models\\SearchAnalytics.js": {"lines":{"total":87,"covered":0,"skipped":0,"pct":0},"functions":{"total":16,"covered":0,"skipped":0,"pct":0},"statements":{"total":90,"covered":0,"skipped":0,"pct":0},"branches":{"total":62,"covered":0,"skipped":0,"pct":0}}
,"C:\\Users\\hp\\Desktop\\KAYAD-main\\backend\\models\\SecurityLog.js": {"lines":{"total":8,"covered":0,"skipped":0,"pct":0},"functions":{"total":1,"covered":0,"skipped":0,"pct":0},"statements":{"total":8,"covered":0,"skipped":0,"pct":0},"branches":{"total":2,"covered":0,"skipped":0,"pct":0}}
,"C:\\Users\\hp\\Desktop\\KAYAD-main\\backend\\models\\SmsBidder.js": {"lines":{"total":1,"covered":0,"skipped":0,"pct":0},"functions":{"total":0,"covered":0,"skipped":0,"pct":100},"statements":{"total":1,"covered":0,"skipped":0,"pct":0},"branches":{"total":0,"covered":0,"skipped":0,"pct":100}}
,"C:\\Users\\hp\\Desktop\\KAYAD-main\\backend\\models\\Subscription.js": {"lines":{"total":4,"covered":0,"skipped":0,"pct":0},"functions":{"total":0,"covered":0,"skipped":0,"pct":100},"statements":{"total":4,"covered":0,"skipped":0,"pct":0},"branches":{"total":2,"covered":0,"skipped":0,"pct":0}}
,"C:\\Users\\hp\\Desktop\\KAYAD-main\\backend\\models\\SupportTicket.js": {"lines":{"total":12,"covered":0,"skipped":0,"pct":0},"functions":{"total":1,"covered":0,"skipped":0,"pct":0},"statements":{"total":12,"covered":0,"skipped":0,"pct":0},"branches":{"total":4,"covered":0,"skipped":0,"pct":0}}
,"C:\\Users\\hp\\Desktop\\KAYAD-main\\backend\\models\\Team.js": {"lines":{"total":65,"covered":0,"skipped":0,"pct":0},"functions":{"total":19,"covered":0,"skipped":0,"pct":0},"statements":{"total":70,"covered":0,"skipped":0,"pct":0},"branches":{"total":20,"covered":0,"skipped":0,"pct":0}}
,"C:\\Users\\hp\\Desktop\\KAYAD-main\\backend\\models\\Transaction.js": {"lines":{"total":4,"covered":0,"skipped":0,"pct":0},"functions":{"total":0,"covered":0,"skipped":0,"pct":100},"statements":{"total":4,"covered":0,"skipped":0,"pct":0},"branches":{"total":0,"covered":0,"skipped":0,"pct":100}}
,"C:\\Users\\hp\\Desktop\\KAYAD-main\\backend\\models\\User.js": {"lines":{"total":69,"covered":0,"skipped":0,"pct":0},"functions":{"total":7,"covered":0,"skipped":0,"pct":0},"statements":{"total":73,"covered":0,"skipped":0,"pct":0},"branches":{"total":26,"covered":0,"skipped":0,"pct":0}}
,"C:\\Users\\hp\\Desktop\\KAYAD-main\\backend\\models\\VehicleMarketAnalytics.js": {"lines":{"total":27,"covered":0,"skipped":0,"pct":0},"functions":{"total":5,"covered":0,"skipped":0,"pct":0},"statements":{"total":28,"covered":0,"skipped":0,"pct":0},"branches":{"total":5,"covered":0,"skipped":0,"pct":0}}
,"C:\\Users\\hp\\Desktop\\KAYAD-main\\backend\\models\\VehicleValuation.js": {"lines":{"total":71,"covered":0,"skipped":0,"pct":0},"functions":{"total":15,"covered":0,"skipped":0,"pct":0},"statements":{"total":81,"covered":0,"skipped":0,"pct":0},"branches":{"total":44,"covered":0,"skipped":0,"pct":0}}
,"C:\\Users\\hp\\Desktop\\KAYAD-main\\backend\\services\\abuse.service.js": {"lines":{"total":34,"covered":0,"skipped":0,"pct":0},"functions":{"total":2,"covered":0,"skipped":0,"pct":0},"statements":{"total":38,"covered":0,"skipped":0,"pct":0},"branches":{"total":20,"covered":0,"skipped":0,"pct":0}}
,"C:\\Users\\hp\\Desktop\\KAYAD-main\\backend\\services\\ai.service.js": {"lines":{"total":46,"covered":0,"skipped":0,"pct":0},"functions":{"total":5,"covered":0,"skipped":0,"pct":0},"statements":{"total":53,"covered":0,"skipped":0,"pct":0},"branches":{"total":28,"covered":0,"skipped":0,"pct":0}}
,"C:\\Users\\hp\\Desktop\\KAYAD-main\\backend\\services\\aiDealerHealthService.js": {"lines":{"total":142,"covered":0,"skipped":0,"pct":0},"functions":{"total":20,"covered":0,"skipped":0,"pct":0},"statements":{"total":155,"covered":0,"skipped":0,"pct":0},"branches":{"total":65,"covered":0,"skipped":0,"pct":0}}
,"C:\\Users\\hp\\Desktop\\KAYAD-main\\backend\\services\\aiDemandService.js": {"lines":{"total":83,"covered":0,"skipped":0,"pct":0},"functions":{"total":19,"covered":0,"skipped":0,"pct":0},"statements":{"total":91,"covered":0,"skipped":0,"pct":0},"branches":{"total":30,"covered":0,"skipped":0,"pct":0}}
,"C:\\Users\\hp\\Desktop\\KAYAD-main\\backend\\services\\aiEvaluationService.js": {"lines":{"total":144,"covered":0,"skipped":0,"pct":0},"functions":{"total":12,"covered":0,"skipped":0,"pct":0},"statements":{"total":170,"covered":0,"skipped":0,"pct":0},"branches":{"total":76,"covered":0,"skipped":0,"pct":0}}
,"C:\\Users\\hp\\Desktop\\KAYAD-main\\backend\\services\\aiFeatureFlagService.js": {"lines":{"total":67,"covered":0,"skipped":0,"pct":0},"functions":{"total":10,"covered":0,"skipped":0,"pct":0},"statements":{"total":68,"covered":0,"skipped":0,"pct":0},"branches":{"total":14,"covered":0,"skipped":0,"pct":0}}
,"C:\\Users\\hp\\Desktop\\KAYAD-main\\backend\\services\\aiFraudDetectionService.js": {"lines":{"total":94,"covered":0,"skipped":0,"pct":0},"functions":{"total":14,"covered":0,"skipped":0,"pct":0},"statements":{"total":95,"covered":0,"skipped":0,"pct":0},"branches":{"total":58,"covered":0,"skipped":0,"pct":0}}
,"C:\\Users\\hp\\Desktop\\KAYAD-main\\backend\\services\\aiLeadScoringService.js": {"lines":{"total":121,"covered":0,"skipped":0,"pct":0},"functions":{"total":11,"covered":0,"skipped":0,"pct":0},"statements":{"total":121,"covered":0,"skipped":0,"pct":0},"branches":{"total":82,"covered":0,"skipped":0,"pct":0}}
,"C:\\Users\\hp\\Desktop\\KAYAD-main\\backend\\services\\aiListingQualityService.js": {"lines":{"total":135,"covered":0,"skipped":0,"pct":0},"functions":{"total":17,"covered":0,"skipped":0,"pct":0},"statements":{"total":140,"covered":0,"skipped":0,"pct":0},"branches":{"total":68,"covered":0,"skipped":0,"pct":0}}
,"C:\\Users\\hp\\Desktop\\KAYAD-main\\backend\\services\\aiPricingService.js": {"lines":{"total":92,"covered":0,"skipped":0,"pct":0},"functions":{"total":16,"covered":0,"skipped":0,"pct":0},"statements":{"total":93,"covered":0,"skipped":0,"pct":0},"branches":{"total":42,"covered":0,"skipped":0,"pct":0}}
,"C:\\Users\\hp\\Desktop\\KAYAD-main\\backend\\services\\aiSupportService.js": {"lines":{"total":61,"covered":0,"skipped":0,"pct":0},"functions":{"total":17,"covered":0,"skipped":0,"pct":0},"statements":{"total":61,"covered":0,"skipped":0,"pct":0},"branches":{"total":25,"covered":0,"skipped":0,"pct":0}}
,"C:\\Users\\hp\\Desktop\\KAYAD-main\\backend\\services\\analytics.service.js": {"lines":{"total":12,"covered":0,"skipped":0,"pct":0},"functions":{"total":1,"covered":0,"skipped":0,"pct":0},"statements":{"total":12,"covered":0,"skipped":0,"pct":0},"branches":{"total":6,"covered":0,"skipped":0,"pct":0}}
,"C:\\Users\\hp\\Desktop\\KAYAD-main\\backend\\services\\auction.service.js": {"lines":{"total":68,"covered":0,"skipped":0,"pct":0},"functions":{"total":11,"covered":0,"skipped":0,"pct":0},"statements":{"total":78,"covered":0,"skipped":0,"pct":0},"branches":{"total":47,"covered":0,"skipped":0,"pct":0}}
,"C:\\Users\\hp\\Desktop\\KAYAD-main\\backend\\services\\auctionReminderCron.js": {"lines":{"total":54,"covered":0,"skipped":0,"pct":0},"functions":{"total":6,"covered":0,"skipped":0,"pct":0},"statements":{"total":57,"covered":0,"skipped":0,"pct":0},"branches":{"total":30,"covered":0,"skipped":0,"pct":0}}
,"C:\\Users\\hp\\Desktop\\KAYAD-main\\backend\\services\\auctionSync.service.js": {"lines":{"total":20,"covered":0,"skipped":0,"pct":0},"functions":{"total":3,"covered":0,"skipped":0,"pct":0},"statements":{"total":21,"covered":0,"skipped":0,"pct":0},"branches":{"total":6,"covered":0,"skipped":0,"pct":0}}
,"C:\\Users\\hp\\Desktop\\KAYAD-main\\backend\\services\\auditService.js": {"lines":{"total":49,"covered":0,"skipped":0,"pct":0},"functions":{"total":20,"covered":0,"skipped":0,"pct":0},"statements":{"total":49,"covered":0,"skipped":0,"pct":0},"branches":{"total":24,"covered":0,"skipped":0,"pct":0}}
,"C:\\Users\\hp\\Desktop\\KAYAD-main\\backend\\services\\autoBid.service.js": {"lines":{"total":36,"covered":0,"skipped":0,"pct":0},"functions":{"total":8,"covered":0,"skipped":0,"pct":0},"statements":{"total":41,"covered":0,"skipped":0,"pct":0},"branches":{"total":12,"covered":0,"skipped":0,"pct":0}}
,"C:\\Users\\hp\\Desktop\\KAYAD-main\\backend\\services\\backupService.js": {"lines":{"total":90,"covered":0,"skipped":0,"pct":0},"functions":{"total":8,"covered":0,"skipped":0,"pct":0},"statements":{"total":92,"covered":0,"skipped":0,"pct":0},"branches":{"total":36,"covered":0,"skipped":0,"pct":0}}
,"C:\\Users\\hp\\Desktop\\KAYAD-main\\backend\\services\\backupVerificationService.js": {"lines":{"total":83,"covered":0,"skipped":0,"pct":0},"functions":{"total":5,"covered":0,"skipped":0,"pct":0},"statements":{"total":83,"covered":0,"skipped":0,"pct":0},"branches":{"total":31,"covered":0,"skipped":0,"pct":0}}
,"C:\\Users\\hp\\Desktop\\KAYAD-main\\backend\\services\\bidSecurityService.js": {"lines":{"total":28,"covered":0,"skipped":0,"pct":0},"functions":{"total":2,"covered":0,"skipped":0,"pct":0},"statements":{"total":30,"covered":0,"skipped":0,"pct":0},"branches":{"total":25,"covered":0,"skipped":0,"pct":0}}
,"C:\\Users\\hp\\Desktop\\KAYAD-main\\backend\\services\\cacheService.js": {"lines":{"total":67,"covered":0,"skipped":0,"pct":0},"functions":{"total":16,"covered":0,"skipped":0,"pct":0},"statements":{"total":73,"covered":0,"skipped":0,"pct":0},"branches":{"total":29,"covered":0,"skipped":0,"pct":0}}
,"C:\\Users\\hp\\Desktop\\KAYAD-main\\backend\\services\\cardPaymentService.js": {"lines":{"total":93,"covered":0,"skipped":0,"pct":0},"functions":{"total":9,"covered":0,"skipped":0,"pct":0},"statements":{"total":93,"covered":0,"skipped":0,"pct":0},"branches":{"total":24,"covered":0,"skipped":0,"pct":0}}
,"C:\\Users\\hp\\Desktop\\KAYAD-main\\backend\\services\\contactShieldService.js": {"lines":{"total":57,"covered":0,"skipped":0,"pct":0},"functions":{"total":8,"covered":0,"skipped":0,"pct":0},"statements":{"total":57,"covered":0,"skipped":0,"pct":0},"branches":{"total":16,"covered":0,"skipped":0,"pct":0}}
,"C:\\Users\\hp\\Desktop\\KAYAD-main\\backend\\services\\costTrackingService.js": {"lines":{"total":107,"covered":0,"skipped":0,"pct":0},"functions":{"total":12,"covered":0,"skipped":0,"pct":0},"statements":{"total":110,"covered":0,"skipped":0,"pct":0},"branches":{"total":40,"covered":0,"skipped":0,"pct":0}}
,"C:\\Users\\hp\\Desktop\\KAYAD-main\\backend\\services\\dealerHealthScoreScheduler.js": {"lines":{"total":67,"covered":0,"skipped":0,"pct":0},"functions":{"total":7,"covered":0,"skipped":0,"pct":0},"statements":{"total":67,"covered":0,"skipped":0,"pct":0},"branches":{"total":15,"covered":0,"skipped":0,"pct":0}}
,"C:\\Users\\hp\\Desktop\\KAYAD-main\\backend\\services\\dealerHealthScoreService.js": {"lines":{"total":245,"covered":0,"skipped":0,"pct":0},"functions":{"total":39,"covered":0,"skipped":0,"pct":0},"statements":{"total":267,"covered":0,"skipped":0,"pct":0},"branches":{"total":88,"covered":0,"skipped":0,"pct":0}}
,"C:\\Users\\hp\\Desktop\\KAYAD-main\\backend\\services\\dealerTrustScoreService.js": {"lines":{"total":133,"covered":0,"skipped":0,"pct":0},"functions":{"total":14,"covered":0,"skipped":0,"pct":0},"statements":{"total":173,"covered":0,"skipped":0,"pct":0},"branches":{"total":98,"covered":0,"skipped":0,"pct":0}}
,"C:\\Users\\hp\\Desktop\\KAYAD-main\\backend\\services\\duplicateVehicleService.js": {"lines":{"total":197,"covered":0,"skipped":0,"pct":0},"functions":{"total":16,"covered":0,"skipped":0,"pct":0},"statements":{"total":201,"covered":0,"skipped":0,"pct":0},"branches":{"total":80,"covered":0,"skipped":0,"pct":0}}
,"C:\\Users\\hp\\Desktop\\KAYAD-main\\backend\\services\\email.service.js": {"lines":{"total":89,"covered":0,"skipped":0,"pct":0},"functions":{"total":28,"covered":0,"skipped":0,"pct":0},"statements":{"total":97,"covered":0,"skipped":0,"pct":0},"branches":{"total":80,"covered":0,"skipped":0,"pct":0}}
,"C:\\Users\\hp\\Desktop\\KAYAD-main\\backend\\services\\escrow.service.js": {"lines":{"total":63,"covered":0,"skipped":0,"pct":0},"functions":{"total":5,"covered":0,"skipped":0,"pct":0},"statements":{"total":66,"covered":0,"skipped":0,"pct":0},"branches":{"total":18,"covered":0,"skipped":0,"pct":0}}
,"C:\\Users\\hp\\Desktop\\KAYAD-main\\backend\\services\\escrowAuditService.js": {"lines":{"total":103,"covered":0,"skipped":0,"pct":0},"functions":{"total":14,"covered":0,"skipped":0,"pct":0},"statements":{"total":109,"covered":0,"skipped":0,"pct":0},"branches":{"total":55,"covered":0,"skipped":0,"pct":0}}
,"C:\\Users\\hp\\Desktop\\KAYAD-main\\backend\\services\\escrowCron.js": {"lines":{"total":59,"covered":0,"skipped":0,"pct":0},"functions":{"total":6,"covered":0,"skipped":0,"pct":0},"statements":{"total":61,"covered":0,"skipped":0,"pct":0},"branches":{"total":21,"covered":0,"skipped":0,"pct":0}}
,"C:\\Users\\hp\\Desktop\\KAYAD-main\\backend\\services\\eventTrackingService.js": {"lines":{"total":45,"covered":0,"skipped":0,"pct":0},"functions":{"total":16,"covered":0,"skipped":0,"pct":0},"statements":{"total":45,"covered":0,"skipped":0,"pct":0},"branches":{"total":10,"covered":0,"skipped":0,"pct":0}}
,"C:\\Users\\hp\\Desktop\\KAYAD-main\\backend\\services\\featureFlagService.js": {"lines":{"total":115,"covered":0,"skipped":0,"pct":0},"functions":{"total":15,"covered":0,"skipped":0,"pct":0},"statements":{"total":115,"covered":0,"skipped":0,"pct":0},"branches":{"total":22,"covered":0,"skipped":0,"pct":0}}
,"C:\\Users\\hp\\Desktop\\KAYAD-main\\backend\\services\\fraud.service.js": {"lines":{"total":52,"covered":0,"skipped":0,"pct":0},"functions":{"total":4,"covered":0,"skipped":0,"pct":0},"statements":{"total":55,"covered":0,"skipped":0,"pct":0},"branches":{"total":58,"covered":0,"skipped":0,"pct":0}}
,"C:\\Users\\hp\\Desktop\\KAYAD-main\\backend\\services\\fraudDetectionService.js": {"lines":{"total":183,"covered":0,"skipped":0,"pct":0},"functions":{"total":38,"covered":0,"skipped":0,"pct":0},"statements":{"total":197,"covered":0,"skipped":0,"pct":0},"branches":{"total":78,"covered":0,"skipped":0,"pct":0}}
,"C:\\Users\\hp\\Desktop\\KAYAD-main\\backend\\services\\imageMigrationService.js": {"lines":{"total":60,"covered":0,"skipped":0,"pct":0},"functions":{"total":5,"covered":0,"skipped":0,"pct":0},"statements":{"total":61,"covered":0,"skipped":0,"pct":0},"branches":{"total":34,"covered":0,"skipped":0,"pct":0}}
,"C:\\Users\\hp\\Desktop\\KAYAD-main\\backend\\services\\imageProcessingService.js": {"lines":{"total":89,"covered":0,"skipped":0,"pct":0},"functions":{"total":7,"covered":0,"skipped":0,"pct":0},"statements":{"total":91,"covered":0,"skipped":0,"pct":0},"branches":{"total":35,"covered":0,"skipped":0,"pct":0}}
,"C:\\Users\\hp\\Desktop\\KAYAD-main\\backend\\services\\leadService.js": {"lines":{"total":148,"covered":0,"skipped":0,"pct":0},"functions":{"total":16,"covered":0,"skipped":0,"pct":0},"statements":{"total":150,"covered":0,"skipped":0,"pct":0},"branches":{"total":37,"covered":0,"skipped":0,"pct":0}}
,"C:\\Users\\hp\\Desktop\\KAYAD-main\\backend\\services\\leadTimelineService.js": {"lines":{"total":36,"covered":0,"skipped":0,"pct":0},"functions":{"total":7,"covered":0,"skipped":0,"pct":0},"statements":{"total":36,"covered":0,"skipped":0,"pct":0},"branches":{"total":7,"covered":0,"skipped":0,"pct":0}}
,"C:\\Users\\hp\\Desktop\\KAYAD-main\\backend\\services\\listingAssistantService.js": {"lines":{"total":78,"covered":0,"skipped":0,"pct":0},"functions":{"total":14,"covered":0,"skipped":0,"pct":0},"statements":{"total":96,"covered":0,"skipped":0,"pct":0},"branches":{"total":59,"covered":0,"skipped":0,"pct":0}}
,"C:\\Users\\hp\\Desktop\\KAYAD-main\\backend\\services\\listingQualityService.js": {"lines":{"total":103,"covered":0,"skipped":0,"pct":0},"functions":{"total":23,"covered":0,"skipped":0,"pct":0},"statements":{"total":108,"covered":0,"skipped":0,"pct":0},"branches":{"total":15,"covered":0,"skipped":0,"pct":0}}
,"C:\\Users\\hp\\Desktop\\KAYAD-main\\backend\\services\\marketIntel.service.js": {"lines":{"total":50,"covered":0,"skipped":0,"pct":0},"functions":{"total":10,"covered":0,"skipped":0,"pct":0},"statements":{"total":58,"covered":0,"skipped":0,"pct":0},"branches":{"total":64,"covered":0,"skipped":0,"pct":0}}
,"C:\\Users\\hp\\Desktop\\KAYAD-main\\backend\\services\\marketTrendScheduler.js": {"lines":{"total":96,"covered":0,"skipped":0,"pct":0},"functions":{"total":9,"covered":0,"skipped":0,"pct":0},"statements":{"total":96,"covered":0,"skipped":0,"pct":0},"branches":{"total":9,"covered":0,"skipped":0,"pct":0}}
,"C:\\Users\\hp\\Desktop\\KAYAD-main\\backend\\services\\marketplaceHealthScheduler.js": {"lines":{"total":77,"covered":0,"skipped":0,"pct":0},"functions":{"total":9,"covered":0,"skipped":0,"pct":0},"statements":{"total":77,"covered":0,"skipped":0,"pct":0},"branches":{"total":9,"covered":0,"skipped":0,"pct":0}}
,"C:\\Users\\hp\\Desktop\\KAYAD-main\\backend\\services\\marketplaceHealthService.js": {"lines":{"total":115,"covered":0,"skipped":0,"pct":0},"functions":{"total":12,"covered":0,"skipped":0,"pct":0},"statements":{"total":116,"covered":0,"skipped":0,"pct":0},"branches":{"total":24,"covered":0,"skipped":0,"pct":0}}
,"C:\\Users\\hp\\Desktop\\KAYAD-main\\backend\\services\\media.service.js": {"lines":{"total":10,"covered":0,"skipped":0,"pct":0},"functions":{"total":1,"covered":0,"skipped":0,"pct":0},"statements":{"total":10,"covered":0,"skipped":0,"pct":0},"branches":{"total":7,"covered":0,"skipped":0,"pct":0}}
,"C:\\Users\\hp\\Desktop\\KAYAD-main\\backend\\services\\mpesaB2C.service.js": {"lines":{"total":40,"covered":0,"skipped":0,"pct":0},"functions":{"total":3,"covered":0,"skipped":0,"pct":0},"statements":{"total":42,"covered":0,"skipped":0,"pct":0},"branches":{"total":40,"covered":0,"skipped":0,"pct":0}}
,"C:\\Users\\hp\\Desktop\\KAYAD-main\\backend\\services\\mpesaService.js": {"lines":{"total":89,"covered":0,"skipped":0,"pct":0},"functions":{"total":12,"covered":0,"skipped":0,"pct":0},"statements":{"total":95,"covered":0,"skipped":0,"pct":0},"branches":{"total":46,"covered":0,"skipped":0,"pct":0}}
,"C:\\Users\\hp\\Desktop\\KAYAD-main\\backend\\services\\notification.service.js": {"lines":{"total":23,"covered":0,"skipped":0,"pct":0},"functions":{"total":4,"covered":0,"skipped":0,"pct":0},"statements":{"total":24,"covered":0,"skipped":0,"pct":0},"branches":{"total":17,"covered":0,"skipped":0,"pct":0}}
,"C:\\Users\\hp\\Desktop\\KAYAD-main\\backend\\services\\notificationAnalyticsService.js": {"lines":{"total":88,"covered":0,"skipped":0,"pct":0},"functions":{"total":13,"covered":0,"skipped":0,"pct":0},"statements":{"total":90,"covered":0,"skipped":0,"pct":0},"branches":{"total":32,"covered":0,"skipped":0,"pct":0}}
,"C:\\Users\\hp\\Desktop\\KAYAD-main\\backend\\services\\notificationRetryService.js": {"lines":{"total":78,"covered":0,"skipped":0,"pct":0},"functions":{"total":11,"covered":0,"skipped":0,"pct":0},"statements":{"total":82,"covered":0,"skipped":0,"pct":0},"branches":{"total":15,"covered":0,"skipped":0,"pct":0}}
,"C:\\Users\\hp\\Desktop\\KAYAD-main\\backend\\services\\notificationService.js": {"lines":{"total":56,"covered":0,"skipped":0,"pct":0},"functions":{"total":15,"covered":0,"skipped":0,"pct":0},"statements":{"total":57,"covered":0,"skipped":0,"pct":0},"branches":{"total":27,"covered":0,"skipped":0,"pct":0}}
,"C:\\Users\\hp\\Desktop\\KAYAD-main\\backend\\services\\organizationService.js": {"lines":{"total":138,"covered":0,"skipped":0,"pct":0},"functions":{"total":18,"covered":0,"skipped":0,"pct":0},"statements":{"total":141,"covered":0,"skipped":0,"pct":0},"branches":{"total":22,"covered":0,"skipped":0,"pct":0}}
,"C:\\Users\\hp\\Desktop\\KAYAD-main\\backend\\services\\otpService.js": {"lines":{"total":45,"covered":0,"skipped":0,"pct":0},"functions":{"total":9,"covered":0,"skipped":0,"pct":0},"statements":{"total":53,"covered":0,"skipped":0,"pct":0},"branches":{"total":27,"covered":0,"skipped":0,"pct":0}}
,"C:\\Users\\hp\\Desktop\\KAYAD-main\\backend\\services\\paymentCallback.service.js": {"lines":{"total":105,"covered":0,"skipped":0,"pct":0},"functions":{"total":8,"covered":0,"skipped":0,"pct":0},"statements":{"total":112,"covered":0,"skipped":0,"pct":0},"branches":{"total":68,"covered":0,"skipped":0,"pct":0}}
,"C:\\Users\\hp\\Desktop\\KAYAD-main\\backend\\services\\paymentService.js": {"lines":{"total":92,"covered":0,"skipped":0,"pct":0},"functions":{"total":9,"covered":0,"skipped":0,"pct":0},"statements":{"total":101,"covered":0,"skipped":0,"pct":0},"branches":{"total":66,"covered":0,"skipped":0,"pct":0}}
,"C:\\Users\\hp\\Desktop\\KAYAD-main\\backend\\services\\pdfService.js": {"lines":{"total":47,"covered":0,"skipped":0,"pct":0},"functions":{"total":6,"covered":0,"skipped":0,"pct":0},"statements":{"total":49,"covered":0,"skipped":0,"pct":0},"branches":{"total":16,"covered":0,"skipped":0,"pct":0}}
,"C:\\Users\\hp\\Desktop\\KAYAD-main\\backend\\services\\priceAlertCron.js": {"lines":{"total":19,"covered":0,"skipped":0,"pct":0},"functions":{"total":2,"covered":0,"skipped":0,"pct":0},"statements":{"total":20,"covered":0,"skipped":0,"pct":0},"branches":{"total":15,"covered":0,"skipped":0,"pct":0}}
,"C:\\Users\\hp\\Desktop\\KAYAD-main\\backend\\services\\priceEstimator.js": {"lines":{"total":9,"covered":0,"skipped":0,"pct":0},"functions":{"total":2,"covered":0,"skipped":0,"pct":0},"statements":{"total":14,"covered":0,"skipped":0,"pct":0},"branches":{"total":8,"covered":0,"skipped":0,"pct":0}}
,"C:\\Users\\hp\\Desktop\\KAYAD-main\\backend\\services\\queueMetricsService.js": {"lines":{"total":103,"covered":0,"skipped":0,"pct":0},"functions":{"total":14,"covered":0,"skipped":0,"pct":0},"statements":{"total":109,"covered":0,"skipped":0,"pct":0},"branches":{"total":57,"covered":0,"skipped":0,"pct":0}}
,"C:\\Users\\hp\\Desktop\\KAYAD-main\\backend\\services\\queueService.js": {"lines":{"total":134,"covered":0,"skipped":0,"pct":0},"functions":{"total":23,"covered":0,"skipped":0,"pct":0},"statements":{"total":134,"covered":0,"skipped":0,"pct":0},"branches":{"total":31,"covered":0,"skipped":0,"pct":0}}
,"C:\\Users\\hp\\Desktop\\KAYAD-main\\backend\\services\\receiptService.js": {"lines":{"total":22,"covered":0,"skipped":0,"pct":0},"functions":{"total":2,"covered":0,"skipped":0,"pct":0},"statements":{"total":22,"covered":0,"skipped":0,"pct":0},"branches":{"total":19,"covered":0,"skipped":0,"pct":0}}
,"C:\\Users\\hp\\Desktop\\KAYAD-main\\backend\\services\\recommendation.service.js": {"lines":{"total":11,"covered":0,"skipped":0,"pct":0},"functions":{"total":4,"covered":0,"skipped":0,"pct":0},"statements":{"total":13,"covered":0,"skipped":0,"pct":0},"branches":{"total":7,"covered":0,"skipped":0,"pct":0}}
,"C:\\Users\\hp\\Desktop\\KAYAD-main\\backend\\services\\recommendationService.js": {"lines":{"total":113,"covered":0,"skipped":0,"pct":0},"functions":{"total":19,"covered":0,"skipped":0,"pct":0},"statements":{"total":134,"covered":0,"skipped":0,"pct":0},"branches":{"total":74,"covered":0,"skipped":0,"pct":0}}
,"C:\\Users\\hp\\Desktop\\KAYAD-main\\backend\\services\\reconciliationCron.js": {"lines":{"total":39,"covered":0,"skipped":0,"pct":0},"functions":{"total":5,"covered":0,"skipped":0,"pct":0},"statements":{"total":39,"covered":0,"skipped":0,"pct":0},"branches":{"total":10,"covered":0,"skipped":0,"pct":0}}
,"C:\\Users\\hp\\Desktop\\KAYAD-main\\backend\\services\\reconciliationService.js": {"lines":{"total":358,"covered":0,"skipped":0,"pct":0},"functions":{"total":21,"covered":0,"skipped":0,"pct":0},"statements":{"total":360,"covered":0,"skipped":0,"pct":0},"branches":{"total":100,"covered":0,"skipped":0,"pct":0}}
,"C:\\Users\\hp\\Desktop\\KAYAD-main\\backend\\services\\redisCacheService.js": {"lines":{"total":153,"covered":0,"skipped":0,"pct":0},"functions":{"total":24,"covered":0,"skipped":0,"pct":0},"statements":{"total":160,"covered":0,"skipped":0,"pct":0},"branches":{"total":22,"covered":0,"skipped":0,"pct":0}}
,"C:\\Users\\hp\\Desktop\\KAYAD-main\\backend\\services\\resilienceService.js": {"lines":{"total":97,"covered":0,"skipped":0,"pct":0},"functions":{"total":23,"covered":0,"skipped":0,"pct":0},"statements":{"total":99,"covered":0,"skipped":0,"pct":0},"branches":{"total":50,"covered":0,"skipped":0,"pct":0}}
,"C:\\Users\\hp\\Desktop\\KAYAD-main\\backend\\services\\revenue.service.js": {"lines":{"total":8,"covered":0,"skipped":0,"pct":0},"functions":{"total":1,"covered":0,"skipped":0,"pct":0},"statements":{"total":10,"covered":0,"skipped":0,"pct":0},"branches":{"total":13,"covered":0,"skipped":0,"pct":0}}
,"C:\\Users\\hp\\Desktop\\KAYAD-main\\backend\\services\\savedSearchCron.js": {"lines":{"total":54,"covered":0,"skipped":0,"pct":0},"functions":{"total":9,"covered":0,"skipped":0,"pct":0},"statements":{"total":77,"covered":0,"skipped":0,"pct":0},"branches":{"total":110,"covered":0,"skipped":0,"pct":0}}
,"C:\\Users\\hp\\Desktop\\KAYAD-main\\backend\\services\\search.service.js": {"lines":{"total":27,"covered":0,"skipped":0,"pct":0},"functions":{"total":2,"covered":0,"skipped":0,"pct":0},"statements":{"total":35,"covered":0,"skipped":0,"pct":0},"branches":{"total":37,"covered":0,"skipped":0,"pct":0}}
,"C:\\Users\\hp\\Desktop\\KAYAD-main\\backend\\services\\searchConversionService.js": {"lines":{"total":47,"covered":0,"skipped":0,"pct":0},"functions":{"total":8,"covered":0,"skipped":0,"pct":0},"statements":{"total":50,"covered":0,"skipped":0,"pct":0},"branches":{"total":28,"covered":0,"skipped":0,"pct":0}}
,"C:\\Users\\hp\\Desktop\\KAYAD-main\\backend\\services\\searchInsightsService.js": {"lines":{"total":113,"covered":0,"skipped":0,"pct":0},"functions":{"total":17,"covered":0,"skipped":0,"pct":0},"statements":{"total":125,"covered":0,"skipped":0,"pct":0},"branches":{"total":72,"covered":0,"skipped":0,"pct":0}}
,"C:\\Users\\hp\\Desktop\\KAYAD-main\\backend\\services\\searchIntelligenceService.js": {"lines":{"total":169,"covered":0,"skipped":0,"pct":0},"functions":{"total":33,"covered":0,"skipped":0,"pct":0},"statements":{"total":201,"covered":0,"skipped":0,"pct":0},"branches":{"total":104,"covered":0,"skipped":0,"pct":0}}
,"C:\\Users\\hp\\Desktop\\KAYAD-main\\backend\\services\\searchRankingService.js": {"lines":{"total":114,"covered":0,"skipped":0,"pct":0},"functions":{"total":14,"covered":0,"skipped":0,"pct":0},"statements":{"total":150,"covered":0,"skipped":0,"pct":0},"branches":{"total":111,"covered":0,"skipped":0,"pct":0}}
,"C:\\Users\\hp\\Desktop\\KAYAD-main\\backend\\services\\serviceFallback.js": {"lines":{"total":57,"covered":0,"skipped":0,"pct":0},"functions":{"total":12,"covered":0,"skipped":0,"pct":0},"statements":{"total":60,"covered":0,"skipped":0,"pct":0},"branches":{"total":24,"covered":0,"skipped":0,"pct":0}}
,"C:\\Users\\hp\\Desktop\\KAYAD-main\\backend\\services\\sitemapService.js": {"lines":{"total":33,"covered":0,"skipped":0,"pct":0},"functions":{"total":11,"covered":0,"skipped":0,"pct":0},"statements":{"total":36,"covered":0,"skipped":0,"pct":0},"branches":{"total":6,"covered":0,"skipped":0,"pct":0}}
,"C:\\Users\\hp\\Desktop\\KAYAD-main\\backend\\services\\sms.service.js": {"lines":{"total":34,"covered":0,"skipped":0,"pct":0},"functions":{"total":17,"covered":0,"skipped":0,"pct":0},"statements":{"total":42,"covered":0,"skipped":0,"pct":0},"branches":{"total":20,"covered":0,"skipped":0,"pct":0}}
,"C:\\Users\\hp\\Desktop\\KAYAD-main\\backend\\services\\tenantIsolationAudit.js": {"lines":{"total":95,"covered":0,"skipped":0,"pct":0},"functions":{"total":14,"covered":0,"skipped":0,"pct":0},"statements":{"total":101,"covered":0,"skipped":0,"pct":0},"branches":{"total":14,"covered":0,"skipped":0,"pct":0}}
,"C:\\Users\\hp\\Desktop\\KAYAD-main\\backend\\services\\vehicleAnalyticsService.js": {"lines":{"total":186,"covered":0,"skipped":0,"pct":0},"functions":{"total":41,"covered":0,"skipped":0,"pct":0},"statements":{"total":204,"covered":0,"skipped":0,"pct":0},"branches":{"total":89,"covered":0,"skipped":0,"pct":0}}
,"C:\\Users\\hp\\Desktop\\KAYAD-main\\backend\\services\\vehicleValuationService.js": {"lines":{"total":153,"covered":0,"skipped":0,"pct":0},"functions":{"total":12,"covered":0,"skipped":0,"pct":0},"statements":{"total":165,"covered":0,"skipped":0,"pct":0},"branches":{"total":85,"covered":0,"skipped":0,"pct":0}}
,"C:\\Users\\hp\\Desktop\\KAYAD-main\\backend\\utils\\AppError.js": {"lines":{"total":13,"covered":0,"skipped":0,"pct":0},"functions":{"total":9,"covered":0,"skipped":0,"pct":0},"statements":{"total":13,"covered":0,"skipped":0,"pct":0},"branches":{"total":20,"covered":0,"skipped":0,"pct":0}}
,"C:\\Users\\hp\\Desktop\\KAYAD-main\\backend\\utils\\alerts.js": {"lines":{"total":20,"covered":0,"skipped":0,"pct":0},"functions":{"total":2,"covered":0,"skipped":0,"pct":0},"statements":{"total":20,"covered":0,"skipped":0,"pct":0},"branches":{"total":12,"covered":0,"skipped":0,"pct":0}}
,"C:\\Users\\hp\\Desktop\\KAYAD-main\\backend\\utils\\auctionTimer.js": {"lines":{"total":21,"covered":0,"skipped":0,"pct":0},"functions":{"total":2,"covered":0,"skipped":0,"pct":0},"statements":{"total":22,"covered":0,"skipped":0,"pct":0},"branches":{"total":6,"covered":0,"skipped":0,"pct":0}}
,"C:\\Users\\hp\\Desktop\\KAYAD-main\\backend\\utils\\cache.js": {"lines":{"total":75,"covered":0,"skipped":0,"pct":0},"functions":{"total":13,"covered":0,"skipped":0,"pct":0},"statements":{"total":80,"covered":0,"skipped":0,"pct":0},"branches":{"total":49,"covered":0,"skipped":0,"pct":0}}
,"C:\\Users\\hp\\Desktop\\KAYAD-main\\backend\\utils\\cacheStrategy.js": {"lines":{"total":143,"covered":0,"skipped":0,"pct":0},"functions":{"total":26,"covered":0,"skipped":0,"pct":0},"statements":{"total":143,"covered":0,"skipped":0,"pct":0},"branches":{"total":20,"covered":0,"skipped":0,"pct":0}}
,"C:\\Users\\hp\\Desktop\\KAYAD-main\\backend\\utils\\cdnIntegration.js": {"lines":{"total":113,"covered":0,"skipped":0,"pct":0},"functions":{"total":17,"covered":0,"skipped":0,"pct":0},"statements":{"total":114,"covered":0,"skipped":0,"pct":0},"branches":{"total":15,"covered":0,"skipped":0,"pct":0}}
,"C:\\Users\\hp\\Desktop\\KAYAD-main\\backend\\utils\\constants.js": {"lines":{"total":9,"covered":0,"skipped":0,"pct":0},"functions":{"total":0,"covered":0,"skipped":0,"pct":100},"statements":{"total":9,"covered":0,"skipped":0,"pct":0},"branches":{"total":0,"covered":0,"skipped":0,"pct":100}}
,"C:\\Users\\hp\\Desktop\\KAYAD-main\\backend\\utils\\env.js": {"lines":{"total":46,"covered":0,"skipped":0,"pct":0},"functions":{"total":4,"covered":0,"skipped":0,"pct":0},"statements":{"total":48,"covered":0,"skipped":0,"pct":0},"branches":{"total":35,"covered":0,"skipped":0,"pct":0}}
,"C:\\Users\\hp\\Desktop\\KAYAD-main\\backend\\utils\\envValidation.js": {"lines":{"total":43,"covered":0,"skipped":0,"pct":0},"functions":{"total":3,"covered":0,"skipped":0,"pct":0},"statements":{"total":43,"covered":0,"skipped":0,"pct":0},"branches":{"total":32,"covered":0,"skipped":0,"pct":0}}
,"C:\\Users\\hp\\Desktop\\KAYAD-main\\backend\\utils\\format.js": {"lines":{"total":21,"covered":0,"skipped":0,"pct":0},"functions":{"total":4,"covered":0,"skipped":0,"pct":0},"statements":{"total":29,"covered":0,"skipped":0,"pct":0},"branches":{"total":18,"covered":0,"skipped":0,"pct":0}}
,"C:\\Users\\hp\\Desktop\\KAYAD-main\\backend\\utils\\generateToken.js": {"lines":{"total":15,"covered":0,"skipped":0,"pct":0},"functions":{"total":5,"covered":0,"skipped":0,"pct":0},"statements":{"total":16,"covered":0,"skipped":0,"pct":0},"branches":{"total":24,"covered":0,"skipped":0,"pct":0}}
,"C:\\Users\\hp\\Desktop\\KAYAD-main\\backend\\utils\\healthCheck.js": {"lines":{"total":46,"covered":0,"skipped":0,"pct":0},"functions":{"total":8,"covered":0,"skipped":0,"pct":0},"statements":{"total":51,"covered":0,"skipped":0,"pct":0},"branches":{"total":32,"covered":0,"skipped":0,"pct":0}}
,"C:\\Users\\hp\\Desktop\\KAYAD-main\\backend\\utils\\helpers.js": {"lines":{"total":16,"covered":0,"skipped":0,"pct":0},"functions":{"total":4,"covered":0,"skipped":0,"pct":0},"statements":{"total":18,"covered":0,"skipped":0,"pct":0},"branches":{"total":5,"covered":0,"skipped":0,"pct":0}}
,"C:\\Users\\hp\\Desktop\\KAYAD-main\\backend\\utils\\imageOptimizer.js": {"lines":{"total":117,"covered":0,"skipped":0,"pct":0},"functions":{"total":13,"covered":0,"skipped":0,"pct":0},"statements":{"total":117,"covered":0,"skipped":0,"pct":0},"branches":{"total":35,"covered":0,"skipped":0,"pct":0}}
,"C:\\Users\\hp\\Desktop\\KAYAD-main\\backend\\utils\\io.js": {"lines":{"total":4,"covered":0,"skipped":0,"pct":0},"functions":{"total":2,"covered":0,"skipped":0,"pct":0},"statements":{"total":5,"covered":0,"skipped":0,"pct":0},"branches":{"total":0,"covered":0,"skipped":0,"pct":100}}
,"C:\\Users\\hp\\Desktop\\KAYAD-main\\backend\\utils\\logger.js": {"lines":{"total":0,"covered":0,"skipped":0,"pct":0},"functions":{"total":0,"covered":0,"skipped":0,"pct":0},"statements":{"total":0,"covered":0,"skipped":0,"pct":0},"branches":{"total":0,"covered":0,"skipped":0,"pct":0}}
,"C:\\Users\\hp\\Desktop\\KAYAD-main\\backend\\utils\\pagination.js": {"lines":{"total":8,"covered":0,"skipped":0,"pct":0},"functions":{"total":2,"covered":0,"skipped":0,"pct":0},"statements":{"total":8,"covered":0,"skipped":0,"pct":0},"branches":{"total":4,"covered":0,"skipped":0,"pct":0}}
,"C:\\Users\\hp\\Desktop\\KAYAD-main\\backend\\utils\\posthog.js": {"lines":{"total":26,"covered":0,"skipped":0,"pct":0},"functions":{"total":6,"covered":0,"skipped":0,"pct":0},"statements":{"total":30,"covered":0,"skipped":0,"pct":0},"branches":{"total":18,"covered":0,"skipped":0,"pct":0}}
,"C:\\Users\\hp\\Desktop\\KAYAD-main\\backend\\utils\\queryOptimizer.js": {"lines":{"total":125,"covered":0,"skipped":0,"pct":0},"functions":{"total":17,"covered":0,"skipped":0,"pct":0},"statements":{"total":125,"covered":0,"skipped":0,"pct":0},"branches":{"total":54,"covered":0,"skipped":0,"pct":0}}
,"C:\\Users\\hp\\Desktop\\KAYAD-main\\backend\\utils\\response.js": {"lines":{"total":10,"covered":0,"skipped":0,"pct":0},"functions":{"total":5,"covered":0,"skipped":0,"pct":0},"statements":{"total":10,"covered":0,"skipped":0,"pct":0},"branches":{"total":12,"covered":0,"skipped":0,"pct":0}}
,"C:\\Users\\hp\\Desktop\\KAYAD-main\\backend\\utils\\retry.js": {"lines":{"total":138,"covered":0,"skipped":0,"pct":0},"functions":{"total":11,"covered":0,"skipped":0,"pct":0},"statements":{"total":151,"covered":0,"skipped":0,"pct":0},"branches":{"total":135,"covered":0,"skipped":0,"pct":0}}
,"C:\\Users\\hp\\Desktop\\KAYAD-main\\backend\\utils\\securityLogger.js": {"lines":{"total":43,"covered":0,"skipped":0,"pct":0},"functions":{"total":7,"covered":0,"skipped":0,"pct":0},"statements":{"total":43,"covered":0,"skipped":0,"pct":0},"branches":{"total":34,"covered":0,"skipped":0,"pct":0}}
,"C:\\Users\\hp\\Desktop\\KAYAD-main\\backend\\utils\\sentry.js": {"lines":{"total":39,"covered":0,"skipped":0,"pct":0},"functions":{"total":9,"covered":0,"skipped":0,"pct":0},"statements":{"total":44,"covered":0,"skipped":0,"pct":0},"branches":{"total":36,"covered":0,"skipped":0,"pct":0}}
,"C:\\Users\\hp\\Desktop\\KAYAD-main\\backend\\utils\\sms.js": {"lines":{"total":51,"covered":0,"skipped":0,"pct":0},"functions":{"total":7,"covered":0,"skipped":0,"pct":0},"statements":{"total":56,"covered":0,"skipped":0,"pct":0},"branches":{"total":27,"covered":0,"skipped":0,"pct":0}}
,"C:\\Users\\hp\\Desktop\\KAYAD-main\\backend\\utils\\snipeGuard.js": {"lines":{"total":48,"covered":0,"skipped":0,"pct":0},"functions":{"total":3,"covered":0,"skipped":0,"pct":0},"statements":{"total":56,"covered":0,"skipped":0,"pct":0},"branches":{"total":42,"covered":0,"skipped":0,"pct":0}}
,"C:\\Users\\hp\\Desktop\\KAYAD-main\\backend\\utils\\validateId.js": {"lines":{"total":7,"covered":0,"skipped":0,"pct":0},"functions":{"total":2,"covered":0,"skipped":0,"pct":0},"statements":{"total":7,"covered":0,"skipped":0,"pct":0},"branches":{"total":6,"covered":0,"skipped":0,"pct":0}}
,"C:\\Users\\hp\\Desktop\\KAYAD-main\\backend\\utils\\validationSchemas.js": {"lines":{"total":34,"covered":0,"skipped":0,"pct":0},"functions":{"total":9,"covered":0,"skipped":0,"pct":0},"statements":{"total":37,"covered":0,"skipped":0,"pct":0},"branches":{"total":6,"covered":0,"skipped":0,"pct":0}}
,"C:\\Users\\hp\\Desktop\\KAYAD-main\\backend\\utils\\validator.js": {"lines":{"total":9,"covered":0,"skipped":0,"pct":0},"functions":{"total":2,"covered":0,"skipped":0,"pct":0},"statements":{"total":12,"covered":0,"skipped":0,"pct":0},"branches":{"total":6,"covered":0,"skipped":0,"pct":0}}
}
