TN:
SF:controllers\auditController.js
FN:23,(anonymous_0)
FN:71,(anonymous_1)
FN:95,(anonymous_2)
FN:120,(anonymous_3)
FN:145,(anonymous_4)
FN:178,(anonymous_5)
FN:209,(anonymous_6)
FN:238,(anonymous_7)
FN:270,(anonymous_8)
FN:333,(anonymous_9)
FN:362,(anonymous_10)
FN:410,(anonymous_11)
FN:454,(anonymous_12)
FN:497,(anonymous_13)
FN:551,(anonymous_14)
FN:589,(anonymous_15)
FN:603,(anonymous_16)
FNF:17
FNH:0
FNDA:0,(anonymous_0)
FNDA:0,(anonymous_1)
FNDA:0,(anonymous_2)
FNDA:0,(anonymous_3)
FNDA:0,(anonymous_4)
FNDA:0,(anonymous_5)
FNDA:0,(anonymous_6)
FNDA:0,(anonymous_7)
FNDA:0,(anonymous_8)
FNDA:0,(anonymous_9)
FNDA:0,(anonymous_10)
FNDA:0,(anonymous_11)
FNDA:0,(anonymous_12)
FNDA:0,(anonymous_13)
FNDA:0,(anonymous_14)
FNDA:0,(anonymous_15)
FNDA:0,(anonymous_16)
DA:23,29
DA:24,0
DA:25,0
DA:27,0
DA:28,0
DA:29,0
DA:30,0
DA:31,0
DA:32,0
DA:33,0
DA:36,0
DA:38,0
DA:49,0
DA:60,0
DA:61,0
DA:71,29
DA:72,0
DA:73,0
DA:75,0
DA:77,0
DA:84,0
DA:85,0
DA:95,29
DA:96,0
DA:97,0
DA:98,0
DA:100,0
DA:102,0
DA:109,0
DA:110,0
DA:120,29
DA:121,0
DA:122,0
DA:123,0
DA:125,0
DA:127,0
DA:134,0
DA:135,0
DA:145,29
DA:146,0
DA:147,0
DA:148,0
DA:150,0
DA:151,0
DA:157,0
DA:159,0
DA:167,0
DA:168,0
DA:178,29
DA:179,0
DA:180,0
DA:182,0
DA:184,0
DA:185,0
DA:191,0
DA:193,0
DA:198,0
DA:199,0
DA:209,29
DA:210,0
DA:211,0
DA:213,0
DA:215,0
DA:216,0
DA:222,0
DA:227,0
DA:228,0
DA:238,29
DA:239,0
DA:240,0
DA:242,0
DA:247,0
DA:248,0
DA:254,0
DA:259,0
DA:260,0
DA:270,29
DA:271,0
DA:283,0
DA:285,0
DA:286,0
DA:287,0
DA:288,0
DA:289,0
DA:290,0
DA:291,0
DA:292,0
DA:293,0
DA:294,0
DA:295,0
DA:298,0
DA:300,0
DA:311,0
DA:322,0
DA:323,0
DA:333,29
DA:334,0
DA:335,0
DA:337,0
DA:339,0
DA:340,0
DA:346,0
DA:351,0
DA:352,0
DA:362,29
DA:363,0
DA:364,0
DA:365,0
DA:367,0
DA:368,0
DA:369,0
DA:370,0
DA:371,0
DA:374,0
DA:376,0
DA:387,0
DA:399,0
DA:400,0
DA:410,29
DA:411,0
DA:412,0
DA:413,0
DA:415,0
DA:416,0
DA:418,0
DA:420,0
DA:431,0
DA:443,0
DA:444,0
DA:454,29
DA:455,0
DA:456,0
DA:457,0
DA:459,0
DA:460,0
DA:462,0
DA:473,0
DA:486,0
DA:487,0
DA:497,29
DA:498,0
DA:499,0
DA:501,0
DA:502,0
DA:504,0
DA:528,0
DA:540,0
DA:541,0
DA:551,29
DA:552,0
DA:553,0
DA:555,0
DA:556,0
DA:557,0
DA:558,0
DA:559,0
DA:560,0
DA:561,0
DA:562,0
DA:563,0
DA:564,0
DA:567,0
DA:574,0
DA:575,0
DA:589,0
DA:603,0
DA:605,0
DA:606,0
DA:607,0
DA:611,0
DA:612,0
DA:613,0
DA:620,0
DA:626,0
DA:627,0
LF:175
LH:15
BRDA:25,0,0,0
BRDA:25,1,0,0
BRDA:28,2,0,0
BRDA:28,2,1,0
BRDA:29,3,0,0
BRDA:29,3,1,0
BRDA:30,4,0,0
BRDA:30,4,1,0
BRDA:30,5,0,0
BRDA:30,5,1,0
BRDA:32,6,0,0
BRDA:32,6,1,0
BRDA:33,7,0,0
BRDA:33,7,1,0
BRDA:98,8,0,0
BRDA:98,9,0,0
BRDA:123,10,0,0
BRDA:123,11,0,0
BRDA:148,12,0,0
BRDA:148,13,0,0
BRDA:150,14,0,0
BRDA:150,14,1,0
BRDA:150,15,0,0
BRDA:150,15,1,0
BRDA:184,16,0,0
BRDA:184,16,1,0
BRDA:211,17,0,0
BRDA:215,18,0,0
BRDA:215,18,1,0
BRDA:247,19,0,0
BRDA:247,19,1,0
BRDA:273,20,0,0
BRDA:274,21,0,0
BRDA:286,22,0,0
BRDA:286,22,1,0
BRDA:287,23,0,0
BRDA:287,23,1,0
BRDA:288,24,0,0
BRDA:288,24,1,0
BRDA:289,25,0,0
BRDA:289,25,1,0
BRDA:290,26,0,0
BRDA:290,26,1,0
BRDA:291,27,0,0
BRDA:291,27,1,0
BRDA:292,28,0,0
BRDA:292,28,1,0
BRDA:292,29,0,0
BRDA:292,29,1,0
BRDA:294,30,0,0
BRDA:294,30,1,0
BRDA:295,31,0,0
BRDA:295,31,1,0
BRDA:339,32,0,0
BRDA:339,32,1,0
BRDA:365,33,0,0
BRDA:365,34,0,0
BRDA:368,35,0,0
BRDA:368,35,1,0
BRDA:368,36,0,0
BRDA:368,36,1,0
BRDA:370,37,0,0
BRDA:370,37,1,0
BRDA:371,38,0,0
BRDA:371,38,1,0
BRDA:413,39,0,0
BRDA:413,40,0,0
BRDA:416,41,0,0
BRDA:416,41,1,0
BRDA:457,42,0,0
BRDA:457,43,0,0
BRDA:499,44,0,0
BRDA:553,45,0,0
BRDA:556,46,0,0
BRDA:556,46,1,0
BRDA:557,47,0,0
BRDA:557,47,1,0
BRDA:558,48,0,0
BRDA:558,48,1,0
BRDA:559,49,0,0
BRDA:559,49,1,0
BRDA:560,50,0,0
BRDA:560,50,1,0
BRDA:561,51,0,0
BRDA:561,51,1,0
BRDA:561,52,0,0
BRDA:561,52,1,0
BRDA:563,53,0,0
BRDA:563,53,1,0
BRDA:564,54,0,0
BRDA:564,54,1,0
BRDA:574,55,0,0
BRDA:574,55,1,0
BRF:93
BRH:0
end_of_record
TN:
SF:controllers\authController.js
FN:38,(anonymous_0)
FN:45,(anonymous_1)
FN:63,(anonymous_2)
FN:73,(anonymous_3)
FN:91,(anonymous_4)
FN:124,(anonymous_5)
FN:131,(anonymous_6)
FN:149,(anonymous_7)
FN:189,(anonymous_8)
FN:195,(anonymous_9)
FN:262,(anonymous_10)
FN:278,(anonymous_11)
FN:283,(anonymous_12)
FN:290,(anonymous_13)
FN:303,(anonymous_14)
FN:386,(anonymous_15)
FN:444,(anonymous_16)
FN:475,(anonymous_17)
FN:493,(anonymous_18)
FN:503,(anonymous_19)
FN:520,(anonymous_20)
FN:541,(anonymous_21)
FN:593,(anonymous_22)
FN:639,(anonymous_23)
FN:667,(anonymous_24)
FN:690,(anonymous_25)
FN:704,(anonymous_26)
FN:720,(anonymous_27)
FN:732,(anonymous_28)
FNF:29
FNH:0
FNDA:0,(anonymous_0)
FNDA:0,(anonymous_1)
FNDA:0,(anonymous_2)
FNDA:0,(anonymous_3)
FNDA:0,(anonymous_4)
FNDA:0,(anonymous_5)
FNDA:0,(anonymous_6)
FNDA:0,(anonymous_7)
FNDA:0,(anonymous_8)
FNDA:0,(anonymous_9)
FNDA:0,(anonymous_10)
FNDA:0,(anonymous_11)
FNDA:0,(anonymous_12)
FNDA:0,(anonymous_13)
FNDA:0,(anonymous_14)
FNDA:0,(anonymous_15)
FNDA:0,(anonymous_16)
FNDA:0,(anonymous_17)
FNDA:0,(anonymous_18)
FNDA:0,(anonymous_19)
FNDA:0,(anonymous_20)
FNDA:0,(anonymous_21)
FNDA:0,(anonymous_22)
FNDA:0,(anonymous_23)
FNDA:0,(anonymous_24)
FNDA:0,(anonymous_25)
FNDA:0,(anonymous_26)
FNDA:0,(anonymous_27)
FNDA:0,(anonymous_28)
DA:16,29
DA:17,29
DA:18,29
DA:20,0
DA:23,29
DA:24,29
DA:25,29
DA:36,29
DA:38,29
DA:39,0
DA:45,29
DA:46,0
DA:47,0
DA:48,0
DA:49,0
DA:50,0
DA:51,0
DA:52,0
DA:53,0
DA:54,0
DA:63,29
DA:64,0
DA:73,29
DA:78,0
DA:79,0
DA:91,29
DA:92,0
DA:93,0
DA:94,0
DA:97,0
DA:99,0
DA:110,0
DA:111,0
DA:114,0
DA:115,0
DA:117,0
DA:124,29
DA:125,0
DA:126,0
DA:130,0
DA:132,0
DA:142,0
DA:149,29
DA:150,0
DA:151,0
DA:153,0
DA:154,0
DA:158,0
DA:159,0
DA:161,0
DA:162,0
DA:164,0
DA:165,0
DA:167,0
DA:168,0
DA:170,0
DA:171,0
DA:174,0
DA:176,0
DA:177,0
DA:178,0
DA:180,0
DA:182,0
DA:185,0
DA:186,0
DA:187,0
DA:189,0
DA:192,0
DA:194,0
DA:195,0
DA:197,0
DA:215,0
DA:216,0
DA:219,0
DA:220,0
DA:221,0
DA:222,0
DA:223,0
DA:224,0
DA:228,0
DA:241,0
DA:242,0
DA:243,0
DA:244,0
DA:247,0
DA:256,0
DA:257,0
DA:262,0
DA:264,0
DA:269,0
DA:270,0
DA:271,0
DA:272,0
DA:273,0
DA:276,0
DA:277,0
DA:278,0
DA:279,0
DA:282,0
DA:283,0
DA:286,0
DA:289,0
DA:290,0
DA:293,0
DA:295,0
DA:296,0
DA:303,29
DA:304,0
DA:305,0
DA:307,0
DA:308,0
DA:311,0
DA:313,0
DA:316,0
DA:317,0
DA:318,0
DA:321,0
DA:323,0
DA:326,0
DA:327,0
DA:328,0
DA:329,0
DA:330,0
DA:331,0
DA:332,0
DA:334,0
DA:335,0
DA:337,0
DA:341,0
DA:342,0
DA:343,0
DA:347,0
DA:349,0
DA:350,0
DA:352,0
DA:353,0
DA:361,0
DA:362,0
DA:365,0
DA:366,0
DA:373,0
DA:374,0
DA:376,0
DA:378,0
DA:379,0
DA:386,29
DA:387,0
DA:389,0
DA:391,0
DA:392,0
DA:393,0
DA:394,0
DA:398,0
DA:399,0
DA:404,0
DA:405,0
DA:409,0
DA:410,0
DA:414,0
DA:415,0
DA:416,0
DA:419,0
DA:421,0
DA:422,0
DA:425,0
DA:426,0
DA:430,0
DA:431,0
DA:434,0
DA:436,0
DA:437,0
DA:444,29
DA:445,0
DA:446,0
DA:448,0
DA:451,0
DA:456,0
DA:459,0
DA:460,0
DA:462,0
DA:467,0
DA:468,0
DA:475,29
DA:476,0
DA:477,0
DA:479,0
DA:480,0
DA:483,0
DA:485,0
DA:486,0
DA:493,29
DA:494,0
DA:495,0
DA:496,0
DA:498,0
DA:499,0
DA:503,29
DA:504,0
DA:505,0
DA:506,0
DA:508,0
DA:509,0
DA:512,0
DA:513,0
DA:515,0
DA:516,0
DA:520,29
DA:521,0
DA:522,0
DA:525,0
DA:530,0
DA:532,0
DA:534,0
DA:535,0
DA:541,29
DA:542,0
DA:559,0
DA:561,0
DA:562,0
DA:563,0
DA:564,0
DA:565,0
DA:566,0
DA:567,0
DA:568,0
DA:569,0
DA:570,0
DA:571,0
DA:572,0
DA:573,0
DA:574,0
DA:575,0
DA:576,0
DA:578,0
DA:582,0
DA:584,0
DA:586,0
DA:593,29
DA:594,0
DA:595,0
DA:597,0
DA:598,0
DA:600,0
DA:601,0
DA:603,0
DA:604,0
DA:606,0
DA:607,0
DA:609,0
DA:610,0
DA:612,0
DA:613,0
DA:616,0
DA:617,0
DA:619,0
DA:620,0
DA:622,0
DA:623,0
DA:624,0
DA:625,0
DA:628,0
DA:630,0
DA:632,0
DA:639,29
DA:640,0
DA:641,0
DA:642,0
DA:644,0
DA:649,0
DA:650,0
DA:653,0
DA:654,0
DA:655,0
DA:656,0
DA:658,0
DA:660,0
DA:667,29
DA:668,0
DA:669,0
DA:670,0
DA:672,0
DA:677,0
DA:678,0
DA:682,0
DA:683,0
DA:684,0
DA:685,0
DA:688,0
DA:689,0
DA:690,0
DA:691,0
DA:695,0
DA:697,0
DA:704,29
DA:705,0
DA:706,0
DA:707,0
DA:709,0
DA:711,0
DA:713,0
DA:714,0
DA:715,0
DA:716,0
DA:718,0
DA:719,0
DA:720,0
DA:723,0
DA:725,0
DA:732,29
DA:733,0
DA:734,0
DA:735,0
DA:736,0
DA:738,0
DA:743,0
DA:745,0
DA:746,0
DA:747,0
DA:748,0
DA:749,0
DA:751,0
DA:753,0
LF:322
LH:27
BRDA:23,0,0,29
BRDA:23,0,1,0
BRDA:40,1,0,0
BRDA:40,1,1,0
BRDA:46,2,0,0
BRDA:46,2,1,0
BRDA:47,3,0,0
BRDA:47,3,1,0
BRDA:78,4,0,0
BRDA:78,4,1,0
BRDA:78,5,0,0
BRDA:78,5,1,0
BRDA:91,6,0,0
BRDA:91,7,0,0
BRDA:102,8,0,0
BRDA:102,8,1,0
BRDA:103,9,0,0
BRDA:103,9,1,0
BRDA:103,9,2,0
BRDA:104,10,0,0
BRDA:104,10,1,0
BRDA:105,11,0,0
BRDA:105,11,1,0
BRDA:105,11,2,0
BRDA:110,12,0,0
BRDA:110,12,1,0
BRDA:135,13,0,0
BRDA:135,13,1,0
BRDA:153,14,0,0
BRDA:153,14,1,0
BRDA:153,15,0,0
BRDA:153,15,1,0
BRDA:153,15,2,0
BRDA:158,16,0,0
BRDA:158,16,1,0
BRDA:161,17,0,0
BRDA:161,17,1,0
BRDA:164,18,0,0
BRDA:164,18,1,0
BRDA:167,19,0,0
BRDA:167,19,1,0
BRDA:170,20,0,0
BRDA:170,20,1,0
BRDA:177,21,0,0
BRDA:177,21,1,0
BRDA:182,22,0,0
BRDA:182,22,1,0
BRDA:185,23,0,0
BRDA:185,23,1,0
BRDA:192,24,0,0
BRDA:192,24,1,0
BRDA:194,25,0,0
BRDA:194,25,1,0
BRDA:194,26,0,0
BRDA:194,26,1,0
BRDA:195,27,0,0
BRDA:195,27,1,0
BRDA:195,28,0,0
BRDA:195,28,1,0
BRDA:197,29,0,0
BRDA:197,29,1,0
BRDA:199,30,0,0
BRDA:199,30,1,0
BRDA:200,31,0,0
BRDA:200,31,1,0
BRDA:201,32,0,0
BRDA:201,32,1,0
BRDA:202,33,0,0
BRDA:202,33,1,0
BRDA:203,34,0,0
BRDA:203,34,1,0
BRDA:204,35,0,0
BRDA:204,35,1,0
BRDA:205,36,0,0
BRDA:205,36,1,0
BRDA:209,37,0,0
BRDA:209,37,1,0
BRDA:209,38,0,0
BRDA:209,38,1,0
BRDA:209,38,2,0
BRDA:210,39,0,0
BRDA:210,39,1,0
BRDA:215,40,0,0
BRDA:215,40,1,0
BRDA:216,41,0,0
BRDA:216,41,1,0
BRDA:216,42,0,0
BRDA:216,42,1,0
BRDA:220,43,0,0
BRDA:220,43,1,0
BRDA:221,44,0,0
BRDA:221,44,1,0
BRDA:223,45,0,0
BRDA:223,45,1,0
BRDA:223,46,0,0
BRDA:223,46,1,0
BRDA:241,47,0,0
BRDA:241,47,1,0
BRDA:242,48,0,0
BRDA:242,48,1,0
BRDA:277,49,0,0
BRDA:277,49,1,0
BRDA:282,50,0,0
BRDA:282,50,1,0
BRDA:289,51,0,0
BRDA:289,51,1,0
BRDA:307,52,0,0
BRDA:307,52,1,0
BRDA:307,53,0,0
BRDA:307,53,1,0
BRDA:316,54,0,0
BRDA:316,54,1,0
BRDA:316,55,0,0
BRDA:316,55,1,0
BRDA:321,56,0,0
BRDA:321,56,1,0
BRDA:321,57,0,0
BRDA:321,57,1,0
BRDA:326,58,0,0
BRDA:326,58,1,0
BRDA:326,59,0,0
BRDA:326,59,1,0
BRDA:327,60,0,0
BRDA:327,60,1,0
BRDA:328,61,0,0
BRDA:328,61,1,0
BRDA:341,62,0,0
BRDA:341,62,1,0
BRDA:341,63,0,0
BRDA:341,63,1,0
BRDA:349,64,0,0
BRDA:349,64,1,0
BRDA:352,65,0,0
BRDA:352,65,1,0
BRDA:362,66,0,0
BRDA:362,66,1,0
BRDA:365,67,0,0
BRDA:365,67,1,0
BRDA:365,68,0,0
BRDA:365,68,1,0
BRDA:365,68,2,0
BRDA:391,69,0,0
BRDA:391,69,1,0
BRDA:393,70,0,0
BRDA:393,70,1,0
BRDA:393,71,0,0
BRDA:393,71,1,0
BRDA:398,72,0,0
BRDA:398,72,1,0
BRDA:405,73,0,0
BRDA:405,73,1,0
BRDA:409,74,0,0
BRDA:409,74,1,0
BRDA:415,75,0,0
BRDA:415,75,1,0
BRDA:421,76,0,0
BRDA:421,76,1,0
BRDA:425,77,0,0
BRDA:425,77,1,0
BRDA:425,78,0,0
BRDA:425,78,1,0
BRDA:446,79,0,0
BRDA:446,79,1,0
BRDA:479,80,0,0
BRDA:479,80,1,0
BRDA:508,81,0,0
BRDA:508,81,1,0
BRDA:562,82,0,0
BRDA:562,82,1,0
BRDA:563,83,0,0
BRDA:563,83,1,0
BRDA:563,84,0,0
BRDA:563,84,1,0
BRDA:564,85,0,0
BRDA:564,85,1,0
BRDA:565,86,0,0
BRDA:565,86,1,0
BRDA:566,87,0,0
BRDA:566,87,1,0
BRDA:567,88,0,0
BRDA:567,88,1,0
BRDA:567,89,0,0
BRDA:567,89,1,0
BRDA:568,90,0,0
BRDA:568,90,1,0
BRDA:569,91,0,0
BRDA:569,91,1,0
BRDA:570,92,0,0
BRDA:570,92,1,0
BRDA:571,93,0,0
BRDA:571,93,1,0
BRDA:572,94,0,0
BRDA:572,94,1,0
BRDA:573,95,0,0
BRDA:573,95,1,0
BRDA:574,96,0,0
BRDA:574,96,1,0
BRDA:575,97,0,0
BRDA:575,97,1,0
BRDA:576,98,0,0
BRDA:576,98,1,0
BRDA:582,99,0,0
BRDA:582,99,1,0
BRDA:586,100,0,0
BRDA:586,100,1,0
BRDA:597,101,0,0
BRDA:597,101,1,0
BRDA:597,102,0,0
BRDA:597,102,1,0
BRDA:600,103,0,0
BRDA:600,103,1,0
BRDA:603,104,0,0
BRDA:603,104,1,0
BRDA:606,105,0,0
BRDA:606,105,1,0
BRDA:609,106,0,0
BRDA:609,106,1,0
BRDA:612,107,0,0
BRDA:612,107,1,0
BRDA:617,108,0,0
BRDA:617,108,1,0
BRDA:620,109,0,0
BRDA:620,109,1,0
BRDA:624,110,0,0
BRDA:624,110,1,0
BRDA:632,111,0,0
BRDA:632,111,1,0
BRDA:642,112,0,0
BRDA:642,112,1,0
BRDA:649,113,0,0
BRDA:649,113,1,0
BRDA:660,114,0,0
BRDA:660,114,1,0
BRDA:670,115,0,0
BRDA:670,115,1,0
BRDA:677,116,0,0
BRDA:677,116,1,0
BRDA:677,117,0,0
BRDA:677,117,1,0
BRDA:689,118,0,0
BRDA:689,118,1,0
BRDA:697,119,0,0
BRDA:697,119,1,0
BRDA:707,120,0,0
BRDA:707,120,1,0
BRDA:711,121,0,0
BRDA:711,121,1,0
BRDA:719,122,0,0
BRDA:719,122,1,0
BRDA:725,123,0,0
BRDA:725,123,1,0
BRDA:735,124,0,0
BRDA:735,124,1,0
BRDA:735,125,0,0
BRDA:735,125,1,0
BRDA:736,126,0,0
BRDA:736,126,1,0
BRDA:743,127,0,0
BRDA:743,127,1,0
BRDA:748,128,0,0
BRDA:748,128,1,0
BRDA:753,129,0,0
BRDA:753,129,1,0
BRF:263
BRH:1
end_of_record
TN:
SF:controllers\bidController.js
FN:27,(anonymous_0)
FN:36,(anonymous_1)
FN:52,(anonymous_2)
FN:94,(anonymous_3)
FN:166,(anonymous_4)
FN:180,(anonymous_5)
FN:197,(anonymous_6)
FN:376,(anonymous_7)
FN:393,(anonymous_8)
FN:401,(anonymous_9)
FN:412,(anonymous_10)
FN:418,(anonymous_11)
FN:444,(anonymous_12)
FN:458,(anonymous_13)
FN:489,(anonymous_14)
FN:527,(anonymous_15)
FN:535,(anonymous_16)
FN:541,(anonymous_17)
FN:549,(anonymous_18)
FN:576,(anonymous_19)
FN:593,(anonymous_20)
FNF:21
FNH:0
FNDA:0,(anonymous_0)
FNDA:0,(anonymous_1)
FNDA:0,(anonymous_2)
FNDA:0,(anonymous_3)
FNDA:0,(anonymous_4)
FNDA:0,(anonymous_5)
FNDA:0,(anonymous_6)
FNDA:0,(anonymous_7)
FNDA:0,(anonymous_8)
FNDA:0,(anonymous_9)
FNDA:0,(anonymous_10)
FNDA:0,(anonymous_11)
FNDA:0,(anonymous_12)
FNDA:0,(anonymous_13)
FNDA:0,(anonymous_14)
FNDA:0,(anonymous_15)
FNDA:0,(anonymous_16)
FNDA:0,(anonymous_17)
FNDA:0,(anonymous_18)
FNDA:0,(anonymous_19)
FNDA:0,(anonymous_20)
DA:17,29
DA:18,29
DA:19,29
DA:21,0
DA:27,29
DA:28,0
DA:29,0
DA:30,0
DA:36,29
DA:37,0
DA:38,0
DA:39,0
DA:43,0
DA:45,0
DA:52,29
DA:53,0
DA:59,0
DA:61,0
DA:62,0
DA:65,0
DA:66,0
DA:67,0
DA:71,0
DA:77,0
DA:78,0
DA:79,0
DA:80,0
DA:85,0
DA:93,0
DA:94,0
DA:95,0
DA:96,0
DA:97,0
DA:98,0
DA:102,0
DA:104,0
DA:106,0
DA:109,0
DA:116,0
DA:117,0
DA:118,0
DA:122,0
DA:123,0
DA:125,0
DA:126,0
DA:127,0
DA:130,0
DA:131,0
DA:132,0
DA:134,0
DA:145,0
DA:146,0
DA:147,0
DA:150,0
DA:152,0
DA:153,0
DA:158,0
DA:160,0
DA:166,29
DA:167,0
DA:168,0
DA:170,0
DA:178,0
DA:180,0
DA:189,0
DA:190,0
DA:197,29
DA:198,0
DA:199,0
DA:201,0
DA:202,0
DA:203,0
DA:204,0
DA:206,0
DA:207,0
DA:208,0
DA:209,0
DA:212,0
DA:213,0
DA:214,0
DA:215,0
DA:221,0
DA:222,0
DA:223,0
DA:224,0
DA:225,0
DA:228,0
DA:229,0
DA:230,0
DA:231,0
DA:240,0
DA:241,0
DA:242,0
DA:243,0
DA:250,0
DA:251,0
DA:252,0
DA:253,0
DA:254,0
DA:261,0
DA:262,0
DA:267,0
DA:268,0
DA:269,0
DA:270,0
DA:280,0
DA:281,0
DA:284,0
DA:285,0
DA:286,0
DA:287,0
DA:288,0
DA:298,0
DA:310,0
DA:322,0
DA:323,0
DA:325,0
DA:331,0
DA:332,0
DA:334,0
DA:335,0
DA:336,0
DA:338,0
DA:341,0
DA:343,0
DA:344,0
DA:347,0
DA:349,0
DA:358,0
DA:360,0
DA:361,0
DA:366,0
DA:369,0
DA:370,0
DA:371,0
DA:373,0
DA:374,0
DA:375,0
DA:376,0
DA:377,0
DA:378,0
DA:379,0
DA:380,0
DA:381,0
DA:382,0
DA:383,0
DA:384,0
DA:387,0
DA:390,0
DA:391,0
DA:392,0
DA:393,0
DA:394,0
DA:397,0
DA:398,0
DA:401,0
DA:405,0
DA:410,0
DA:411,0
DA:412,0
DA:414,0
DA:415,0
DA:418,0
DA:423,0
DA:424,0
DA:427,0
DA:434,0
DA:435,0
DA:436,0
DA:437,0
DA:444,29
DA:445,0
DA:446,0
DA:447,0
DA:449,0
DA:451,0
DA:453,0
DA:454,0
DA:456,0
DA:458,0
DA:460,0
DA:461,0
DA:463,0
DA:464,0
DA:467,0
DA:468,0
DA:470,0
DA:471,0
DA:472,0
DA:475,0
DA:476,0
DA:478,0
DA:481,0
DA:482,0
DA:483,0
DA:489,0
DA:494,0
DA:495,0
DA:497,0
DA:498,0
DA:499,0
DA:500,0
DA:501,0
DA:503,0
DA:506,0
DA:509,0
DA:511,0
DA:512,0
DA:513,0
DA:518,0
DA:521,0
DA:522,0
DA:523,0
DA:525,0
DA:526,0
DA:527,0
DA:528,0
DA:531,0
DA:532,0
DA:535,0
DA:538,0
DA:539,0
DA:540,0
DA:541,0
DA:542,0
DA:545,0
DA:546,0
DA:549,0
DA:554,0
DA:556,0
DA:557,0
DA:558,0
DA:562,0
DA:563,0
DA:568,0
DA:569,0
DA:576,29
DA:577,0
DA:578,0
DA:583,0
DA:585,0
DA:586,0
DA:593,29
DA:594,0
DA:595,0
DA:597,0
DA:598,0
DA:599,0
DA:602,0
DA:604,0
DA:605,0
DA:606,0
DA:607,0
DA:610,0
DA:611,0
DA:612,0
DA:613,0
DA:615,0
DA:620,0
DA:621,0
DA:623,0
DA:631,0
DA:632,0
DA:637,0
DA:639,0
DA:644,0
DA:645,0
LF:267
LH:11
BRDA:59,0,0,0
BRDA:59,0,1,0
BRDA:65,1,0,0
BRDA:65,1,1,0
BRDA:78,2,0,0
BRDA:78,2,1,0
BRDA:93,3,0,0
BRDA:93,3,1,0
BRDA:96,4,0,0
BRDA:96,4,1,0
BRDA:96,5,0,0
BRDA:96,5,1,0
BRDA:96,5,2,0
BRDA:106,6,0,0
BRDA:106,6,1,0
BRDA:116,7,0,0
BRDA:116,7,1,0
BRDA:123,8,0,0
BRDA:123,8,1,0
BRDA:125,9,0,0
BRDA:125,9,1,0
BRDA:125,10,0,0
BRDA:125,10,1,0
BRDA:141,11,0,0
BRDA:141,11,1,0
BRDA:152,12,0,0
BRDA:152,12,1,0
BRDA:158,13,0,0
BRDA:158,13,1,0
BRDA:184,14,0,0
BRDA:184,14,1,0
BRDA:206,15,0,0
BRDA:206,15,1,0
BRDA:212,16,0,0
BRDA:212,16,1,0
BRDA:212,17,0,0
BRDA:212,17,1,0
BRDA:222,18,0,0
BRDA:222,18,1,0
BRDA:228,19,0,0
BRDA:228,19,1,0
BRDA:240,20,0,0
BRDA:240,20,1,0
BRDA:251,21,0,0
BRDA:251,21,1,0
BRDA:251,22,0,0
BRDA:251,22,1,0
BRDA:261,23,0,0
BRDA:261,23,1,0
BRDA:267,24,0,0
BRDA:267,24,1,0
BRDA:281,25,0,0
BRDA:281,25,1,0
BRDA:281,25,2,0
BRDA:284,26,0,0
BRDA:284,26,1,0
BRDA:284,27,0,0
BRDA:284,27,1,0
BRDA:284,28,0,0
BRDA:284,28,1,0
BRDA:285,29,0,0
BRDA:285,29,1,0
BRDA:314,30,0,0
BRDA:314,30,1,0
BRDA:317,31,0,0
BRDA:317,31,1,0
BRDA:318,32,0,0
BRDA:318,32,1,0
BRDA:331,33,0,0
BRDA:331,33,1,0
BRDA:336,34,0,0
BRDA:336,34,1,0
BRDA:360,35,0,0
BRDA:360,35,1,0
BRDA:374,36,0,0
BRDA:374,36,1,0
BRDA:378,37,0,0
BRDA:378,37,1,0
BRDA:379,38,0,0
BRDA:379,38,1,0
BRDA:381,39,0,0
BRDA:381,39,1,0
BRDA:384,40,0,0
BRDA:384,40,1,0
BRDA:390,41,0,0
BRDA:390,41,1,0
BRDA:392,42,0,0
BRDA:392,42,1,0
BRDA:392,43,0,0
BRDA:392,43,1,0
BRDA:397,44,0,0
BRDA:397,44,1,0
BRDA:397,45,0,0
BRDA:397,45,1,0
BRDA:400,46,0,0
BRDA:400,46,1,0
BRDA:400,47,0,0
BRDA:400,47,1,0
BRDA:405,48,0,0
BRDA:405,48,1,0
BRDA:406,49,0,0
BRDA:406,49,1,0
BRDA:406,49,2,0
BRDA:411,50,0,0
BRDA:411,50,1,0
BRDA:411,51,0,0
BRDA:411,51,1,0
BRDA:414,52,0,0
BRDA:414,52,1,0
BRDA:414,53,0,0
BRDA:414,53,1,0
BRDA:417,54,0,0
BRDA:417,54,1,0
BRDA:429,55,0,0
BRDA:429,55,1,0
BRDA:430,56,0,0
BRDA:430,56,1,0
BRDA:449,57,0,0
BRDA:449,57,1,0
BRDA:451,58,0,0
BRDA:451,58,1,0
BRDA:456,59,0,0
BRDA:456,59,1,0
BRDA:460,60,0,0
BRDA:460,60,1,0
BRDA:468,61,0,0
BRDA:468,61,1,0
BRDA:470,62,0,0
BRDA:470,62,1,0
BRDA:475,63,0,0
BRDA:475,63,1,0
BRDA:475,64,0,0
BRDA:475,64,1,0
BRDA:486,65,0,0
BRDA:486,65,1,0
BRDA:487,66,0,0
BRDA:487,66,1,0
BRDA:497,67,0,0
BRDA:497,67,1,0
BRDA:500,68,0,0
BRDA:500,68,1,0
BRDA:511,69,0,0
BRDA:511,69,1,0
BRDA:518,70,0,0
BRDA:518,70,1,0
BRDA:526,71,0,0
BRDA:526,71,1,0
BRDA:526,72,0,0
BRDA:526,72,1,0
BRDA:531,73,0,0
BRDA:531,73,1,0
BRDA:531,74,0,0
BRDA:531,74,1,0
BRDA:534,75,0,0
BRDA:534,75,1,0
BRDA:538,76,0,0
BRDA:538,76,1,0
BRDA:538,77,0,0
BRDA:538,77,1,0
BRDA:540,78,0,0
BRDA:540,78,1,0
BRDA:540,79,0,0
BRDA:540,79,1,0
BRDA:545,80,0,0
BRDA:545,80,1,0
BRDA:545,81,0,0
BRDA:545,81,1,0
BRDA:548,82,0,0
BRDA:548,82,1,0
BRDA:556,83,0,0
BRDA:556,83,1,0
BRDA:598,84,0,0
BRDA:598,84,1,0
BRDA:604,85,0,0
BRDA:604,85,1,0
BRDA:616,86,0,0
BRDA:616,86,1,0
BRDA:631,87,0,0
BRDA:631,87,1,0
BRF:179
BRH:0
end_of_record
TN:
SF:controllers\carController.js
FN:17,(anonymous_0)
FN:25,(anonymous_1)
FN:85,(anonymous_2)
FN:190,(anonymous_3)
FN:204,(anonymous_4)
FN:271,(anonymous_5)
FN:325,(anonymous_6)
FN:333,(anonymous_7)
FN:374,(anonymous_8)
FN:403,(anonymous_9)
FN:430,(anonymous_10)
FN:505,(anonymous_11)
FN:555,(anonymous_12)
FN:607,(anonymous_13)
FN:663,(anonymous_14)
FN:698,(anonymous_15)
FN:725,(anonymous_16)
FN:769,(anonymous_17)
FN:772,(anonymous_18)
FN:785,(anonymous_19)
FN:829,(anonymous_20)
FNF:21
FNH:0
FNDA:0,(anonymous_0)
FNDA:0,(anonymous_1)
FNDA:0,(anonymous_2)
FNDA:0,(anonymous_3)
FNDA:0,(anonymous_4)
FNDA:0,(anonymous_5)
FNDA:0,(anonymous_6)
FNDA:0,(anonymous_7)
FNDA:0,(anonymous_8)
FNDA:0,(anonymous_9)
FNDA:0,(anonymous_10)
FNDA:0,(anonymous_11)
FNDA:0,(anonymous_12)
FNDA:0,(anonymous_13)
FNDA:0,(anonymous_14)
FNDA:0,(anonymous_15)
FNDA:0,(anonymous_16)
FNDA:0,(anonymous_17)
FNDA:0,(anonymous_18)
FNDA:0,(anonymous_19)
FNDA:0,(anonymous_20)
DA:12,29
DA:17,29
DA:18,0
DA:19,0
DA:25,29
DA:26,0
DA:46,0
DA:48,0
DA:51,0
DA:53,0
DA:55,0
DA:56,0
DA:57,0
DA:59,0
DA:62,0
DA:63,0
DA:67,0
DA:68,0
DA:69,0
DA:70,0
DA:73,0
DA:74,0
DA:75,0
DA:76,0
DA:79,0
DA:80,0
DA:81,0
DA:82,0
DA:85,0
DA:89,0
DA:90,0
DA:91,0
DA:92,0
DA:93,0
DA:95,0
DA:96,0
DA:97,0
DA:98,0
DA:101,0
DA:102,0
DA:103,0
DA:104,0
DA:105,0
DA:108,0
DA:109,0
DA:111,0
DA:112,0
DA:113,0
DA:114,0
DA:115,0
DA:116,0
DA:117,0
DA:118,0
DA:120,0
DA:123,0
DA:124,0
DA:125,0
DA:160,0
DA:165,0
DA:171,0
DA:182,0
DA:183,0
DA:190,29
DA:191,0
DA:192,0
DA:196,0
DA:197,0
DA:198,0
DA:199,0
DA:202,0
DA:203,0
DA:204,0
DA:209,0
DA:211,0
DA:212,0
DA:213,0
DA:216,0
DA:218,0
DA:220,0
DA:221,0
DA:222,0
DA:224,0
DA:225,0
DA:226,0
DA:228,0
DA:229,0
DA:236,0
DA:237,0
DA:238,0
DA:245,0
DA:248,0
DA:249,0
DA:251,0
DA:252,0
DA:253,0
DA:259,0
DA:260,0
DA:266,0
DA:270,0
DA:271,0
DA:273,0
DA:274,0
DA:275,0
DA:276,0
DA:277,0
DA:283,0
DA:284,0
DA:285,0
DA:291,0
DA:295,0
DA:304,0
DA:305,0
DA:306,0
DA:308,0
DA:309,0
DA:314,0
DA:315,0
DA:319,0
DA:321,0
DA:322,0
DA:323,0
DA:325,0
DA:331,0
DA:333,0
DA:342,0
DA:343,0
DA:344,0
DA:348,0
DA:351,0
DA:352,0
DA:353,0
DA:354,0
DA:356,0
DA:357,0
DA:359,0
DA:362,0
DA:364,0
DA:371,0
DA:374,0
DA:375,0
DA:376,0
DA:390,0
DA:391,0
DA:395,0
DA:399,0
DA:402,0
DA:403,0
DA:404,0
DA:405,0
DA:406,0
DA:409,0
DA:411,0
DA:417,0
DA:418,0
DA:419,0
DA:430,29
DA:431,0
DA:432,0
DA:433,0
DA:435,0
DA:436,0
DA:437,0
DA:443,0
DA:444,0
DA:445,0
DA:449,0
DA:450,0
DA:453,0
DA:454,0
DA:455,0
DA:458,0
DA:492,0
DA:493,0
DA:494,0
DA:497,0
DA:498,0
DA:499,0
DA:500,0
DA:505,0
DA:506,0
DA:507,0
DA:508,0
DA:509,0
DA:511,0
DA:514,0
DA:515,0
DA:516,0
DA:517,0
DA:519,0
DA:520,0
DA:525,0
DA:526,0
DA:529,0
DA:532,0
DA:534,0
DA:536,0
DA:543,0
DA:545,0
DA:547,0
DA:548,0
DA:555,29
DA:556,0
DA:557,0
DA:558,0
DA:560,0
DA:561,0
DA:562,0
DA:563,0
DA:564,0
DA:565,0
DA:568,0
DA:571,0
DA:572,0
DA:573,0
DA:574,0
DA:575,0
DA:576,0
DA:577,0
DA:578,0
DA:583,0
DA:585,0
DA:592,0
DA:594,0
DA:599,0
DA:600,0
DA:607,29
DA:608,0
DA:609,0
DA:610,0
DA:612,0
DA:613,0
DA:614,0
DA:615,0
DA:616,0
DA:617,0
DA:620,0
DA:621,0
DA:622,0
DA:625,0
DA:628,0
DA:629,0
DA:633,0
DA:636,0
DA:637,0
DA:638,0
DA:639,0
DA:640,0
DA:641,0
DA:644,0
DA:645,0
DA:647,0
DA:653,0
DA:655,0
DA:656,0
DA:663,29
DA:664,0
DA:665,0
DA:666,0
DA:668,0
DA:669,0
DA:670,0
DA:671,0
DA:672,0
DA:673,0
DA:676,0
DA:677,0
DA:680,0
DA:681,0
DA:682,0
DA:683,0
DA:684,0
DA:691,0
DA:694,0
DA:695,0
DA:696,0
DA:698,0
DA:705,0
DA:706,0
DA:707,0
DA:709,0
DA:715,0
DA:717,0
DA:718,0
DA:725,29
DA:726,0
DA:727,0
DA:731,0
DA:732,0
DA:735,0
DA:736,0
DA:737,0
DA:738,0
DA:741,0
DA:742,0
DA:743,0
DA:744,0
DA:745,0
DA:747,0
DA:748,0
DA:750,0
DA:751,0
DA:753,0
DA:754,0
DA:756,0
DA:763,0
DA:764,0
DA:765,0
DA:766,0
DA:767,0
DA:769,0
DA:772,0
DA:775,0
DA:777,0
DA:778,0
DA:785,29
DA:786,0
DA:787,0
DA:789,0
DA:791,0
DA:792,0
DA:795,0
DA:796,0
DA:802,0
DA:803,0
DA:805,0
DA:807,0
DA:813,0
DA:821,0
DA:822,0
DA:829,29
DA:830,0
DA:831,0
DA:832,0
DA:835,0
DA:841,0
DA:843,0
DA:844,0
LF:337
LH:11
BRDA:19,0,0,0
BRDA:19,0,1,0
BRDA:44,1,0,0
BRDA:45,2,0,0
BRDA:55,3,0,0
BRDA:55,3,1,0
BRDA:57,4,0,0
BRDA:57,4,1,0
BRDA:67,5,0,0
BRDA:67,5,1,0
BRDA:68,6,0,0
BRDA:68,6,1,0
BRDA:73,7,0,0
BRDA:73,7,1,0
BRDA:73,8,0,0
BRDA:73,8,1,0
BRDA:75,9,0,0
BRDA:75,9,1,0
BRDA:76,10,0,0
BRDA:76,10,1,0
BRDA:79,11,0,0
BRDA:79,11,1,0
BRDA:79,12,0,0
BRDA:79,12,1,0
BRDA:81,13,0,0
BRDA:81,13,1,0
BRDA:82,14,0,0
BRDA:82,14,1,0
BRDA:89,15,0,0
BRDA:89,15,1,0
BRDA:90,16,0,0
BRDA:90,16,1,0
BRDA:91,17,0,0
BRDA:91,17,1,0
BRDA:92,18,0,0
BRDA:92,18,1,0
BRDA:93,19,0,0
BRDA:93,19,1,0
BRDA:95,20,0,0
BRDA:95,20,1,0
BRDA:95,21,0,0
BRDA:95,21,1,0
BRDA:97,22,0,0
BRDA:97,22,1,0
BRDA:98,23,0,0
BRDA:98,23,1,0
BRDA:101,24,0,0
BRDA:101,24,1,0
BRDA:103,25,0,0
BRDA:103,25,1,0
BRDA:109,26,0,0
BRDA:109,26,1,0
BRDA:109,27,0,0
BRDA:109,27,1,0
BRDA:112,28,0,0
BRDA:112,28,1,0
BRDA:113,29,0,0
BRDA:113,29,1,0
BRDA:114,30,0,0
BRDA:114,30,1,0
BRDA:115,31,0,0
BRDA:115,31,1,0
BRDA:116,32,0,0
BRDA:116,32,1,0
BRDA:117,33,0,0
BRDA:117,33,1,0
BRDA:124,34,0,0
BRDA:124,34,1,0
BRDA:173,35,0,0
BRDA:173,35,1,0
BRDA:196,36,0,0
BRDA:196,36,1,0
BRDA:197,37,0,0
BRDA:197,37,1,0
BRDA:203,38,0,0
BRDA:203,38,1,0
BRDA:204,39,0,0
BRDA:204,39,1,0
BRDA:209,40,0,0
BRDA:209,40,1,0
BRDA:212,41,0,0
BRDA:212,41,1,0
BRDA:213,42,0,0
BRDA:213,42,1,0
BRDA:218,43,0,0
BRDA:218,43,1,0
BRDA:221,44,0,0
BRDA:221,44,1,0
BRDA:221,45,0,0
BRDA:221,45,1,0
BRDA:221,45,2,0
BRDA:224,46,0,0
BRDA:224,46,1,0
BRDA:224,47,0,0
BRDA:224,47,1,0
BRDA:225,48,0,0
BRDA:225,48,1,0
BRDA:228,49,0,0
BRDA:228,49,1,0
BRDA:236,50,0,0
BRDA:236,50,1,0
BRDA:236,50,2,0
BRDA:237,51,0,0
BRDA:237,51,1,0
BRDA:248,52,0,0
BRDA:248,52,1,0
BRDA:251,53,0,0
BRDA:251,53,1,0
BRDA:252,54,0,0
BRDA:252,54,1,0
BRDA:252,55,0,0
BRDA:252,55,1,0
BRDA:259,56,0,0
BRDA:259,56,1,0
BRDA:259,57,0,0
BRDA:259,57,1,0
BRDA:270,58,0,0
BRDA:270,58,1,0
BRDA:270,59,0,0
BRDA:270,59,1,0
BRDA:270,59,2,0
BRDA:271,60,0,0
BRDA:271,60,1,0
BRDA:273,61,0,0
BRDA:273,61,1,0
BRDA:273,62,0,0
BRDA:273,62,1,0
BRDA:275,63,0,0
BRDA:275,63,1,0
BRDA:275,64,0,0
BRDA:275,64,1,0
BRDA:276,65,0,0
BRDA:276,65,1,0
BRDA:276,66,0,0
BRDA:276,66,1,0
BRDA:284,67,0,0
BRDA:284,67,1,0
BRDA:301,68,0,0
BRDA:301,68,1,0
BRDA:304,69,0,0
BRDA:304,69,1,0
BRDA:308,70,0,0
BRDA:308,70,1,0
BRDA:308,71,0,0
BRDA:308,71,1,0
BRDA:308,71,2,0
BRDA:310,72,0,0
BRDA:310,72,1,0
BRDA:310,72,2,0
BRDA:311,73,0,0
BRDA:311,73,1,0
BRDA:319,74,0,0
BRDA:319,74,1,0
BRDA:319,74,2,0
BRDA:322,75,0,0
BRDA:322,75,1,0
BRDA:322,76,0,0
BRDA:322,76,1,0
BRDA:323,77,0,0
BRDA:323,77,1,0
BRDA:342,78,0,0
BRDA:342,78,1,0
BRDA:345,79,0,0
BRDA:345,79,1,0
BRDA:345,80,0,0
BRDA:345,80,1,0
BRDA:345,80,2,0
BRDA:351,81,0,0
BRDA:351,81,1,0
BRDA:353,82,0,0
BRDA:353,82,1,0
BRDA:353,83,0,0
BRDA:353,83,1,0
BRDA:353,83,2,0
BRDA:353,83,3,0
BRDA:356,84,0,0
BRDA:356,84,1,0
BRDA:356,85,0,0
BRDA:356,85,1,0
BRDA:356,85,2,0
BRDA:390,86,0,0
BRDA:390,86,1,0
BRDA:402,87,0,0
BRDA:402,87,1,0
BRDA:402,88,0,0
BRDA:402,88,1,0
BRDA:422,89,0,0
BRDA:422,89,1,0
BRDA:433,90,0,0
BRDA:433,90,1,0
BRDA:443,91,0,0
BRDA:443,91,1,0
BRDA:443,91,2,0
BRDA:443,91,3,0
BRDA:444,92,0,0
BRDA:444,92,1,0
BRDA:450,93,0,0
BRDA:450,93,1,0
BRDA:450,93,2,0
BRDA:454,94,0,0
BRDA:454,94,1,0
BRDA:454,95,0,0
BRDA:454,95,1,0
BRDA:455,96,0,0
BRDA:455,96,1,0
BRDA:493,97,0,0
BRDA:493,97,1,0
BRDA:497,98,0,0
BRDA:497,98,1,0
BRDA:497,99,0,0
BRDA:497,99,1,0
BRDA:508,100,0,0
BRDA:508,100,1,0
BRDA:509,101,0,0
BRDA:509,101,1,0
BRDA:509,102,0,0
BRDA:509,102,1,0
BRDA:514,103,0,0
BRDA:514,103,1,0
BRDA:515,104,0,0
BRDA:515,104,1,0
BRDA:517,105,0,0
BRDA:517,105,1,0
BRDA:519,106,0,0
BRDA:519,106,1,0
BRDA:519,107,0,0
BRDA:519,107,1,0
BRDA:519,107,2,0
BRDA:526,108,0,0
BRDA:526,108,1,0
BRDA:526,109,0,0
BRDA:526,109,1,0
BRDA:526,109,2,0
BRDA:558,110,0,0
BRDA:558,110,1,0
BRDA:563,111,0,0
BRDA:563,111,1,0
BRDA:563,111,2,0
BRDA:564,112,0,0
BRDA:564,112,1,0
BRDA:564,113,0,0
BRDA:564,113,1,0
BRDA:564,113,2,0
BRDA:571,114,0,0
BRDA:571,114,1,0
BRDA:573,115,0,0
BRDA:573,115,1,0
BRDA:575,116,0,0
BRDA:575,116,1,0
BRDA:576,117,0,0
BRDA:576,117,1,0
BRDA:577,118,0,0
BRDA:577,118,1,0
BRDA:610,119,0,0
BRDA:610,119,1,0
BRDA:615,120,0,0
BRDA:615,120,1,0
BRDA:615,120,2,0
BRDA:616,121,0,0
BRDA:616,121,1,0
BRDA:616,122,0,0
BRDA:616,122,1,0
BRDA:616,122,2,0
BRDA:621,123,0,0
BRDA:621,123,1,0
BRDA:621,124,0,0
BRDA:621,124,1,0
BRDA:621,124,2,0
BRDA:621,125,0,0
BRDA:621,125,1,0
BRDA:628,126,0,0
BRDA:628,126,1,0
BRDA:636,127,0,0
BRDA:636,127,1,0
BRDA:638,128,0,0
BRDA:638,128,1,0
BRDA:640,129,0,0
BRDA:640,129,1,0
BRDA:666,130,0,0
BRDA:666,130,1,0
BRDA:671,131,0,0
BRDA:671,131,1,0
BRDA:671,131,2,0
BRDA:672,132,0,0
BRDA:672,132,1,0
BRDA:672,133,0,0
BRDA:672,133,1,0
BRDA:672,133,2,0
BRDA:676,134,0,0
BRDA:676,134,1,0
BRDA:676,135,0,0
BRDA:676,135,1,0
BRDA:681,136,0,0
BRDA:681,136,1,0
BRDA:682,137,0,0
BRDA:682,137,1,0
BRDA:691,138,0,0
BRDA:691,138,1,0
BRDA:691,138,2,0
BRDA:694,139,0,0
BRDA:694,139,1,0
BRDA:705,140,0,0
BRDA:705,140,1,0
BRDA:731,141,0,0
BRDA:731,141,1,0
BRDA:735,142,0,0
BRDA:735,142,1,0
BRDA:736,143,0,0
BRDA:736,143,1,0
BRDA:737,144,0,0
BRDA:737,144,1,0
BRDA:737,145,0,0
BRDA:737,145,1,0
BRDA:737,145,2,0
BRDA:737,145,3,0
BRDA:741,146,0,0
BRDA:741,146,1,0
BRDA:743,147,0,0
BRDA:743,147,1,0
BRDA:745,148,0,0
BRDA:745,148,1,0
BRDA:747,149,0,0
BRDA:747,149,1,0
BRDA:748,150,0,0
BRDA:748,150,1,0
BRDA:750,151,0,0
BRDA:750,151,1,0
BRDA:751,152,0,0
BRDA:751,152,1,0
BRDA:753,153,0,0
BRDA:753,153,1,0
BRDA:765,154,0,0
BRDA:765,154,1,0
BRDA:791,155,0,0
BRDA:791,155,1,0
BRDA:791,156,0,0
BRDA:791,156,1,0
BRDA:795,157,0,0
BRDA:795,157,1,0
BRDA:795,158,0,0
BRDA:795,158,1,0
BRDA:831,159,0,0
BRDA:831,159,1,0
BRDA:831,160,0,0
BRDA:831,160,1,0
BRF:345
BRH:0
end_of_record
TN:
SF:controllers\chatController.js
FN:12,(anonymous_0)
FN:51,(anonymous_1)
FN:69,(anonymous_2)
FN:88,(anonymous_3)
FN:94,(anonymous_4)
FN:113,(anonymous_5)
FN:142,(anonymous_6)
FN:151,(anonymous_7)
FN:160,(anonymous_8)
FN:182,(anonymous_9)
FN:196,(anonymous_10)
FN:200,(anonymous_11)
FN:216,(anonymous_12)
FN:245,(anonymous_13)
FN:253,(anonymous_14)
FNF:15
FNH:0
FNDA:0,(anonymous_0)
FNDA:0,(anonymous_1)
FNDA:0,(anonymous_2)
FNDA:0,(anonymous_3)
FNDA:0,(anonymous_4)
FNDA:0,(anonymous_5)
FNDA:0,(anonymous_6)
FNDA:0,(anonymous_7)
FNDA:0,(anonymous_8)
FNDA:0,(anonymous_9)
FNDA:0,(anonymous_10)
FNDA:0,(anonymous_11)
FNDA:0,(anonymous_12)
FNDA:0,(anonymous_13)
FNDA:0,(anonymous_14)
DA:12,29
DA:13,0
DA:14,0
DA:16,0
DA:17,0
DA:20,0
DA:21,0
DA:22,0
DA:24,0
DA:26,0
DA:27,0
DA:31,0
DA:34,0
DA:35,0
DA:37,0
DA:41,0
DA:43,0
DA:44,0
DA:51,29
DA:52,0
DA:53,0
DA:59,0
DA:61,0
DA:62,0
DA:69,29
DA:70,0
DA:71,0
DA:72,0
DA:73,0
DA:75,0
DA:76,0
DA:79,0
DA:80,0
DA:83,0
DA:84,0
DA:85,0
DA:88,0
DA:89,0
DA:92,0
DA:93,0
DA:94,0
DA:99,0
DA:101,0
DA:104,0
DA:105,0
DA:106,0
DA:112,0
DA:113,0
DA:114,0
DA:115,0
DA:119,0
DA:122,0
DA:123,0
DA:139,0
DA:140,0
DA:141,0
DA:142,0
DA:143,0
DA:144,0
DA:145,0
DA:150,0
DA:151,0
DA:152,0
DA:155,0
DA:156,0
DA:157,0
DA:160,0
DA:164,0
DA:167,0
DA:174,0
DA:175,0
DA:182,29
DA:183,0
DA:184,0
DA:186,0
DA:187,0
DA:190,0
DA:192,0
DA:193,0
DA:196,0
DA:197,0
DA:200,0
DA:206,0
DA:208,0
DA:209,0
DA:216,29
DA:217,0
DA:218,0
DA:220,0
DA:221,0
DA:224,0
DA:225,0
DA:226,0
DA:229,0
DA:231,0
DA:232,0
DA:235,0
DA:237,0
DA:238,0
DA:245,29
DA:246,0
DA:247,0
DA:249,0
DA:250,0
DA:253,0
DA:255,0
DA:256,0
DA:258,0
DA:261,0
DA:263,0
DA:264,0
LF:111
LH:6
BRDA:16,0,0,0
BRDA:16,0,1,0
BRDA:22,1,0,0
BRDA:22,1,1,0
BRDA:26,2,0,0
BRDA:26,2,1,0
BRDA:29,3,0,0
BRDA:29,3,1,0
BRDA:72,4,0,0
BRDA:72,4,1,0
BRDA:72,4,2,0
BRDA:75,5,0,0
BRDA:75,5,1,0
BRDA:75,6,0,0
BRDA:75,6,1,0
BRDA:79,7,0,0
BRDA:79,7,1,0
BRDA:84,8,0,0
BRDA:84,8,1,0
BRDA:88,9,0,0
BRDA:88,9,1,0
BRDA:93,10,0,0
BRDA:93,10,1,0
BRDA:93,11,0,0
BRDA:93,11,1,0
BRDA:96,12,0,0
BRDA:96,12,1,0
BRDA:112,13,0,0
BRDA:112,13,1,0
BRDA:114,14,0,0
BRDA:114,14,1,0
BRDA:114,15,0,0
BRDA:114,15,1,0
BRDA:122,16,0,0
BRDA:122,16,1,0
BRDA:134,17,0,0
BRDA:134,17,1,0
BRDA:143,18,0,0
BRDA:143,18,1,0
BRDA:145,19,0,0
BRDA:145,19,1,0
BRDA:146,20,0,0
BRDA:146,20,1,0
BRDA:146,20,2,0
BRDA:151,21,0,0
BRDA:151,21,1,0
BRDA:151,22,0,0
BRDA:151,22,1,0
BRDA:155,23,0,0
BRDA:155,23,1,0
BRDA:155,24,0,0
BRDA:155,24,1,0
BRDA:159,25,0,0
BRDA:159,25,1,0
BRDA:159,26,0,0
BRDA:159,26,1,0
BRDA:186,27,0,0
BRDA:186,27,1,0
BRDA:192,28,0,0
BRDA:192,28,1,0
BRDA:196,29,0,0
BRDA:196,29,1,0
BRDA:203,30,0,0
BRDA:203,30,1,0
BRDA:204,31,0,0
BRDA:204,31,1,0
BRDA:220,32,0,0
BRDA:220,32,1,0
BRDA:225,33,0,0
BRDA:225,33,1,0
BRDA:231,34,0,0
BRDA:231,34,1,0
BRDA:249,35,0,0
BRDA:249,35,1,0
BRDA:255,36,0,0
BRDA:255,36,1,0
BRF:76
BRH:0
end_of_record
TN:
SF:controllers\contactController.js
FN:4,(anonymous_0)
FN:32,(anonymous_1)
FN:41,(anonymous_2)
FNF:3
FNH:0
FNDA:0,(anonymous_0)
FNDA:0,(anonymous_1)
FNDA:0,(anonymous_2)
DA:4,29
DA:5,0
DA:6,0
DA:7,0
DA:8,0
DA:10,0
DA:12,0
DA:25,0
DA:27,0
DA:28,0
DA:32,29
DA:33,0
DA:34,0
DA:35,0
DA:37,0
DA:41,29
DA:42,0
DA:43,0
DA:44,0
DA:45,0
DA:47,0
LF:21
LH:3
BRDA:7,0,0,0
BRDA:7,0,1,0
BRDA:7,1,0,0
BRDA:7,1,1,0
BRDA:7,1,2,0
BRDA:7,1,3,0
BRDA:13,2,0,0
BRDA:13,2,1,0
BRDA:44,3,0,0
BRDA:44,3,1,0
BRF:10
BRH:0
end_of_record
TN:
SF:controllers\conversionFunnelController.js
FN:9,(anonymous_0)
FN:48,(anonymous_1)
FN:92,(anonymous_2)
FN:138,(anonymous_3)
FN:185,(anonymous_4)
FN:229,(anonymous_5)
FN:279,(anonymous_6)
FN:293,(anonymous_7)
FN:294,(anonymous_8)
FN:295,(anonymous_9)
FN:296,(anonymous_10)
FN:297,(anonymous_11)
FN:308,(anonymous_12)
FN:308,(anonymous_13)
FN:309,(anonymous_14)
FN:311,(anonymous_15)
FN:311,(anonymous_16)
FN:312,(anonymous_17)
FN:314,(anonymous_18)
FN:314,(anonymous_19)
FN:315,(anonymous_20)
FN:317,(anonymous_21)
FN:317,(anonymous_22)
FN:318,(anonymous_23)
FN:352,(anonymous_24)
FN:364,(anonymous_25)
FN:365,(anonymous_26)
FN:366,(anonymous_27)
FN:367,(anonymous_28)
FN:368,(anonymous_29)
FN:369,(anonymous_30)
FN:373,(anonymous_31)
FNF:32
FNH:0
FNDA:0,(anonymous_0)
FNDA:0,(anonymous_1)
FNDA:0,(anonymous_2)
FNDA:0,(anonymous_3)
FNDA:0,(anonymous_4)
FNDA:0,(anonymous_5)
FNDA:0,(anonymous_6)
FNDA:0,(anonymous_7)
FNDA:0,(anonymous_8)
FNDA:0,(anonymous_9)
FNDA:0,(anonymous_10)
FNDA:0,(anonymous_11)
FNDA:0,(anonymous_12)
FNDA:0,(anonymous_13)
FNDA:0,(anonymous_14)
FNDA:0,(anonymous_15)
FNDA:0,(anonymous_16)
FNDA:0,(anonymous_17)
FNDA:0,(anonymous_18)
FNDA:0,(anonymous_19)
FNDA:0,(anonymous_20)
FNDA:0,(anonymous_21)
FNDA:0,(anonymous_22)
FNDA:0,(anonymous_23)
FNDA:0,(anonymous_24)
FNDA:0,(anonymous_25)
FNDA:0,(anonymous_26)
FNDA:0,(anonymous_27)
FNDA:0,(anonymous_28)
FNDA:0,(anonymous_29)
FNDA:0,(anonymous_30)
FNDA:0,(anonymous_31)
DA:9,29
DA:10,0
DA:11,0
DA:12,0
DA:14,0
DA:15,0
DA:18,0
DA:20,0
DA:21,0
DA:22,0
DA:31,0
DA:32,0
DA:33,0
DA:35,0
DA:39,0
DA:40,0
DA:42,0
DA:43,0
DA:48,29
DA:49,0
DA:50,0
DA:51,0
DA:53,0
DA:54,0
DA:57,0
DA:59,0
DA:60,0
DA:61,0
DA:72,0
DA:73,0
DA:74,0
DA:77,0
DA:78,0
DA:79,0
DA:83,0
DA:84,0
DA:86,0
DA:87,0
DA:92,29
DA:93,0
DA:94,0
DA:95,0
DA:97,0
DA:98,0
DA:101,0
DA:103,0
DA:104,0
DA:105,0
DA:117,0
DA:118,0
DA:119,0
DA:120,0
DA:123,0
DA:124,0
DA:125,0
DA:129,0
DA:130,0
DA:132,0
DA:133,0
DA:138,29
DA:139,0
DA:140,0
DA:141,0
DA:142,0
DA:144,0
DA:145,0
DA:148,0
DA:150,0
DA:151,0
DA:152,0
DA:164,0
DA:165,0
DA:166,0
DA:167,0
DA:170,0
DA:171,0
DA:172,0
DA:176,0
DA:177,0
DA:179,0
DA:180,0
DA:185,29
DA:186,0
DA:187,0
DA:188,0
DA:190,0
DA:191,0
DA:194,0
DA:196,0
DA:197,0
DA:198,0
DA:209,0
DA:210,0
DA:211,0
DA:214,0
DA:215,0
DA:216,0
DA:220,0
DA:221,0
DA:223,0
DA:224,0
DA:229,29
DA:230,0
DA:231,0
DA:232,0
DA:233,0
DA:235,0
DA:236,0
DA:239,0
DA:241,0
DA:242,0
DA:243,0
DA:255,0
DA:256,0
DA:257,0
DA:258,0
DA:261,0
DA:262,0
DA:263,0
DA:267,0
DA:268,0
DA:270,0
DA:271,0
DA:279,29
DA:280,0
DA:281,0
DA:282,0
DA:284,0
DA:285,0
DA:289,0
DA:292,0
DA:293,0
DA:294,0
DA:295,0
DA:296,0
DA:297,0
DA:300,0
DA:301,0
DA:302,0
DA:303,0
DA:304,0
DA:308,0
DA:309,0
DA:311,0
DA:312,0
DA:314,0
DA:315,0
DA:317,0
DA:318,0
DA:320,0
DA:347,0
DA:348,0
DA:352,29
DA:353,0
DA:354,0
DA:356,0
DA:357,0
DA:361,0
DA:364,0
DA:365,0
DA:366,0
DA:367,0
DA:368,0
DA:369,0
DA:372,0
DA:373,0
DA:374,0
DA:375,0
DA:376,0
DA:385,0
DA:386,0
DA:387,0
DA:388,0
DA:389,0
DA:390,0
DA:393,0
DA:408,0
DA:409,0
LF:178
LH:8
BRDA:14,0,0,0
BRDA:14,0,1,0
BRDA:20,1,0,0
BRDA:20,1,1,0
BRDA:33,2,0,0
BRDA:33,2,1,0
BRDA:35,3,0,0
BRDA:35,3,1,0
BRDA:53,4,0,0
BRDA:53,4,1,0
BRDA:59,5,0,0
BRDA:59,5,1,0
BRDA:77,6,0,0
BRDA:77,6,1,0
BRDA:97,7,0,0
BRDA:97,7,1,0
BRDA:103,8,0,0
BRDA:103,8,1,0
BRDA:118,9,0,0
BRDA:118,9,1,0
BRDA:123,10,0,0
BRDA:123,10,1,0
BRDA:123,11,0,0
BRDA:123,11,1,0
BRDA:144,12,0,0
BRDA:144,12,1,0
BRDA:150,13,0,0
BRDA:150,13,1,0
BRDA:165,14,0,0
BRDA:165,14,1,0
BRDA:170,15,0,0
BRDA:170,15,1,0
BRDA:170,16,0,0
BRDA:170,16,1,0
BRDA:190,17,0,0
BRDA:190,17,1,0
BRDA:196,18,0,0
BRDA:196,18,1,0
BRDA:210,19,0,0
BRDA:210,19,1,0
BRDA:214,20,0,0
BRDA:214,20,1,0
BRDA:214,21,0,0
BRDA:214,21,1,0
BRDA:235,22,0,0
BRDA:235,22,1,0
BRDA:241,23,0,0
BRDA:241,23,1,0
BRDA:256,24,0,0
BRDA:256,24,1,0
BRDA:261,25,0,0
BRDA:261,25,1,0
BRDA:261,26,0,0
BRDA:261,26,1,0
BRDA:284,27,0,0
BRDA:284,27,1,0
BRDA:300,28,0,0
BRDA:300,28,1,0
BRDA:301,29,0,0
BRDA:301,29,1,0
BRDA:302,30,0,0
BRDA:302,30,1,0
BRDA:303,31,0,0
BRDA:303,31,1,0
BRDA:304,32,0,0
BRDA:304,32,1,0
BRDA:309,33,0,0
BRDA:309,33,1,0
BRDA:312,34,0,0
BRDA:312,34,1,0
BRDA:315,35,0,0
BRDA:315,35,1,0
BRDA:318,36,0,0
BRDA:318,36,1,0
BRDA:356,37,0,0
BRDA:356,37,1,0
BRDA:375,38,0,0
BRDA:375,38,1,0
BRDA:386,39,0,0
BRDA:386,39,1,0
BRDA:387,40,0,0
BRDA:387,40,1,0
BRDA:388,41,0,0
BRDA:388,41,1,0
BRDA:389,42,0,0
BRDA:389,42,1,0
BRDA:390,43,0,0
BRDA:390,43,1,0
BRF:88
BRH:0
end_of_record
TN:
SF:controllers\dealerHealthScoreController.js
FN:22,(anonymous_0)
FN:55,(anonymous_1)
FN:132,(anonymous_2)
FN:156,(anonymous_3)
FN:182,(anonymous_4)
FN:190,(anonymous_5)
FN:211,(anonymous_6)
FN:237,(anonymous_7)
FN:271,(anonymous_8)
FN:335,(anonymous_9)
FN:356,(anonymous_10)
FNF:11
FNH:0
FNDA:0,(anonymous_0)
FNDA:0,(anonymous_1)
FNDA:0,(anonymous_2)
FNDA:0,(anonymous_3)
FNDA:0,(anonymous_4)
FNDA:0,(anonymous_5)
FNDA:0,(anonymous_6)
FNDA:0,(anonymous_7)
FNDA:0,(anonymous_8)
FNDA:0,(anonymous_9)
FNDA:0,(anonymous_10)
DA:22,29
DA:23,0
DA:24,0
DA:26,0
DA:31,0
DA:32,0
DA:38,0
DA:43,0
DA:44,0
DA:55,29
DA:56,0
DA:57,0
DA:59,0
DA:61,0
DA:62,0
DA:68,0
DA:120,0
DA:121,0
DA:132,29
DA:133,0
DA:134,0
DA:136,0
DA:138,0
DA:144,0
DA:145,0
DA:156,29
DA:157,0
DA:158,0
DA:159,0
DA:161,0
DA:163,0
DA:170,0
DA:171,0
DA:182,29
DA:183,0
DA:184,0
DA:186,0
DA:188,0
DA:190,0
DA:199,0
DA:200,0
DA:211,29
DA:212,0
DA:213,0
DA:215,0
DA:217,0
DA:219,0
DA:225,0
DA:226,0
DA:237,29
DA:238,0
DA:239,0
DA:241,0
DA:244,0
DA:245,0
DA:253,0
DA:259,0
DA:260,0
DA:271,29
DA:272,0
DA:273,0
DA:274,0
DA:276,0
DA:277,0
DA:283,0
DA:285,0
DA:286,0
DA:292,0
DA:293,0
DA:295,0
DA:306,0
DA:309,0
DA:316,0
DA:323,0
DA:324,0
DA:335,29
DA:336,0
DA:337,0
DA:339,0
DA:344,0
DA:345,0
DA:356,29
DA:357,0
DA:359,0
DA:367,0
DA:373,0
DA:374,0
LF:87
LH:10
BRDA:31,0,0,0
BRDA:31,0,1,0
BRDA:61,1,0,0
BRDA:61,1,1,0
BRDA:134,2,0,0
BRDA:159,3,0,0
BRDA:244,4,0,0
BRDA:244,4,1,0
BRDA:276,5,0,0
BRDA:276,5,1,0
BRDA:276,6,0,0
BRDA:276,6,1,0
BRDA:276,6,2,0
BRDA:285,7,0,0
BRDA:285,7,1,0
BRF:15
BRH:0
end_of_record
TN:
SF:controllers\disputeController.js
FN:9,(anonymous_0)
FN:67,(anonymous_1)
FN:117,getFileType
FN:128,(anonymous_3)
FN:202,(anonymous_4)
FN:252,(anonymous_5)
FN:289,(anonymous_6)
FN:313,(anonymous_7)
FN:339,(anonymous_8)
FNF:9
FNH:0
FNDA:0,(anonymous_0)
FNDA:0,(anonymous_1)
FNDA:0,getFileType
FNDA:0,(anonymous_3)
FNDA:0,(anonymous_4)
FNDA:0,(anonymous_5)
FNDA:0,(anonymous_6)
FNDA:0,(anonymous_7)
FNDA:0,(anonymous_8)
DA:9,29
DA:10,0
DA:11,0
DA:12,0
DA:14,0
DA:15,0
DA:19,0
DA:20,0
DA:21,0
DA:24,0
DA:25,0
DA:28,0
DA:29,0
DA:33,0
DA:36,0
DA:47,0
DA:50,0
DA:51,0
DA:52,0
DA:53,0
DA:54,0
DA:56,0
DA:58,0
DA:59,0
DA:67,29
DA:68,0
DA:69,0
DA:70,0
DA:71,0
DA:73,0
DA:74,0
DA:78,0
DA:79,0
DA:80,0
DA:83,0
DA:84,0
DA:87,0
DA:88,0
DA:92,0
DA:95,0
DA:98,0
DA:107,0
DA:109,0
DA:111,0
DA:112,0
DA:118,0
DA:119,0
DA:120,0
DA:121,0
DA:128,29
DA:129,0
DA:130,0
DA:131,0
DA:132,0
DA:134,0
DA:135,0
DA:139,0
DA:140,0
DA:141,0
DA:144,0
DA:145,0
DA:149,0
DA:150,0
DA:151,0
DA:155,0
DA:156,0
DA:157,0
DA:158,0
DA:159,0
DA:160,0
DA:161,0
DA:162,0
DA:163,0
DA:164,0
DA:165,0
DA:166,0
DA:167,0
DA:168,0
DA:169,0
DA:170,0
DA:171,0
DA:172,0
DA:173,0
DA:174,0
DA:178,0
DA:187,0
DA:188,0
DA:189,0
DA:191,0
DA:193,0
DA:194,0
DA:202,29
DA:203,0
DA:204,0
DA:205,0
DA:206,0
DA:208,0
DA:209,0
DA:213,0
DA:214,0
DA:215,0
DA:218,0
DA:219,0
DA:222,0
DA:223,0
DA:226,0
DA:227,0
DA:231,0
DA:238,0
DA:239,0
DA:241,0
DA:243,0
DA:244,0
DA:252,29
DA:253,0
DA:254,0
DA:255,0
DA:257,0
DA:266,0
DA:267,0
DA:271,0
DA:272,0
DA:274,0
DA:275,0
DA:278,0
DA:280,0
DA:281,0
DA:289,29
DA:290,0
DA:291,0
DA:293,0
DA:302,0
DA:304,0
DA:305,0
DA:313,29
DA:314,0
DA:315,0
DA:316,0
DA:318,0
DA:319,0
DA:321,0
DA:328,0
DA:330,0
DA:331,0
DA:339,29
DA:340,0
DA:341,0
DA:342,0
DA:343,0
DA:345,0
DA:346,0
DA:349,0
DA:350,0
DA:351,0
DA:354,0
DA:360,0
DA:362,0
DA:364,0
DA:365,0
LF:159
LH:8
BRDA:14,0,0,0
BRDA:14,0,1,0
BRDA:14,1,0,0
BRDA:14,1,1,0
BRDA:14,1,2,0
BRDA:14,1,3,0
BRDA:20,2,0,0
BRDA:20,2,1,0
BRDA:24,3,0,0
BRDA:24,3,1,0
BRDA:24,4,0,0
BRDA:24,4,1,0
BRDA:28,5,0,0
BRDA:28,5,1,0
BRDA:33,6,0,0
BRDA:33,6,1,0
BRDA:73,7,0,0
BRDA:73,7,1,0
BRDA:79,8,0,0
BRDA:79,8,1,0
BRDA:83,9,0,0
BRDA:83,9,1,0
BRDA:83,10,0,0
BRDA:83,10,1,0
BRDA:87,11,0,0
BRDA:87,11,1,0
BRDA:87,12,0,0
BRDA:87,12,1,0
BRDA:95,13,0,0
BRDA:95,13,1,0
BRDA:118,14,0,0
BRDA:118,14,1,0
BRDA:119,15,0,0
BRDA:119,15,1,0
BRDA:120,16,0,0
BRDA:120,16,1,0
BRDA:134,17,0,0
BRDA:134,17,1,0
BRDA:140,18,0,0
BRDA:140,18,1,0
BRDA:144,19,0,0
BRDA:144,19,1,0
BRDA:144,20,0,0
BRDA:144,20,1,0
BRDA:150,21,0,0
BRDA:150,21,1,0
BRDA:155,22,0,0
BRDA:155,22,1,0
BRDA:156,23,0,0
BRDA:156,23,1,0
BRDA:157,24,0,0
BRDA:157,24,1,0
BRDA:159,25,0,0
BRDA:159,25,1,0
BRDA:165,26,0,0
BRDA:165,26,1,0
BRDA:167,27,0,0
BRDA:167,27,1,0
BRDA:172,28,0,0
BRDA:172,28,1,0
BRDA:173,29,0,0
BRDA:173,29,1,0
BRDA:180,30,0,0
BRDA:180,30,1,0
BRDA:181,31,0,0
BRDA:181,31,1,0
BRDA:182,32,0,0
BRDA:182,32,1,0
BRDA:182,32,2,0
BRDA:208,33,0,0
BRDA:208,33,1,0
BRDA:214,34,0,0
BRDA:214,34,1,0
BRDA:218,35,0,0
BRDA:218,35,1,0
BRDA:218,36,0,0
BRDA:218,36,1,0
BRDA:222,37,0,0
BRDA:222,37,1,0
BRDA:226,38,0,0
BRDA:226,38,1,0
BRDA:226,39,0,0
BRDA:226,39,1,0
BRDA:233,40,0,0
BRDA:233,40,1,0
BRDA:266,41,0,0
BRDA:266,41,1,0
BRDA:271,42,0,0
BRDA:271,42,1,0
BRDA:272,43,0,0
BRDA:272,43,1,0
BRDA:274,44,0,0
BRDA:274,44,1,0
BRDA:274,45,0,0
BRDA:274,45,1,0
BRDA:318,46,0,0
BRDA:318,46,1,0
BRDA:319,47,0,0
BRDA:319,47,1,0
BRDA:345,48,0,0
BRDA:345,48,1,0
BRDA:350,49,0,0
BRDA:350,49,1,0
BRF:103
BRH:0
end_of_record
TN:
SF:controllers\duplicateController.js
FN:16,(anonymous_0)
FN:62,(anonymous_1)
FN:98,(anonymous_2)
FN:147,(anonymous_3)
FN:204,(anonymous_4)
FN:253,(anonymous_5)
FN:290,(anonymous_6)
FN:294,(anonymous_7)
FN:312,(anonymous_8)
FNF:9
FNH:0
FNDA:0,(anonymous_0)
FNDA:0,(anonymous_1)
FNDA:0,(anonymous_2)
FNDA:0,(anonymous_3)
FNDA:0,(anonymous_4)
FNDA:0,(anonymous_5)
FNDA:0,(anonymous_6)
FNDA:0,(anonymous_7)
FNDA:0,(anonymous_8)
DA:16,29
DA:17,0
DA:18,0
DA:20,0
DA:21,0
DA:22,0
DA:24,0
DA:26,0
DA:40,0
DA:51,0
DA:52,0
DA:62,29
DA:63,0
DA:64,0
DA:66,0
DA:75,0
DA:76,0
DA:82,0
DA:87,0
DA:88,0
DA:98,29
DA:99,0
DA:100,0
DA:101,0
DA:103,0
DA:104,0
DA:105,0
DA:112,0
DA:115,0
DA:116,0
DA:117,0
DA:118,0
DA:119,0
DA:120,0
DA:121,0
DA:124,0
DA:130,0
DA:136,0
DA:137,0
DA:147,29
DA:148,0
DA:149,0
DA:150,0
DA:152,0
DA:153,0
DA:154,0
DA:161,0
DA:164,0
DA:165,0
DA:166,0
DA:168,0
DA:169,0
DA:170,0
DA:171,0
DA:172,0
DA:174,0
DA:177,0
DA:180,0
DA:187,0
DA:193,0
DA:194,0
DA:204,29
DA:205,0
DA:206,0
DA:207,0
DA:209,0
DA:210,0
DA:211,0
DA:217,0
DA:218,0
DA:219,0
DA:220,0
DA:221,0
DA:224,0
DA:225,0
DA:226,0
DA:227,0
DA:230,0
DA:236,0
DA:242,0
DA:243,0
DA:253,29
DA:254,0
DA:255,0
DA:256,0
DA:259,0
DA:274,0
DA:279,0
DA:281,0
DA:291,0
DA:292,0
DA:295,0
DA:296,0
DA:301,0
DA:302,0
DA:312,29
DA:313,0
DA:314,0
DA:316,0
DA:317,0
DA:318,0
DA:319,0
DA:320,0
DA:321,0
DA:323,0
DA:330,0
DA:335,0
DA:336,0
LF:108
LH:7
BRDA:18,0,0,0
BRDA:18,1,0,0
BRDA:21,2,0,0
BRDA:21,2,1,0
BRDA:22,3,0,0
BRDA:22,3,1,0
BRDA:75,4,0,0
BRDA:75,4,1,0
BRDA:104,5,0,0
BRDA:104,5,1,0
BRDA:116,6,0,0
BRDA:116,6,1,0
BRDA:150,7,0,0
BRDA:153,8,0,0
BRDA:153,8,1,0
BRDA:165,9,0,0
BRDA:165,9,1,0
BRDA:168,10,0,0
BRDA:168,10,1,0
BRDA:172,11,0,0
BRDA:172,11,1,0
BRDA:210,12,0,0
BRDA:210,12,1,0
BRDA:225,13,0,0
BRDA:225,13,1,0
BRDA:255,14,0,0
BRDA:279,15,0,0
BRDA:279,15,1,0
BRDA:289,16,0,0
BRDA:289,16,1,0
BRDA:317,17,0,0
BRDA:317,17,1,0
BRDA:318,18,0,0
BRDA:318,18,1,0
BRDA:319,19,0,0
BRDA:319,19,1,0
BRDA:321,20,0,0
BRDA:321,20,1,0
BRF:38
BRH:0
end_of_record
TN:
SF:controllers\escrowController.js
FN:15,(anonymous_0)
FN:32,(anonymous_1)
FN:56,(anonymous_2)
FN:90,(anonymous_3)
FN:122,(anonymous_4)
FN:144,(anonymous_5)
FN:178,(anonymous_6)
FN:196,(anonymous_7)
FN:206,(anonymous_8)
FN:223,(anonymous_9)
FN:241,(anonymous_10)
FN:256,(anonymous_11)
FN:331,(anonymous_12)
FN:379,(anonymous_13)
FN:439,(anonymous_14)
FNF:15
FNH:0
FNDA:0,(anonymous_0)
FNDA:0,(anonymous_1)
FNDA:0,(anonymous_2)
FNDA:0,(anonymous_3)
FNDA:0,(anonymous_4)
FNDA:0,(anonymous_5)
FNDA:0,(anonymous_6)
FNDA:0,(anonymous_7)
FNDA:0,(anonymous_8)
FNDA:0,(anonymous_9)
FNDA:0,(anonymous_10)
FNDA:0,(anonymous_11)
FNDA:0,(anonymous_12)
FNDA:0,(anonymous_13)
FNDA:0,(anonymous_14)
DA:15,29
DA:16,0
DA:17,0
DA:19,0
DA:24,0
DA:25,0
DA:32,29
DA:33,0
DA:34,0
DA:36,0
DA:43,0
DA:48,0
DA:49,0
DA:56,29
DA:57,0
DA:58,0
DA:59,0
DA:61,0
DA:62,0
DA:69,0
DA:70,0
DA:71,0
DA:77,0
DA:82,0
DA:83,0
DA:90,29
DA:91,0
DA:92,0
DA:93,0
DA:94,0
DA:96,0
DA:97,0
DA:100,0
DA:101,0
DA:105,0
DA:106,0
DA:107,0
DA:109,0
DA:112,0
DA:115,0
DA:116,0
DA:117,0
DA:118,0
DA:119,0
DA:122,0
DA:126,0
DA:134,0
DA:136,0
DA:137,0
DA:144,29
DA:145,0
DA:146,0
DA:147,0
DA:149,0
DA:150,0
DA:153,0
DA:154,0
DA:157,0
DA:158,0
DA:161,0
DA:162,0
DA:170,0
DA:172,0
DA:173,0
DA:178,29
DA:179,0
DA:180,0
DA:181,0
DA:182,0
DA:183,0
DA:186,0
DA:187,0
DA:190,0
DA:191,0
DA:192,0
DA:193,0
DA:196,0
DA:200,0
DA:201,0
DA:202,0
DA:203,0
DA:206,0
DA:209,0
DA:213,0
DA:218,0
DA:223,29
DA:224,0
DA:225,0
DA:226,0
DA:227,0
DA:228,0
DA:231,0
DA:232,0
DA:235,0
DA:236,0
DA:237,0
DA:238,0
DA:241,0
DA:244,0
DA:249,0
DA:256,29
DA:257,0
DA:258,0
DA:259,0
DA:261,0
DA:262,0
DA:264,0
DA:265,0
DA:268,0
DA:269,0
DA:273,0
DA:274,0
DA:280,0
DA:281,0
DA:282,0
DA:284,0
DA:285,0
DA:286,0
DA:287,0
DA:289,0
DA:294,0
DA:296,0
DA:297,0
DA:298,0
DA:299,0
DA:300,0
DA:306,0
DA:307,0
DA:309,0
DA:310,0
DA:311,0
DA:312,0
DA:313,0
DA:317,0
DA:322,0
DA:323,0
DA:331,0
DA:336,0
DA:338,0
DA:347,0
DA:349,0
DA:355,0
DA:356,0
DA:357,0
DA:361,0
DA:362,0
DA:367,0
DA:369,0
DA:379,29
DA:380,0
DA:381,0
DA:382,0
DA:384,0
DA:386,0
DA:387,0
DA:390,0
DA:391,0
DA:394,0
DA:395,0
DA:396,0
DA:399,0
DA:401,0
DA:406,0
DA:407,0
DA:409,0
DA:410,0
DA:411,0
DA:418,0
DA:420,0
DA:421,0
DA:422,0
DA:423,0
DA:426,0
DA:431,0
DA:432,0
DA:439,0
DA:441,0
DA:450,0
DA:452,0
DA:457,0
DA:458,0
DA:459,0
DA:463,0
DA:464,0
DA:469,0
DA:471,0
LF:186
LH:9
BRDA:58,0,0,0
BRDA:58,0,1,0
BRDA:61,1,0,0
BRDA:61,1,1,0
BRDA:70,2,0,0
BRDA:70,2,1,0
BRDA:70,3,0,0
BRDA:70,3,1,0
BRDA:70,3,2,0
BRDA:92,4,0,0
BRDA:92,4,1,0
BRDA:94,5,0,0
BRDA:94,5,1,0
BRDA:96,6,0,0
BRDA:96,6,1,0
BRDA:96,7,0,0
BRDA:96,7,1,0
BRDA:100,8,0,0
BRDA:100,8,1,0
BRDA:118,9,0,0
BRDA:118,9,1,0
BRDA:118,10,0,0
BRDA:118,10,1,0
BRDA:137,11,0,0
BRDA:137,11,1,0
BRDA:147,12,0,0
BRDA:147,12,1,0
BRDA:149,13,0,0
BRDA:149,13,1,0
BRDA:149,14,0,0
BRDA:149,14,1,0
BRDA:153,15,0,0
BRDA:153,15,1,0
BRDA:161,16,0,0
BRDA:161,16,1,0
BRDA:164,17,0,0
BRDA:164,17,1,0
BRDA:183,18,0,0
BRDA:183,18,1,0
BRDA:186,19,0,0
BRDA:186,19,1,0
BRDA:190,20,0,0
BRDA:190,20,1,0
BRDA:192,21,0,0
BRDA:192,21,1,0
BRDA:192,22,0,0
BRDA:192,22,1,0
BRDA:195,23,0,0
BRDA:195,23,1,0
BRDA:200,24,0,0
BRDA:200,24,1,0
BRDA:202,25,0,0
BRDA:202,25,1,0
BRDA:202,26,0,0
BRDA:202,26,1,0
BRDA:205,27,0,0
BRDA:205,27,1,0
BRDA:228,28,0,0
BRDA:228,28,1,0
BRDA:231,29,0,0
BRDA:231,29,1,0
BRDA:235,30,0,0
BRDA:235,30,1,0
BRDA:237,31,0,0
BRDA:237,31,1,0
BRDA:237,32,0,0
BRDA:237,32,1,0
BRDA:240,33,0,0
BRDA:240,33,1,0
BRDA:261,34,0,0
BRDA:261,34,1,0
BRDA:264,35,0,0
BRDA:264,35,1,0
BRDA:268,36,0,0
BRDA:268,36,1,0
BRDA:273,37,0,0
BRDA:273,37,1,0
BRDA:273,38,0,0
BRDA:273,38,1,0
BRDA:273,38,2,0
BRDA:296,39,0,0
BRDA:296,39,1,0
BRDA:306,40,0,0
BRDA:306,40,1,0
BRDA:309,41,0,0
BRDA:309,41,1,0
BRDA:322,42,0,0
BRDA:322,42,1,0
BRDA:355,43,0,0
BRDA:355,43,1,0
BRDA:371,44,0,0
BRDA:371,44,1,0
BRDA:386,45,0,0
BRDA:386,45,1,0
BRDA:390,46,0,0
BRDA:390,46,1,0
BRDA:395,47,0,0
BRDA:395,47,1,0
BRDA:395,48,0,0
BRDA:395,48,1,0
BRDA:406,49,0,0
BRDA:406,49,1,0
BRDA:409,50,0,0
BRDA:409,50,1,0
BRDA:420,51,0,0
BRDA:420,51,1,0
BRDA:431,52,0,0
BRDA:431,52,1,0
BRDA:457,53,0,0
BRDA:457,53,1,0
BRDA:473,54,0,0
BRDA:473,54,1,0
BRF:112
BRH:0
end_of_record
TN:
SF:controllers\escrowVaultController.js
FN:9,(anonymous_0)
FN:16,(anonymous_1)
FN:69,(anonymous_2)
FN:135,(anonymous_3)
FN:170,(anonymous_4)
FN:200,(anonymous_5)
FN:202,(anonymous_6)
FN:207,(anonymous_7)
FN:259,(anonymous_8)
FN:349,(anonymous_9)
FN:401,(anonymous_10)
FN:421,(anonymous_11)
FN:443,(anonymous_12)
FN:460,(anonymous_13)
FNF:14
FNH:0
FNDA:0,(anonymous_0)
FNDA:0,(anonymous_1)
FNDA:0,(anonymous_2)
FNDA:0,(anonymous_3)
FNDA:0,(anonymous_4)
FNDA:0,(anonymous_5)
FNDA:0,(anonymous_6)
FNDA:0,(anonymous_7)
FNDA:0,(anonymous_8)
FNDA:0,(anonymous_9)
FNDA:0,(anonymous_10)
FNDA:0,(anonymous_11)
FNDA:0,(anonymous_12)
FNDA:0,(anonymous_13)
DA:9,29
DA:10,0
DA:16,29
DA:17,0
DA:18,0
DA:19,0
DA:21,0
DA:22,0
DA:24,0
DA:25,0
DA:28,0
DA:29,0
DA:30,0
DA:33,0
DA:35,0
DA:36,0
DA:37,0
DA:39,0
DA:52,0
DA:59,0
DA:61,0
DA:62,0
DA:69,29
DA:70,0
DA:71,0
DA:72,0
DA:74,0
DA:75,0
DA:77,0
DA:78,0
DA:81,0
DA:82,0
DA:83,0
DA:84,0
DA:86,0
DA:96,0
DA:97,0
DA:98,0
DA:99,0
DA:100,0
DA:104,0
DA:113,0
DA:121,0
DA:122,0
DA:123,0
DA:125,0
DA:127,0
DA:128,0
DA:135,29
DA:136,0
DA:137,0
DA:138,0
DA:139,0
DA:141,0
DA:142,0
DA:143,0
DA:144,0
DA:146,0
DA:147,0
DA:148,0
DA:149,0
DA:150,0
DA:153,0
DA:160,0
DA:162,0
DA:163,0
DA:170,29
DA:171,0
DA:172,0
DA:173,0
DA:175,0
DA:176,0
DA:178,0
DA:179,0
DA:182,0
DA:183,0
DA:188,0
DA:189,0
DA:190,0
DA:191,0
DA:193,0
DA:195,0
DA:196,0
DA:200,29
DA:202,29
DA:207,29
DA:208,0
DA:209,0
DA:210,0
DA:212,0
DA:213,0
DA:215,0
DA:216,0
DA:219,0
DA:220,0
DA:225,0
DA:226,0
DA:229,0
DA:230,0
DA:233,0
DA:234,0
DA:235,0
DA:237,0
DA:238,0
DA:239,0
DA:240,0
DA:241,0
DA:242,0
DA:244,0
DA:245,0
DA:246,0
DA:249,0
DA:251,0
DA:252,0
DA:259,29
DA:260,0
DA:261,0
DA:262,0
DA:263,0
DA:265,0
DA:267,0
DA:268,0
DA:270,0
DA:271,0
DA:274,0
DA:275,0
DA:278,0
DA:279,0
DA:282,0
DA:283,0
DA:284,0
DA:285,0
DA:286,0
DA:289,0
DA:290,0
DA:291,0
DA:292,0
DA:295,0
DA:296,0
DA:297,0
DA:298,0
DA:299,0
DA:300,0
DA:302,0
DA:311,0
DA:312,0
DA:313,0
DA:314,0
DA:315,0
DA:316,0
DA:317,0
DA:318,0
DA:322,0
DA:331,0
DA:339,0
DA:341,0
DA:342,0
DA:349,29
DA:350,0
DA:351,0
DA:352,0
DA:353,0
DA:355,0
DA:356,0
DA:359,0
DA:360,0
DA:361,0
DA:363,0
DA:371,0
DA:372,0
DA:373,0
DA:374,0
DA:375,0
DA:376,0
DA:377,0
DA:378,0
DA:379,0
DA:380,0
DA:383,0
DA:391,0
DA:393,0
DA:394,0
DA:401,29
DA:402,0
DA:403,0
DA:404,0
DA:411,0
DA:413,0
DA:414,0
DA:421,29
DA:422,0
DA:423,0
DA:424,0
DA:428,0
DA:429,0
DA:430,0
DA:431,0
DA:433,0
DA:435,0
DA:436,0
DA:443,29
DA:444,0
DA:445,0
DA:450,0
DA:452,0
DA:453,0
DA:460,29
DA:461,0
DA:462,0
DA:463,0
DA:469,0
DA:470,0
DA:471,0
DA:472,0
DA:474,0
DA:476,0
DA:477,0
LF:217
LH:14
BRDA:22,0,0,0
BRDA:22,0,1,0
BRDA:24,1,0,0
BRDA:24,1,1,0
BRDA:24,2,0,0
BRDA:24,2,1,0
BRDA:29,3,0,0
BRDA:29,3,1,0
BRDA:35,4,0,0
BRDA:35,4,1,0
BRDA:45,5,0,0
BRDA:45,5,1,0
BRDA:47,6,0,0
BRDA:47,6,1,0
BRDA:55,7,0,0
BRDA:55,7,1,0
BRDA:75,8,0,0
BRDA:75,8,1,0
BRDA:77,9,0,0
BRDA:77,9,1,0
BRDA:97,10,0,0
BRDA:97,10,1,0
BRDA:107,11,0,0
BRDA:107,11,1,0
BRDA:139,12,0,0
BRDA:139,12,1,0
BRDA:147,13,0,0
BRDA:147,13,1,0
BRDA:156,14,0,0
BRDA:156,14,1,0
BRDA:176,15,0,0
BRDA:176,15,1,0
BRDA:178,16,0,0
BRDA:178,16,1,0
BRDA:178,17,0,0
BRDA:178,17,1,0
BRDA:182,18,0,0
BRDA:182,18,1,0
BRDA:182,19,0,0
BRDA:182,19,1,0
BRDA:213,20,0,0
BRDA:213,20,1,0
BRDA:215,21,0,0
BRDA:215,21,1,0
BRDA:219,22,0,0
BRDA:219,22,1,0
BRDA:225,23,0,0
BRDA:225,23,1,0
BRDA:229,24,0,0
BRDA:229,24,1,0
BRDA:229,25,0,0
BRDA:229,25,1,0
BRDA:245,26,0,0
BRDA:245,26,1,0
BRDA:265,27,0,0
BRDA:265,27,1,0
BRDA:268,28,0,0
BRDA:268,28,1,0
BRDA:270,29,0,0
BRDA:270,29,1,0
BRDA:274,30,0,0
BRDA:274,30,1,0
BRDA:278,31,0,0
BRDA:278,31,1,0
BRDA:282,32,0,0
BRDA:282,32,1,0
BRDA:289,33,0,0
BRDA:289,33,1,0
BRDA:312,34,0,0
BRDA:312,34,1,0
BRDA:325,35,0,0
BRDA:325,35,1,0
BRDA:334,36,0,0
BRDA:334,36,1,0
BRDA:353,37,0,0
BRDA:353,37,1,0
BRDA:355,38,0,0
BRDA:355,38,1,0
BRDA:372,39,0,0
BRDA:372,39,1,0
BRDA:386,40,0,0
BRDA:386,40,1,0
BRDA:428,41,0,0
BRDA:428,41,1,0
BRDA:430,42,0,0
BRDA:430,42,1,0
BRDA:430,43,0,0
BRDA:430,43,1,0
BRDA:430,43,2,0
BRDA:469,44,0,0
BRDA:469,44,1,0
BRDA:471,45,0,0
BRDA:471,45,1,0
BRDA:471,46,0,0
BRDA:471,46,1,0
BRDA:471,46,2,0
BRF:96
BRH:0
end_of_record
TN:
SF:controllers\eventController.js
FN:23,(anonymous_0)
FN:53,(anonymous_1)
FN:72,(anonymous_2)
FN:91,(anonymous_3)
FN:110,(anonymous_4)
FN:129,(anonymous_5)
FN:154,(anonymous_6)
FN:174,(anonymous_7)
FNF:8
FNH:0
FNDA:0,(anonymous_0)
FNDA:0,(anonymous_1)
FNDA:0,(anonymous_2)
FNDA:0,(anonymous_3)
FNDA:0,(anonymous_4)
FNDA:0,(anonymous_5)
FNDA:0,(anonymous_6)
FNDA:0,(anonymous_7)
DA:23,29
DA:24,0
DA:25,0
DA:26,0
DA:27,0
DA:29,0
DA:42,0
DA:44,0
DA:45,0
DA:53,29
DA:54,0
DA:55,0
DA:56,0
DA:57,0
DA:59,0
DA:61,0
DA:63,0
DA:64,0
DA:72,29
DA:73,0
DA:74,0
DA:75,0
DA:76,0
DA:78,0
DA:80,0
DA:82,0
DA:83,0
DA:91,29
DA:92,0
DA:93,0
DA:94,0
DA:95,0
DA:97,0
DA:99,0
DA:101,0
DA:102,0
DA:110,29
DA:111,0
DA:112,0
DA:113,0
DA:114,0
DA:116,0
DA:118,0
DA:120,0
DA:121,0
DA:129,29
DA:130,0
DA:131,0
DA:132,0
DA:133,0
DA:135,0
DA:136,0
DA:137,0
DA:138,0
DA:139,0
DA:140,0
DA:143,0
DA:145,0
DA:146,0
DA:154,29
DA:155,0
DA:156,0
DA:158,0
DA:159,0
DA:161,0
DA:163,0
DA:165,0
DA:166,0
DA:174,29
DA:175,0
DA:176,0
DA:177,0
DA:179,0
DA:180,0
DA:182,0
DA:184,0
DA:186,0
DA:187,0
LF:78
LH:8
BRDA:26,0,0,0
BRDA:26,0,1,0
BRDA:56,1,0,0
BRDA:56,1,1,0
BRDA:75,2,0,0
BRDA:75,2,1,0
BRDA:94,3,0,0
BRDA:94,3,1,0
BRDA:113,4,0,0
BRDA:113,4,1,0
BRDA:132,5,0,0
BRDA:132,5,1,0
BRDA:135,6,0,0
BRDA:135,6,1,0
BRDA:137,7,0,0
BRDA:137,7,1,0
BRDA:139,8,0,0
BRDA:139,8,1,0
BRDA:158,9,0,0
BRDA:158,9,1,0
BRDA:159,10,0,0
BRDA:159,10,1,0
BRDA:176,11,0,0
BRDA:176,11,1,0
BRDA:177,12,0,0
BRDA:180,13,0,0
BRDA:180,13,1,0
BRF:27
BRH:0
end_of_record
TN:
SF:controllers\executiveAnalyticsController.js
FN:13,(anonymous_0)
FN:229,(anonymous_1)
FN:238,(anonymous_2)
FN:272,(anonymous_3)
FNF:4
FNH:0
FNDA:0,(anonymous_0)
FNDA:0,(anonymous_1)
FNDA:0,(anonymous_2)
FNDA:0,(anonymous_3)
DA:13,29
DA:14,0
DA:15,0
DA:16,0
DA:17,0
DA:18,0
DA:19,0
DA:24,0
DA:43,0
DA:56,0
DA:57,0
DA:68,0
DA:74,0
DA:83,0
DA:89,0
DA:98,0
DA:104,0
DA:113,0
DA:120,0
DA:131,0
DA:134,0
DA:138,0
DA:139,0
DA:140,0
DA:143,0
DA:150,0
DA:153,0
DA:157,0
DA:162,0
DA:164,0
DA:175,0
DA:186,0
DA:203,0
DA:220,0
DA:221,0
DA:229,29
DA:230,0
DA:231,0
DA:232,0
DA:233,0
DA:235,0
DA:237,0
DA:238,0
DA:239,0
DA:242,0
DA:253,0
DA:263,0
DA:264,0
DA:272,29
DA:273,0
DA:274,0
DA:275,0
DA:277,0
DA:288,0
DA:289,0
DA:291,0
DA:300,0
DA:301,0
LF:58
LH:3
BRDA:44,0,0,0
BRDA:44,0,1,0
BRDA:45,1,0,0
BRDA:45,1,1,0
BRDA:46,2,0,0
BRDA:46,2,1,0
BRDA:47,3,0,0
BRDA:47,3,1,0
BRDA:48,4,0,0
BRDA:48,4,1,0
BRDA:138,5,0,0
BRDA:138,5,1,0
BRDA:150,6,0,0
BRDA:150,6,1,0
BRDA:162,7,0,0
BRDA:162,7,1,0
BRDA:232,8,0,0
BRDA:232,8,1,0
BRDA:233,9,0,0
BRDA:233,9,1,0
BRDA:238,10,0,0
BRDA:238,10,1,0
BRDA:274,11,0,0
BRF:23
BRH:0
end_of_record
TN:
SF:controllers\favoriteController.js
FN:8,(anonymous_0)
FN:29,(anonymous_1)
FN:48,(anonymous_2)
FN:92,(anonymous_3)
FN:111,(anonymous_4)
FN:133,(anonymous_5)
FNF:6
FNH:6
FNDA:2,(anonymous_0)
FNDA:1,(anonymous_1)
FNDA:4,(anonymous_2)
FNDA:3,(anonymous_3)
FNDA:3,(anonymous_4)
FNDA:4,(anonymous_5)
DA:8,30
DA:9,2
DA:10,2
DA:11,2
DA:12,2
DA:14,2
DA:28,1
DA:29,1
DA:35,1
DA:42,1
DA:43,1
DA:48,30
DA:49,4
DA:50,0
DA:52,0
DA:53,0
DA:54,0
DA:55,0
DA:56,0
DA:57,0
DA:58,0
DA:61,0
DA:76,0
DA:78,0
DA:79,0
DA:81,0
DA:83,0
DA:84,0
DA:85,0
DA:86,0
DA:87,0
DA:92,30
DA:93,3
DA:94,3
DA:95,3
DA:97,3
DA:98,2
DA:100,1
DA:101,1
DA:103,1
DA:105,1
DA:106,1
DA:111,30
DA:112,3
DA:113,0
DA:115,0
DA:116,0
DA:117,0
DA:118,0
DA:119,0
DA:121,0
DA:122,0
DA:123,0
DA:125,0
DA:126,0
DA:127,0
DA:128,0
DA:133,30
DA:134,4
DA:135,0
DA:137,0
DA:138,0
DA:139,0
DA:140,0
DA:141,0
DA:142,0
DA:143,0
DA:146,0
DA:148,0
DA:149,0
DA:150,0
DA:151,0
DA:152,0
DA:153,0
DA:156,0
DA:166,0
DA:168,0
DA:169,0
DA:171,0
DA:173,0
DA:174,0
DA:175,0
DA:176,0
LF:83
LH:28
BRDA:10,0,0,2
BRDA:10,0,1,1
BRDA:11,1,0,2
BRDA:11,1,1,1
BRDA:30,2,0,1
BRDA:30,2,1,0
BRDA:55,3,0,0
BRDA:55,3,1,0
BRDA:70,4,0,0
BRDA:70,4,1,0
BRDA:70,4,2,0
BRDA:85,5,0,0
BRDA:85,5,1,0
BRDA:98,6,0,1
BRDA:98,6,1,1
BRDA:118,7,0,0
BRDA:118,7,1,0
BRDA:140,8,0,0
BRDA:140,8,1,0
BRDA:148,9,0,0
BRDA:148,9,1,0
BRDA:163,10,0,0
BRDA:163,10,1,0
BRDA:163,10,2,0
BRF:24
BRH:7
end_of_record
TN:
SF:controllers\featureFlagController.js
FN:29,(anonymous_0)
FN:58,(anonymous_1)
FN:87,(anonymous_2)
FN:112,(anonymous_3)
FN:138,(anonymous_4)
FN:161,(anonymous_5)
FN:184,(anonymous_6)
FN:206,(anonymous_7)
FN:229,(anonymous_8)
FN:252,(anonymous_9)
FN:275,(anonymous_10)
FN:296,(anonymous_11)
FN:321,(anonymous_12)
FN:345,(anonymous_13)
FNF:14
FNH:0
FNDA:0,(anonymous_0)
FNDA:0,(anonymous_1)
FNDA:0,(anonymous_2)
FNDA:0,(anonymous_3)
FNDA:0,(anonymous_4)
FNDA:0,(anonymous_5)
FNDA:0,(anonymous_6)
FNDA:0,(anonymous_7)
FNDA:0,(anonymous_8)
FNDA:0,(anonymous_9)
FNDA:0,(anonymous_10)
FNDA:0,(anonymous_11)
FNDA:0,(anonymous_12)
FNDA:0,(anonymous_13)
DA:29,29
DA:30,0
DA:31,0
DA:32,0
DA:34,0
DA:35,0
DA:36,0
DA:38,0
DA:40,0
DA:46,0
DA:47,0
DA:58,29
DA:59,0
DA:60,0
DA:61,0
DA:63,0
DA:64,0
DA:70,0
DA:75,0
DA:76,0
DA:87,29
DA:88,0
DA:89,0
DA:90,0
DA:92,0
DA:94,0
DA:100,0
DA:101,0
DA:112,29
DA:113,0
DA:114,0
DA:115,0
DA:116,0
DA:118,0
DA:120,0
DA:126,0
DA:127,0
DA:138,29
DA:139,0
DA:140,0
DA:141,0
DA:143,0
DA:149,0
DA:150,0
DA:161,29
DA:162,0
DA:163,0
DA:164,0
DA:166,0
DA:172,0
DA:173,0
DA:184,29
DA:185,0
DA:186,0
DA:187,0
DA:189,0
DA:194,0
DA:195,0
DA:206,29
DA:207,0
DA:208,0
DA:209,0
DA:211,0
DA:217,0
DA:218,0
DA:229,29
DA:230,0
DA:231,0
DA:232,0
DA:234,0
DA:240,0
DA:241,0
DA:252,29
DA:253,0
DA:254,0
DA:255,0
DA:257,0
DA:263,0
DA:264,0
DA:275,29
DA:276,0
DA:277,0
DA:279,0
DA:284,0
DA:285,0
DA:296,29
DA:297,0
DA:298,0
DA:299,0
DA:300,0
DA:302,0
DA:304,0
DA:309,0
DA:310,0
DA:321,29
DA:322,0
DA:323,0
DA:324,0
DA:326,0
DA:328,0
DA:333,0
DA:334,0
DA:345,29
DA:346,0
DA:347,0
DA:348,0
DA:349,0
DA:351,0
DA:352,0
DA:354,0
DA:362,0
DA:363,0
LF:112
LH:14
BRDA:34,0,0,0
BRDA:34,0,1,0
BRDA:35,1,0,0
BRDA:35,1,1,0
BRDA:36,2,0,0
BRDA:36,2,1,0
BRDA:63,3,0,0
BRDA:63,3,1,0
BRDA:299,4,0,0
BRDA:299,4,1,0
BRDA:300,5,0,0
BRDA:300,5,1,0
BRDA:323,6,0,0
BRDA:323,6,1,0
BRDA:324,7,0,0
BRDA:324,7,1,0
BRDA:348,8,0,0
BRDA:348,8,1,0
BRDA:349,9,0,0
BRDA:349,9,1,0
BRF:20
BRH:0
end_of_record
TN:
SF:controllers\financeController.js
FN:15,(anonymous_0)
FN:57,(anonymous_1)
FN:86,(anonymous_2)
FN:101,(anonymous_3)
FN:131,(anonymous_4)
FN:170,(anonymous_5)
FN:210,(anonymous_6)
FN:270,(anonymous_7)
FN:278,(anonymous_8)
FN:282,(anonymous_9)
FN:301,(anonymous_10)
FN:321,(anonymous_11)
FNF:12
FNH:0
FNDA:0,(anonymous_0)
FNDA:0,(anonymous_1)
FNDA:0,(anonymous_2)
FNDA:0,(anonymous_3)
FNDA:0,(anonymous_4)
FNDA:0,(anonymous_5)
FNDA:0,(anonymous_6)
FNDA:0,(anonymous_7)
FNDA:0,(anonymous_8)
FNDA:0,(anonymous_9)
FNDA:0,(anonymous_10)
FNDA:0,(anonymous_11)
DA:15,29
DA:16,0
DA:17,0
DA:19,0
DA:20,0
DA:21,0
DA:22,0
DA:23,0
DA:24,0
DA:25,0
DA:28,0
DA:30,0
DA:35,0
DA:46,0
DA:47,0
DA:57,29
DA:58,0
DA:59,0
DA:61,0
DA:63,0
DA:64,0
DA:70,0
DA:75,0
DA:76,0
DA:86,29
DA:87,0
DA:88,0
DA:90,0
DA:94,0
DA:95,0
DA:97,0
DA:99,0
DA:100,0
DA:101,0
DA:102,0
DA:103,0
DA:104,0
DA:105,0
DA:114,0
DA:120,0
DA:121,0
DA:131,29
DA:132,0
DA:133,0
DA:134,0
DA:136,0
DA:146,0
DA:153,0
DA:159,0
DA:160,0
DA:170,29
DA:171,0
DA:172,0
DA:174,0
DA:175,0
DA:181,0
DA:186,0
DA:193,0
DA:199,0
DA:200,0
DA:210,29
DA:211,0
DA:212,0
DA:213,0
DA:225,0
DA:259,0
DA:260,0
DA:261,0
DA:263,0
DA:271,0
DA:272,0
DA:279,0
DA:280,0
DA:283,0
DA:284,0
DA:290,0
DA:291,0
DA:301,29
DA:302,0
DA:303,0
DA:305,0
DA:310,0
DA:311,0
DA:321,29
DA:322,0
DA:323,0
DA:325,0
DA:327,0
DA:328,0
DA:334,0
DA:354,0
DA:359,0
DA:364,0
DA:365,0
LF:94
LH:8
BRDA:17,0,0,0
BRDA:17,1,0,0
BRDA:20,2,0,0
BRDA:20,2,1,0
BRDA:21,3,0,0
BRDA:21,3,1,0
BRDA:22,4,0,0
BRDA:22,4,1,0
BRDA:22,5,0,0
BRDA:22,5,1,0
BRDA:24,6,0,0
BRDA:24,6,1,0
BRDA:25,7,0,0
BRDA:25,7,1,0
BRDA:63,8,0,0
BRDA:63,8,1,0
BRDA:88,9,0,0
BRDA:94,10,0,0
BRDA:94,10,1,0
BRDA:95,11,0,0
BRDA:95,11,1,0
BRDA:103,12,0,0
BRDA:103,12,1,0
BRDA:103,13,0,0
BRDA:103,13,1,0
BRDA:104,14,0,0
BRDA:104,14,1,0
BRDA:104,15,0,0
BRDA:104,15,1,0
BRDA:162,16,0,0
BRDA:162,16,1,0
BRDA:174,17,0,0
BRDA:174,17,1,0
BRDA:174,18,0,0
BRDA:174,18,1,0
BRDA:174,18,2,0
BRDA:202,19,0,0
BRDA:202,19,1,0
BRDA:212,20,0,0
BRDA:259,21,0,0
BRDA:259,21,1,0
BRDA:260,22,0,0
BRDA:260,22,1,0
BRDA:261,23,0,0
BRDA:261,23,1,0
BRDA:269,24,0,0
BRDA:269,24,1,0
BRDA:277,25,0,0
BRDA:277,25,1,0
BRDA:327,26,0,0
BRDA:327,26,1,0
BRF:51
BRH:0
end_of_record
TN:
SF:controllers\fraudController.js
FN:23,(anonymous_0)
FN:80,(anonymous_1)
FN:84,(anonymous_2)
FN:104,(anonymous_3)
FN:125,(anonymous_4)
FN:152,(anonymous_5)
FN:181,(anonymous_6)
FN:204,(anonymous_7)
FN:231,(anonymous_8)
FN:254,(anonymous_9)
FN:277,(anonymous_10)
FN:300,(anonymous_11)
FN:336,(anonymous_12)
FNF:13
FNH:0
FNDA:0,(anonymous_0)
FNDA:0,(anonymous_1)
FNDA:0,(anonymous_2)
FNDA:0,(anonymous_3)
FNDA:0,(anonymous_4)
FNDA:0,(anonymous_5)
FNDA:0,(anonymous_6)
FNDA:0,(anonymous_7)
FNDA:0,(anonymous_8)
FNDA:0,(anonymous_9)
FNDA:0,(anonymous_10)
FNDA:0,(anonymous_11)
FNDA:0,(anonymous_12)
DA:23,29
DA:24,0
DA:25,0
DA:26,0
DA:27,0
DA:30,0
DA:60,0
DA:61,0
DA:62,0
DA:63,0
DA:64,0
DA:65,0
DA:66,0
DA:69,0
DA:73,0
DA:80,0
DA:84,0
DA:95,0
DA:96,0
DA:104,29
DA:105,0
DA:106,0
DA:108,0
DA:109,0
DA:112,0
DA:114,0
DA:116,0
DA:117,0
DA:125,29
DA:126,0
DA:127,0
DA:129,0
DA:134,0
DA:143,0
DA:144,0
DA:152,29
DA:153,0
DA:154,0
DA:156,0
DA:162,0
DA:172,0
DA:173,0
DA:181,29
DA:182,0
DA:183,0
DA:185,0
DA:187,0
DA:195,0
DA:196,0
DA:204,29
DA:205,0
DA:206,0
DA:208,0
DA:213,0
DA:222,0
DA:223,0
DA:231,29
DA:232,0
DA:233,0
DA:235,0
DA:237,0
DA:245,0
DA:246,0
DA:254,29
DA:255,0
DA:256,0
DA:258,0
DA:260,0
DA:268,0
DA:269,0
DA:277,29
DA:278,0
DA:279,0
DA:281,0
DA:283,0
DA:291,0
DA:292,0
DA:300,29
DA:301,0
DA:302,0
DA:303,0
DA:304,0
DA:306,0
DA:307,0
DA:310,0
DA:311,0
DA:312,0
DA:315,0
DA:316,0
DA:317,0
DA:318,0
DA:319,0
DA:320,0
DA:321,0
DA:323,0
DA:325,0
DA:327,0
DA:328,0
DA:336,29
DA:337,0
DA:338,0
DA:339,0
DA:341,0
DA:342,0
DA:343,0
DA:345,0
DA:352,0
DA:354,0
DA:355,0
LF:109
LH:11
BRDA:61,0,0,0
BRDA:61,0,1,0
BRDA:62,1,0,0
BRDA:62,1,1,0
BRDA:63,2,0,0
BRDA:63,2,1,0
BRDA:64,3,0,0
BRDA:64,3,1,0
BRDA:65,4,0,0
BRDA:65,4,1,0
BRDA:66,5,0,0
BRDA:66,5,1,0
BRDA:69,6,0,0
BRDA:69,6,1,0
BRDA:82,7,0,0
BRDA:82,7,1,0
BRDA:82,7,2,0
BRDA:86,8,0,0
BRDA:86,8,1,0
BRDA:89,9,0,0
BRDA:89,9,1,0
BRDA:108,10,0,0
BRDA:108,10,1,0
BRDA:108,11,0,0
BRDA:108,11,1,0
BRDA:136,12,0,0
BRDA:136,12,1,0
BRDA:164,13,0,0
BRDA:164,13,1,0
BRDA:164,13,2,0
BRDA:215,14,0,0
BRDA:215,14,1,0
BRDA:306,15,0,0
BRDA:306,15,1,0
BRDA:311,16,0,0
BRDA:311,16,1,0
BRDA:316,17,0,0
BRDA:316,17,1,0
BRDA:341,18,0,0
BRDA:341,18,1,0
BRDA:342,19,0,0
BRDA:342,19,1,0
BRDA:343,20,0,0
BRDA:343,20,1,0
BRF:44
BRH:0
end_of_record
TN:
SF:controllers\inspectorApplicationController.js
FN:10,(anonymous_0)
FN:57,(anonymous_1)
FN:78,(anonymous_2)
FN:137,(anonymous_3)
FN:169,(anonymous_4)
FN:205,(anonymous_5)
FNF:6
FNH:0
FNDA:0,(anonymous_0)
FNDA:0,(anonymous_1)
FNDA:0,(anonymous_2)
FNDA:0,(anonymous_3)
FNDA:0,(anonymous_4)
FNDA:0,(anonymous_5)
DA:5,29
DA:10,29
DA:11,0
DA:25,0
DA:27,0
DA:28,0
DA:31,0
DA:32,0
DA:33,0
DA:36,0
DA:52,0
DA:56,0
DA:58,0
DA:68,0
DA:70,0
DA:71,0
DA:78,29
DA:79,0
DA:80,0
DA:81,0
DA:83,0
DA:84,0
DA:86,0
DA:87,0
DA:90,0
DA:91,0
DA:92,0
DA:93,0
DA:94,0
DA:95,0
DA:96,0
DA:99,0
DA:100,0
DA:101,0
DA:110,0
DA:112,0
DA:113,0
DA:114,0
DA:115,0
DA:116,0
DA:118,0
DA:127,0
DA:129,0
DA:130,0
DA:137,29
DA:138,0
DA:139,0
DA:140,0
DA:142,0
DA:143,0
DA:145,0
DA:146,0
DA:147,0
DA:148,0
DA:149,0
DA:151,0
DA:159,0
DA:161,0
DA:162,0
DA:169,29
DA:170,0
DA:171,0
DA:172,0
DA:173,0
DA:175,0
DA:177,0
DA:186,0
DA:197,0
DA:198,0
DA:205,29
DA:206,0
DA:207,0
DA:208,0
DA:209,0
DA:211,0
DA:212,0
LF:76
LH:6
BRDA:27,0,0,0
BRDA:27,0,1,0
BRDA:27,1,0,0
BRDA:27,1,1,0
BRDA:27,1,2,0
BRDA:27,1,3,0
BRDA:27,1,4,0
BRDA:27,1,5,0
BRDA:32,2,0,0
BRDA:32,2,1,0
BRDA:37,3,0,0
BRDA:37,3,1,0
BRDA:44,4,0,0
BRDA:44,4,1,0
BRDA:45,5,0,0
BRDA:45,5,1,0
BRDA:47,6,0,0
BRDA:47,6,1,0
BRDA:49,7,0,0
BRDA:49,7,1,0
BRDA:84,8,0,0
BRDA:84,8,1,0
BRDA:86,9,0,0
BRDA:86,9,1,0
BRDA:94,10,0,0
BRDA:94,10,1,0
BRDA:94,10,2,0
BRDA:95,11,0,0
BRDA:95,11,1,0
BRDA:100,12,0,0
BRDA:100,12,1,0
BRDA:106,13,0,0
BRDA:106,13,1,0
BRDA:143,14,0,0
BRDA:143,14,1,0
BRDA:154,15,0,0
BRDA:154,15,1,0
BRDA:171,16,0,0
BRDA:171,17,0,0
BRDA:173,18,0,0
BRDA:173,18,1,0
BRDA:208,19,0,0
BRDA:208,19,1,0
BRF:43
BRH:0
end_of_record
TN:
SF:controllers\leadController.js
FN:28,(anonymous_0)
FN:59,(anonymous_1)
FN:89,(anonymous_2)
FN:125,(anonymous_3)
FN:166,(anonymous_4)
FN:199,(anonymous_5)
FN:232,(anonymous_6)
FN:279,(anonymous_7)
FN:312,(anonymous_8)
FN:339,(anonymous_9)
FN:361,(anonymous_10)
FNF:11
FNH:0
FNDA:0,(anonymous_0)
FNDA:0,(anonymous_1)
FNDA:0,(anonymous_2)
FNDA:0,(anonymous_3)
FNDA:0,(anonymous_4)
FNDA:0,(anonymous_5)
FNDA:0,(anonymous_6)
FNDA:0,(anonymous_7)
FNDA:0,(anonymous_8)
FNDA:0,(anonymous_9)
FNDA:0,(anonymous_10)
DA:28,29
DA:29,0
DA:30,0
DA:31,0
DA:39,0
DA:41,0
DA:47,0
DA:48,0
DA:59,29
DA:60,0
DA:61,0
DA:62,0
DA:65,0
DA:66,0
DA:72,0
DA:77,0
DA:78,0
DA:89,29
DA:90,0
DA:91,0
DA:92,0
DA:94,0
DA:95,0
DA:101,0
DA:103,0
DA:104,0
DA:105,0
DA:108,0
DA:113,0
DA:114,0
DA:125,29
DA:126,0
DA:127,0
DA:128,0
DA:130,0
DA:131,0
DA:137,0
DA:140,0
DA:141,0
DA:147,0
DA:149,0
DA:154,0
DA:155,0
DA:166,29
DA:167,0
DA:168,0
DA:170,0
DA:173,0
DA:174,0
DA:180,0
DA:182,0
DA:187,0
DA:188,0
DA:199,29
DA:200,0
DA:201,0
DA:203,0
DA:206,0
DA:207,0
DA:213,0
DA:215,0
DA:220,0
DA:221,0
DA:232,29
DA:233,0
DA:234,0
DA:235,0
DA:237,0
DA:238,0
DA:244,0
DA:247,0
DA:248,0
DA:254,0
DA:255,0
DA:257,0
DA:262,0
DA:267,0
DA:268,0
DA:279,29
DA:280,0
DA:281,0
DA:283,0
DA:286,0
DA:287,0
DA:293,0
DA:295,0
DA:300,0
DA:301,0
DA:312,29
DA:313,0
DA:314,0
DA:315,0
DA:317,0
DA:318,0
DA:320,0
DA:322,0
DA:327,0
DA:328,0
DA:339,29
DA:340,0
DA:341,0
DA:342,0
DA:344,0
DA:349,0
DA:350,0
DA:361,29
DA:362,0
DA:363,0
DA:364,0
DA:366,0
DA:367,0
DA:369,0
DA:375,0
DA:381,0
DA:387,0
DA:388,0
LF:116
LH:11
BRDA:34,0,0,0
BRDA:34,0,1,0
BRDA:34,1,0,0
BRDA:34,1,1,0
BRDA:65,2,0,0
BRDA:65,2,1,0
BRDA:65,3,0,0
BRDA:65,3,1,0
BRDA:94,4,0,0
BRDA:94,4,1,0
BRDA:94,5,0,0
BRDA:94,5,1,0
BRDA:103,6,0,0
BRDA:103,6,1,0
BRDA:130,7,0,0
BRDA:130,7,1,0
BRDA:140,8,0,0
BRDA:140,8,1,0
BRDA:140,9,0,0
BRDA:140,9,1,0
BRDA:173,10,0,0
BRDA:173,10,1,0
BRDA:173,11,0,0
BRDA:173,11,1,0
BRDA:206,12,0,0
BRDA:206,12,1,0
BRDA:206,13,0,0
BRDA:206,13,1,0
BRDA:237,14,0,0
BRDA:237,14,1,0
BRDA:247,15,0,0
BRDA:247,15,1,0
BRDA:247,16,0,0
BRDA:247,16,1,0
BRDA:286,17,0,0
BRDA:286,17,1,0
BRDA:286,18,0,0
BRDA:286,18,1,0
BRDA:320,19,0,0
BRDA:320,19,1,0
BRDA:320,20,0,0
BRDA:320,20,1,0
BRDA:371,21,0,0
BRDA:371,21,1,0
BRDA:372,22,0,0
BRDA:372,22,1,0
BRDA:377,23,0,0
BRDA:377,23,1,0
BRDA:378,24,0,0
BRDA:378,24,1,0
BRF:50
BRH:0
end_of_record
TN:
SF:controllers\listingAssistantController.js
FN:11,(anonymous_0)
FN:32,(anonymous_1)
FN:53,(anonymous_2)
FNF:3
FNH:0
FNDA:0,(anonymous_0)
FNDA:0,(anonymous_1)
FNDA:0,(anonymous_2)
DA:11,29
DA:12,0
DA:13,0
DA:15,0
DA:17,0
DA:18,0
DA:21,0
DA:23,0
DA:24,0
DA:32,29
DA:33,0
DA:34,0
DA:36,0
DA:37,0
DA:40,0
DA:42,0
DA:44,0
DA:45,0
DA:53,29
DA:54,0
DA:55,0
DA:57,0
DA:59,0
DA:60,0
DA:63,0
DA:65,0
DA:66,0
LF:27
LH:3
BRDA:17,0,0,0
BRDA:17,0,1,0
BRDA:36,1,0,0
BRDA:36,1,1,0
BRDA:36,2,0,0
BRDA:36,2,1,0
BRDA:55,3,0,0
BRDA:55,3,1,0
BRDA:59,4,0,0
BRDA:59,4,1,0
BRF:10
BRH:0
end_of_record
TN:
SF:controllers\listingQualityController.js
FN:26,(anonymous_0)
FN:48,(anonymous_1)
FN:71,(anonymous_2)
FN:93,(anonymous_3)
FN:115,(anonymous_4)
FN:138,(anonymous_5)
FN:159,(anonymous_6)
FN:181,(anonymous_7)
FN:203,(anonymous_8)
FNF:9
FNH:0
FNDA:0,(anonymous_0)
FNDA:0,(anonymous_1)
FNDA:0,(anonymous_2)
FNDA:0,(anonymous_3)
FNDA:0,(anonymous_4)
FNDA:0,(anonymous_5)
FNDA:0,(anonymous_6)
FNDA:0,(anonymous_7)
FNDA:0,(anonymous_8)
DA:26,29
DA:27,0
DA:28,0
DA:29,0
DA:31,0
DA:36,0
DA:37,0
DA:48,29
DA:49,0
DA:50,0
DA:51,0
DA:53,0
DA:59,0
DA:60,0
DA:71,29
DA:72,0
DA:73,0
DA:74,0
DA:76,0
DA:81,0
DA:82,0
DA:93,29
DA:94,0
DA:95,0
DA:96,0
DA:98,0
DA:103,0
DA:104,0
DA:115,29
DA:116,0
DA:117,0
DA:118,0
DA:120,0
DA:126,0
DA:127,0
DA:138,29
DA:139,0
DA:140,0
DA:142,0
DA:147,0
DA:148,0
DA:159,29
DA:160,0
DA:161,0
DA:162,0
DA:164,0
DA:169,0
DA:170,0
DA:181,29
DA:182,0
DA:183,0
DA:184,0
DA:186,0
DA:191,0
DA:192,0
DA:203,29
DA:204,0
DA:205,0
DA:207,0
DA:212,0
DA:213,0
LF:61
LH:9
BRDA:161,0,0,0
BRDA:183,1,0,0
BRDA:183,2,0,0
BRF:3
BRH:0
end_of_record
TN:
SF:controllers\marketplaceHealthController.js
FN:17,(anonymous_0)
FN:49,(anonymous_1)
FN:79,(anonymous_2)
FN:101,(anonymous_3)
FN:113,(anonymous_4)
FN:140,(anonymous_5)
FN:205,(anonymous_6)
FN:236,(anonymous_7)
FNF:8
FNH:0
FNDA:0,(anonymous_0)
FNDA:0,(anonymous_1)
FNDA:0,(anonymous_2)
FNDA:0,(anonymous_3)
FNDA:0,(anonymous_4)
FNDA:0,(anonymous_5)
FNDA:0,(anonymous_6)
FNDA:0,(anonymous_7)
DA:17,29
DA:18,0
DA:19,0
DA:20,0
DA:24,0
DA:25,0
DA:32,0
DA:37,0
DA:38,0
DA:49,29
DA:50,0
DA:51,0
DA:53,0
DA:54,0
DA:60,0
DA:62,0
DA:67,0
DA:68,0
DA:79,29
DA:80,0
DA:81,0
DA:83,0
DA:89,0
DA:90,0
DA:101,29
DA:102,0
DA:103,0
DA:105,0
DA:106,0
DA:107,0
DA:113,0
DA:114,0
DA:115,0
DA:121,0
DA:123,0
DA:128,0
DA:129,0
DA:140,29
DA:141,0
DA:142,0
DA:143,0
DA:147,0
DA:148,0
DA:155,0
DA:188,0
DA:193,0
DA:194,0
DA:205,29
DA:206,0
DA:207,0
DA:209,0
DA:210,0
DA:216,0
DA:218,0
DA:224,0
DA:225,0
DA:236,29
DA:237,0
DA:238,0
DA:240,0
DA:241,0
DA:242,0
DA:245,0
DA:247,0
DA:253,0
DA:254,0
LF:66
LH:7
BRDA:19,0,0,0
BRDA:24,1,0,0
BRDA:24,1,1,0
BRDA:53,2,0,0
BRDA:53,2,1,0
BRDA:53,3,0,0
BRDA:53,3,1,0
BRDA:106,4,0,0
BRDA:106,4,1,0
BRDA:114,5,0,0
BRDA:114,5,1,0
BRDA:142,6,0,0
BRDA:147,7,0,0
BRDA:147,7,1,0
BRDA:209,8,0,0
BRDA:209,8,1,0
BRDA:209,9,0,0
BRDA:209,9,1,0
BRDA:241,10,0,0
BRDA:241,10,1,0
BRF:20
BRH:0
end_of_record
TN:
SF:controllers\notificationAnalyticsController.js
FN:31,(anonymous_0)
FN:53,(anonymous_1)
FN:75,(anonymous_2)
FN:97,(anonymous_3)
FN:119,(anonymous_4)
FN:141,(anonymous_5)
FN:164,(anonymous_6)
FN:186,(anonymous_7)
FN:208,(anonymous_8)
FN:230,(anonymous_9)
FN:253,(anonymous_10)
FN:276,(anonymous_11)
FN:298,(anonymous_12)
FNF:13
FNH:0
FNDA:0,(anonymous_0)
FNDA:0,(anonymous_1)
FNDA:0,(anonymous_2)
FNDA:0,(anonymous_3)
FNDA:0,(anonymous_4)
FNDA:0,(anonymous_5)
FNDA:0,(anonymous_6)
FNDA:0,(anonymous_7)
FNDA:0,(anonymous_8)
FNDA:0,(anonymous_9)
FNDA:0,(anonymous_10)
FNDA:0,(anonymous_11)
FNDA:0,(anonymous_12)
DA:31,29
DA:32,0
DA:33,0
DA:34,0
DA:36,0
DA:41,0
DA:42,0
DA:53,29
DA:54,0
DA:55,0
DA:56,0
DA:58,0
DA:63,0
DA:64,0
DA:75,29
DA:76,0
DA:77,0
DA:78,0
DA:80,0
DA:85,0
DA:86,0
DA:97,29
DA:98,0
DA:99,0
DA:100,0
DA:102,0
DA:107,0
DA:108,0
DA:119,29
DA:120,0
DA:121,0
DA:122,0
DA:124,0
DA:129,0
DA:130,0
DA:141,29
DA:142,0
DA:143,0
DA:144,0
DA:145,0
DA:147,0
DA:152,0
DA:153,0
DA:164,29
DA:165,0
DA:166,0
DA:167,0
DA:169,0
DA:174,0
DA:175,0
DA:186,29
DA:187,0
DA:188,0
DA:189,0
DA:191,0
DA:196,0
DA:197,0
DA:208,29
DA:209,0
DA:210,0
DA:211,0
DA:213,0
DA:218,0
DA:219,0
DA:230,29
DA:231,0
DA:232,0
DA:233,0
DA:235,0
DA:241,0
DA:242,0
DA:253,29
DA:254,0
DA:255,0
DA:256,0
DA:258,0
DA:264,0
DA:265,0
DA:276,29
DA:277,0
DA:278,0
DA:279,0
DA:281,0
DA:286,0
DA:287,0
DA:298,29
DA:299,0
DA:300,0
DA:301,0
DA:303,0
DA:309,0
DA:310,0
LF:92
LH:13
BRDA:33,0,0,0
BRDA:55,1,0,0
BRDA:77,2,0,0
BRDA:99,3,0,0
BRDA:121,4,0,0
BRDA:144,5,0,0
BRDA:166,6,0,0
BRDA:188,7,0,0
BRDA:210,8,0,0
BRDA:255,9,0,0
BRF:10
BRH:0
end_of_record
TN:
SF:controllers\notificationController.js
FN:6,(anonymous_0)
FN:31,(anonymous_1)
FN:42,(anonymous_2)
FN:53,(anonymous_3)
FN:64,(anonymous_4)
FNF:5
FNH:0
FNDA:0,(anonymous_0)
FNDA:0,(anonymous_1)
FNDA:0,(anonymous_2)
FNDA:0,(anonymous_3)
FNDA:0,(anonymous_4)
DA:6,29
DA:7,0
DA:8,0
DA:9,0
DA:10,0
DA:12,0
DA:18,0
DA:25,0
DA:26,0
DA:31,29
DA:32,0
DA:33,0
DA:34,0
DA:36,0
DA:37,0
DA:42,29
DA:43,0
DA:44,0
DA:45,0
DA:47,0
DA:48,0
DA:53,29
DA:54,0
DA:55,0
DA:56,0
DA:58,0
DA:59,0
DA:64,29
DA:65,0
DA:66,0
DA:69,0
DA:70,0
DA:71,0
DA:74,0
DA:76,0
LF:35
LH:5
BRDA:8,0,0,0
BRDA:8,0,1,0
BRDA:9,1,0,0
BRDA:9,1,1,0
BRDA:64,2,0,0
BRDA:64,3,0,0
BRDA:70,4,0,0
BRDA:70,4,1,0
BRF:8
BRH:0
end_of_record
TN:
SF:controllers\operationsController.js
FN:12,(anonymous_0)
FN:164,(anonymous_1)
FN:203,(anonymous_2)
FN:242,(anonymous_3)
FN:286,(anonymous_4)
FN:328,(anonymous_5)
FNF:6
FNH:0
FNDA:0,(anonymous_0)
FNDA:0,(anonymous_1)
FNDA:0,(anonymous_2)
FNDA:0,(anonymous_3)
FNDA:0,(anonymous_4)
FNDA:0,(anonymous_5)
DA:12,29
DA:13,0
DA:14,0
DA:15,0
DA:16,0
DA:19,0
DA:69,0
DA:70,0
DA:71,0
DA:72,0
DA:73,0
DA:75,0
DA:76,0
DA:77,0
DA:78,0
DA:80,0
DA:81,0
DA:82,0
DA:83,0
DA:85,0
DA:86,0
DA:87,0
DA:89,0
DA:90,0
DA:91,0
DA:93,0
DA:94,0
DA:95,0
DA:97,0
DA:155,0
DA:156,0
DA:164,29
DA:165,0
DA:166,0
DA:167,0
DA:169,0
DA:171,0
DA:183,0
DA:194,0
DA:195,0
DA:203,29
DA:204,0
DA:205,0
DA:206,0
DA:208,0
DA:210,0
DA:222,0
DA:233,0
DA:234,0
DA:242,29
DA:243,0
DA:244,0
DA:245,0
DA:247,0
DA:248,0
DA:249,0
DA:250,0
DA:251,0
DA:252,0
DA:255,0
DA:257,0
DA:266,0
DA:277,0
DA:278,0
DA:286,29
DA:287,0
DA:288,0
DA:289,0
DA:291,0
DA:292,0
DA:294,0
DA:296,0
DA:308,0
DA:319,0
DA:320,0
DA:328,29
DA:329,0
DA:330,0
DA:331,0
DA:333,0
DA:335,0
DA:346,0
DA:357,0
DA:358,0
LF:84
LH:6
BRDA:75,0,0,0
BRDA:75,0,1,0
BRDA:76,1,0,0
BRDA:76,1,1,0
BRDA:77,2,0,0
BRDA:77,2,1,0
BRDA:78,3,0,0
BRDA:78,3,1,0
BRDA:80,4,0,0
BRDA:80,4,1,0
BRDA:81,5,0,0
BRDA:81,5,1,0
BRDA:82,6,0,0
BRDA:82,6,1,0
BRDA:83,7,0,0
BRDA:83,7,1,0
BRDA:85,8,0,0
BRDA:85,8,1,0
BRDA:86,9,0,0
BRDA:86,9,1,0
BRDA:87,10,0,0
BRDA:87,10,1,0
BRDA:89,11,0,0
BRDA:89,11,1,0
BRDA:90,12,0,0
BRDA:90,12,1,0
BRDA:91,13,0,0
BRDA:91,13,1,0
BRDA:93,14,0,0
BRDA:93,14,1,0
BRDA:94,15,0,0
BRDA:94,15,1,0
BRDA:95,16,0,0
BRDA:95,16,1,0
BRDA:166,17,0,0
BRDA:166,18,0,0
BRDA:167,19,0,0
BRDA:167,19,1,0
BRDA:205,20,0,0
BRDA:205,21,0,0
BRDA:206,22,0,0
BRDA:206,22,1,0
BRDA:244,23,0,0
BRDA:244,24,0,0
BRDA:247,25,0,0
BRDA:247,25,1,0
BRDA:249,26,0,0
BRDA:249,26,1,0
BRDA:251,27,0,0
BRDA:251,27,1,0
BRDA:288,28,0,0
BRDA:288,29,0,0
BRDA:291,30,0,0
BRDA:291,30,1,0
BRDA:292,31,0,0
BRDA:292,31,1,0
BRDA:330,32,0,0
BRDA:330,33,0,0
BRDA:331,34,0,0
BRDA:331,34,1,0
BRF:60
BRH:0
end_of_record
TN:
SF:controllers\operationsDashboardController.js
FN:16,(anonymous_0)
FN:60,(anonymous_1)
FN:95,(anonymous_2)
FN:128,(anonymous_3)
FN:157,(anonymous_4)
FN:186,(anonymous_5)
FN:242,(anonymous_6)
FN:272,(anonymous_7)
FN:301,(anonymous_8)
FNF:9
FNH:0
FNDA:0,(anonymous_0)
FNDA:0,(anonymous_1)
FNDA:0,(anonymous_2)
FNDA:0,(anonymous_3)
FNDA:0,(anonymous_4)
FNDA:0,(anonymous_5)
FNDA:0,(anonymous_6)
FNDA:0,(anonymous_7)
FNDA:0,(anonymous_8)
DA:16,29
DA:17,0
DA:18,0
DA:19,0
DA:20,0
DA:22,0
DA:43,0
DA:48,0
DA:49,0
DA:60,29
DA:61,0
DA:63,0
DA:78,0
DA:83,0
DA:84,0
DA:95,29
DA:96,0
DA:98,0
DA:111,0
DA:116,0
DA:117,0
DA:128,29
DA:129,0
DA:131,0
DA:140,0
DA:145,0
DA:146,0
DA:157,29
DA:158,0
DA:160,0
DA:169,0
DA:174,0
DA:175,0
DA:186,29
DA:187,0
DA:188,0
DA:190,0
DA:225,0
DA:230,0
DA:231,0
DA:242,29
DA:243,0
DA:245,0
DA:255,0
DA:260,0
DA:261,0
DA:272,29
DA:273,0
DA:275,0
DA:284,0
DA:289,0
DA:290,0
DA:301,29
DA:302,0
DA:312,0
DA:323,0
DA:337,0
DA:338,0
LF:58
LH:9
BRDA:192,0,0,0
BRDA:192,0,1,0
BRDA:194,1,0,0
BRDA:194,1,1,0
BRDA:197,2,0,0
BRDA:197,2,1,0
BRDA:199,3,0,0
BRDA:199,3,1,0
BRDA:202,4,0,0
BRDA:202,4,1,0
BRDA:204,5,0,0
BRDA:204,5,1,0
BRDA:207,6,0,0
BRDA:207,6,1,0
BRDA:209,7,0,0
BRDA:209,7,1,0
BRDA:212,8,0,0
BRDA:212,8,1,0
BRDA:214,9,0,0
BRDA:214,9,1,0
BRDA:217,10,0,0
BRDA:217,10,1,0
BRDA:219,11,0,0
BRDA:219,11,1,0
BRF:24
BRH:0
end_of_record
TN:
SF:controllers\organizationController.js
FN:27,(anonymous_0)
FN:49,(anonymous_1)
FN:78,(anonymous_2)
FN:108,(anonymous_3)
FN:138,(anonymous_4)
FN:167,(anonymous_5)
FN:198,(anonymous_6)
FN:228,(anonymous_7)
FN:258,(anonymous_8)
FN:280,(anonymous_9)
FN:309,(anonymous_10)
FNF:11
FNH:0
FNDA:0,(anonymous_0)
FNDA:0,(anonymous_1)
FNDA:0,(anonymous_2)
FNDA:0,(anonymous_3)
FNDA:0,(anonymous_4)
FNDA:0,(anonymous_5)
FNDA:0,(anonymous_6)
FNDA:0,(anonymous_7)
FNDA:0,(anonymous_8)
FNDA:0,(anonymous_9)
FNDA:0,(anonymous_10)
DA:27,29
DA:28,0
DA:29,0
DA:31,0
DA:37,0
DA:38,0
DA:49,29
DA:50,0
DA:51,0
DA:52,0
DA:54,0
DA:55,0
DA:61,0
DA:66,0
DA:67,0
DA:78,29
DA:79,0
DA:80,0
DA:81,0
DA:83,0
DA:84,0
DA:90,0
DA:96,0
DA:97,0
DA:108,29
DA:109,0
DA:110,0
DA:111,0
DA:113,0
DA:114,0
DA:120,0
DA:126,0
DA:127,0
DA:138,29
DA:139,0
DA:140,0
DA:141,0
DA:143,0
DA:144,0
DA:150,0
DA:155,0
DA:156,0
DA:167,29
DA:168,0
DA:169,0
DA:170,0
DA:171,0
DA:173,0
DA:174,0
DA:180,0
DA:186,0
DA:187,0
DA:198,29
DA:199,0
DA:200,0
DA:201,0
DA:203,0
DA:204,0
DA:210,0
DA:216,0
DA:217,0
DA:228,29
DA:229,0
DA:230,0
DA:231,0
DA:233,0
DA:234,0
DA:240,0
DA:246,0
DA:247,0
DA:258,29
DA:259,0
DA:260,0
DA:261,0
DA:263,0
DA:268,0
DA:269,0
DA:280,29
DA:281,0
DA:282,0
DA:283,0
DA:285,0
DA:286,0
DA:292,0
DA:297,0
DA:298,0
DA:309,29
DA:310,0
DA:311,0
DA:313,0
DA:318,0
DA:319,0
LF:92
LH:11
BRDA:54,0,0,0
BRDA:54,0,1,0
BRDA:83,1,0,0
BRDA:83,1,1,0
BRDA:113,2,0,0
BRDA:113,2,1,0
BRDA:143,3,0,0
BRDA:143,3,1,0
BRDA:173,4,0,0
BRDA:173,4,1,0
BRDA:203,5,0,0
BRDA:203,5,1,0
BRDA:233,6,0,0
BRDA:233,6,1,0
BRDA:249,7,0,0
BRDA:249,7,1,0
BRDA:285,8,0,0
BRDA:285,8,1,0
BRF:18
BRH:0
end_of_record
TN:
SF:controllers\paymentController.js
FN:12,(anonymous_0)
FN:109,(anonymous_1)
FN:137,(anonymous_2)
FN:176,(anonymous_3)
FN:205,(anonymous_4)
FN:240,(anonymous_5)
FNF:6
FNH:0
FNDA:0,(anonymous_0)
FNDA:0,(anonymous_1)
FNDA:0,(anonymous_2)
FNDA:0,(anonymous_3)
FNDA:0,(anonymous_4)
FNDA:0,(anonymous_5)
DA:12,29
DA:13,0
DA:14,0
DA:16,0
DA:17,0
DA:19,0
DA:20,0
DA:21,0
DA:22,0
DA:28,0
DA:29,0
DA:30,0
DA:31,0
DA:32,0
DA:39,0
DA:40,0
DA:41,0
DA:42,0
DA:49,0
DA:51,0
DA:60,0
DA:61,0
DA:62,0
DA:63,0
DA:64,0
DA:65,0
DA:75,0
DA:76,0
DA:77,0
DA:78,0
DA:80,0
DA:83,0
DA:87,0
DA:88,0
DA:90,0
DA:95,0
DA:96,0
DA:97,0
DA:99,0
DA:109,29
DA:110,0
DA:111,0
DA:113,0
DA:114,0
DA:117,0
DA:121,0
DA:122,0
DA:125,0
DA:127,0
DA:129,0
DA:130,0
DA:137,29
DA:138,0
DA:139,0
DA:143,0
DA:144,0
DA:151,0
DA:152,0
DA:158,0
DA:164,0
DA:166,0
DA:176,29
DA:177,0
DA:178,0
DA:179,0
DA:180,0
DA:182,0
DA:187,0
DA:193,0
DA:195,0
DA:205,29
DA:206,0
DA:207,0
DA:208,0
DA:209,0
DA:211,0
DA:212,0
DA:213,0
DA:214,0
DA:215,0
DA:217,0
DA:222,0
DA:228,0
DA:230,0
DA:240,29
DA:241,0
DA:242,0
DA:243,0
DA:246,0
DA:248,0
DA:249,0
DA:256,0
DA:257,0
DA:258,0
DA:264,0
DA:269,0
DA:271,0
LF:97
LH:6
BRDA:19,0,0,0
BRDA:19,0,1,0
BRDA:19,1,0,0
BRDA:19,1,1,0
BRDA:19,1,2,0
BRDA:29,2,0,0
BRDA:29,2,1,0
BRDA:29,3,0,0
BRDA:29,3,1,0
BRDA:39,4,0,0
BRDA:39,4,1,0
BRDA:49,5,0,0
BRDA:49,5,1,0
BRDA:49,6,0,0
BRDA:49,6,1,0
BRDA:60,7,0,0
BRDA:60,7,1,0
BRDA:60,8,0,0
BRDA:60,8,1,0
BRDA:63,9,0,0
BRDA:63,9,1,0
BRDA:63,10,0,0
BRDA:63,10,1,0
BRDA:101,11,0,0
BRDA:101,11,1,0
BRDA:111,12,0,0
BRDA:111,12,1,0
BRDA:113,13,0,0
BRDA:113,13,1,0
BRDA:121,14,0,0
BRDA:121,14,1,0
BRDA:130,15,0,0
BRDA:130,15,1,0
BRDA:143,16,0,0
BRDA:143,16,1,0
BRDA:151,17,0,0
BRDA:151,17,1,0
BRDA:151,18,0,0
BRDA:151,18,1,0
BRDA:151,18,2,0
BRDA:151,18,3,0
BRDA:178,19,0,0
BRDA:178,19,1,0
BRDA:179,20,0,0
BRDA:179,20,1,0
BRDA:207,21,0,0
BRDA:207,21,1,0
BRDA:208,22,0,0
BRDA:208,22,1,0
BRDA:214,23,0,0
BRDA:214,23,1,0
BRDA:214,24,0,0
BRDA:214,24,1,0
BRDA:215,25,0,0
BRDA:215,25,1,0
BRDA:215,26,0,0
BRDA:215,26,1,0
BRDA:242,27,0,0
BRDA:242,27,1,0
BRDA:248,28,0,0
BRDA:248,28,1,0
BRDA:257,29,0,0
BRDA:257,29,1,0
BRDA:257,30,0,0
BRDA:257,30,1,0
BRDA:257,30,2,0
BRDA:257,30,3,0
BRF:67
BRH:0
end_of_record
TN:
SF:controllers\queueController.js
FN:30,(anonymous_0)
FN:59,(anonymous_1)
FN:82,(anonymous_2)
FN:98,(anonymous_3)
FN:100,(anonymous_4)
FN:122,(anonymous_5)
FN:151,(anonymous_6)
FN:172,(anonymous_7)
FN:193,(anonymous_8)
FN:226,(anonymous_9)
FN:261,(anonymous_10)
FN:287,(anonymous_11)
FN:325,(anonymous_12)
FN:355,(anonymous_13)
FNF:14
FNH:0
FNDA:0,(anonymous_0)
FNDA:0,(anonymous_1)
FNDA:0,(anonymous_2)
FNDA:0,(anonymous_3)
FNDA:0,(anonymous_4)
FNDA:0,(anonymous_5)
FNDA:0,(anonymous_6)
FNDA:0,(anonymous_7)
FNDA:0,(anonymous_8)
FNDA:0,(anonymous_9)
FNDA:0,(anonymous_10)
FNDA:0,(anonymous_11)
FNDA:0,(anonymous_12)
FNDA:0,(anonymous_13)
DA:30,29
DA:31,0
DA:32,0
DA:33,0
DA:34,0
DA:40,0
DA:42,0
DA:47,0
DA:48,0
DA:59,29
DA:60,0
DA:61,0
DA:63,0
DA:65,0
DA:70,0
DA:71,0
DA:82,29
DA:83,0
DA:84,0
DA:85,0
DA:86,0
DA:92,0
DA:93,0
DA:94,0
DA:95,0
DA:98,0
DA:100,0
DA:104,0
DA:110,0
DA:111,0
DA:122,29
DA:123,0
DA:124,0
DA:125,0
DA:126,0
DA:132,0
DA:134,0
DA:139,0
DA:140,0
DA:151,29
DA:152,0
DA:153,0
DA:155,0
DA:160,0
DA:161,0
DA:172,29
DA:173,0
DA:174,0
DA:176,0
DA:181,0
DA:182,0
DA:193,29
DA:194,0
DA:195,0
DA:197,0
DA:203,0
DA:214,0
DA:215,0
DA:226,29
DA:227,0
DA:228,0
DA:229,0
DA:231,0
DA:234,0
DA:235,0
DA:236,0
DA:237,0
DA:241,0
DA:243,0
DA:249,0
DA:250,0
DA:261,29
DA:262,0
DA:263,0
DA:264,0
DA:266,0
DA:268,0
DA:270,0
DA:275,0
DA:276,0
DA:287,29
DA:288,0
DA:289,0
DA:292,0
DA:293,0
DA:299,0
DA:304,0
DA:305,0
DA:308,0
DA:313,0
DA:314,0
DA:325,29
DA:326,0
DA:327,0
DA:329,0
DA:331,0
DA:332,0
DA:338,0
DA:343,0
DA:344,0
DA:355,29
DA:356,0
DA:357,0
DA:358,0
DA:360,0
DA:362,0
DA:363,0
DA:369,0
DA:371,0
DA:373,0
DA:379,0
DA:380,0
LF:112
LH:12
BRDA:33,0,0,0
BRDA:33,0,1,0
BRDA:61,1,0,0
BRDA:85,2,0,0
BRDA:85,2,1,0
BRDA:98,3,0,0
BRDA:98,3,1,0
BRDA:100,4,0,0
BRDA:100,4,1,0
BRDA:125,5,0,0
BRDA:125,5,1,0
BRDA:195,6,0,0
BRDA:195,7,0,0
BRDA:195,8,0,0
BRDA:234,9,0,0
BRDA:234,9,1,0
BRDA:236,10,0,0
BRDA:236,10,1,0
BRDA:237,11,0,0
BRDA:237,11,1,0
BRDA:266,12,0,0
[...]
DA:55,6
DA:57,6
DA:58,4
DA:59,2
DA:61,1
LF:21
LH:21
BRDA:7,0,0,4
BRDA:7,0,1,25
BRDA:11,1,0,6
BRDA:11,1,1,19
BRDA:12,2,0,4
BRDA:12,2,1,21
BRDA:15,3,0,11
BRDA:15,3,1,14
BRDA:28,4,0,2
BRDA:28,4,1,9
BRDA:40,5,0,2
BRDA:40,5,1,2
BRDA:57,6,0,2
BRDA:57,6,1,4
BRDA:58,7,0,2
BRDA:58,7,1,2
BRDA:59,8,0,1
BRDA:59,8,1,1
BRF:18
BRH:18
end_of_record
TN:
SF:utils\generateToken.js
FN:3,(anonymous_0)
FN:4,(anonymous_1)
FN:17,(anonymous_2)
FN:33,(anonymous_3)
FN:47,(anonymous_4)
FNF:5
FNH:5
FNDA:6,(anonymous_0)
FNDA:1,(anonymous_1)
FNDA:3,(anonymous_2)
FNDA:1,(anonymous_3)
FNDA:4,(anonymous_4)
DA:3,30
DA:4,30
DA:5,1
DA:6,0
DA:8,1
DA:11,30
DA:12,30
DA:17,30
DA:18,3
DA:33,30
DA:34,1
DA:47,30
DA:48,4
DA:49,4
DA:51,2
LF:15
LH:14
BRDA:5,0,0,0
BRDA:5,0,1,1
BRDA:5,1,0,1
BRDA:5,1,1,0
BRDA:8,2,0,1
BRDA:8,2,1,0
BRDA:11,3,0,30
BRDA:11,3,1,0
BRDA:12,4,0,30
BRDA:12,4,1,0
BRDA:20,5,0,3
BRDA:20,5,1,1
BRDA:21,6,0,3
BRDA:21,6,1,1
BRDA:22,7,0,3
BRDA:22,7,1,3
BRDA:23,8,0,3
BRDA:23,8,1,2
BRDA:36,9,0,1
BRDA:36,9,1,0
BRDA:37,10,0,1
BRDA:37,10,1,0
BRDA:49,11,0,4
BRDA:49,11,1,3
BRF:24
BRH:17
end_of_record
TN:
SF:utils\healthCheck.js
FN:16,(anonymous_0)
FN:32,(anonymous_1)
FN:105,(anonymous_2)
FN:117,(anonymous_3)
FN:127,(anonymous_4)
FN:128,(anonymous_5)
FN:131,(anonymous_6)
FN:136,(anonymous_7)
FNF:8
FNH:1
FNDA:0,(anonymous_0)
FNDA:0,(anonymous_1)
FNDA:0,(anonymous_2)
FNDA:29,(anonymous_3)
FNDA:0,(anonymous_4)
FNDA:0,(anonymous_5)
FNDA:0,(anonymous_6)
FNDA:0,(anonymous_7)
DA:13,29
DA:16,29
DA:17,0
DA:18,0
DA:32,29
DA:33,0
DA:36,0
DA:37,0
DA:38,0
DA:43,0
DA:47,0
DA:52,0
DA:57,0
DA:58,0
DA:65,0
DA:66,0
DA:67,0
DA:68,0
DA:70,0
DA:71,0
DA:72,0
DA:73,0
DA:74,0
DA:76,0
DA:86,0
DA:93,0
DA:99,0
DA:105,0
DA:106,0
DA:108,0
DA:117,29
DA:119,29
DA:120,29
DA:123,29
DA:124,29
DA:127,29
DA:128,29
DA:131,29
DA:132,0
DA:133,0
DA:134,0
DA:136,29
DA:137,0
DA:138,0
DA:139,0
DA:142,29
LF:46
LH:13
BRDA:19,0,0,0
BRDA:19,0,1,0
BRDA:21,1,0,0
BRDA:21,1,1,0
BRDA:23,2,0,0
BRDA:23,2,1,0
BRDA:39,3,0,0
BRDA:39,3,1,0
BRDA:40,4,0,0
BRDA:40,4,1,0
BRDA:48,5,0,0
BRDA:48,5,1,0
BRDA:48,6,0,0
BRDA:48,6,1,0
BRDA:53,7,0,0
BRDA:53,7,1,0
BRDA:53,8,0,0
BRDA:53,8,1,0
BRDA:59,9,0,0
BRDA:59,9,1,0
BRDA:66,10,0,0
BRDA:66,10,1,0
BRDA:74,11,0,0
BRDA:74,11,1,0
BRDA:106,12,0,0
BRDA:106,12,1,0
BRDA:109,13,0,0
BRDA:109,13,1,0
BRDA:133,14,0,0
BRDA:133,14,1,0
BRDA:138,15,0,0
BRDA:138,15,1,0
BRF:32
BRH:0
end_of_record
TN:
SF:utils\helpers.js
FN:8,(anonymous_0)
FN:15,(anonymous_1)
FN:24,(anonymous_2)
FN:32,(anonymous_3)
FNF:4
FNH:4
FNDA:5,(anonymous_0)
FNDA:5,(anonymous_1)
FNDA:5,(anonymous_2)
FNDA:7,(anonymous_3)
DA:8,1
DA:9,5
DA:15,1
DA:16,5
DA:17,5
DA:18,5
DA:24,1
DA:25,5
DA:26,3
DA:32,1
DA:33,7
DA:35,5
DA:37,5
DA:38,5
DA:39,5
DA:41,5
LF:16
LH:16
BRDA:8,0,0,4
BRDA:25,1,0,2
BRDA:25,1,1,3
BRDA:33,2,0,2
BRDA:33,2,1,5
BRF:5
BRH:5
end_of_record
TN:
SF:utils\imageOptimizer.js
FN:68,(anonymous_0)
FN:144,(anonymous_1)
FN:176,(anonymous_2)
FN:177,(anonymous_3)
FN:189,(anonymous_4)
FN:190,(anonymous_5)
FN:209,(anonymous_6)
FN:258,(anonymous_7)
FN:284,(anonymous_8)
FN:301,(anonymous_9)
FN:313,(anonymous_10)
FN:330,(anonymous_11)
FN:356,(anonymous_12)
FNF:13
FNH:0
FNDA:0,(anonymous_0)
FNDA:0,(anonymous_1)
FNDA:0,(anonymous_2)
FNDA:0,(anonymous_3)
FNDA:0,(anonymous_4)
FNDA:0,(anonymous_5)
FNDA:0,(anonymous_6)
FNDA:0,(anonymous_7)
FNDA:0,(anonymous_8)
FNDA:0,(anonymous_9)
FNDA:0,(anonymous_10)
FNDA:0,(anonymous_11)
FNDA:0,(anonymous_12)
DA:17,0
DA:52,0
DA:68,0
DA:69,0
DA:70,0
DA:77,0
DA:79,0
DA:82,0
DA:83,0
DA:87,0
DA:88,0
DA:92,0
DA:93,0
DA:97,0
DA:98,0
DA:100,0
DA:103,0
DA:105,0
DA:106,0
DA:107,0
DA:109,0
DA:110,0
DA:111,0
DA:113,0
DA:114,0
DA:116,0
DA:117,0
DA:119,0
DA:126,0
DA:134,0
DA:135,0
DA:136,0
DA:137,0
DA:144,0
DA:145,0
DA:146,0
DA:148,0
DA:149,0
DA:150,0
DA:158,0
DA:166,0
DA:170,0
DA:176,0
DA:177,0
DA:178,0
DA:179,0
DA:180,0
DA:183,0
DA:189,0
DA:190,0
DA:191,0
DA:192,0
DA:193,0
DA:196,0
DA:198,0
DA:209,0
DA:210,0
DA:211,0
DA:213,0
DA:223,0
DA:224,0
DA:225,0
DA:226,0
DA:230,0
DA:231,0
DA:232,0
DA:235,0
DA:236,0
DA:237,0
DA:241,0
DA:242,0
DA:243,0
DA:246,0
DA:248,0
DA:258,0
DA:259,0
DA:260,0
DA:261,0
DA:272,0
DA:273,0
DA:284,0
DA:285,0
DA:289,0
DA:301,0
DA:302,0
DA:303,0
DA:304,0
DA:305,0
DA:306,0
DA:307,0
DA:313,0
DA:314,0
DA:315,0
DA:316,0
DA:317,0
DA:318,0
DA:319,0
DA:320,0
DA:330,0
DA:331,0
DA:332,0
DA:335,0
DA:336,0
DA:341,0
DA:342,0
DA:343,0
DA:345,0
DA:347,0
DA:349,0
DA:356,0
DA:357,0
DA:358,0
DA:361,0
DA:363,0
DA:364,0
DA:370,0
DA:371,0
LF:117
LH:0
BRDA:68,0,0,0
BRDA:72,1,0,0
BRDA:73,2,0,0
BRDA:76,3,0,0
BRDA:82,4,0,0
BRDA:82,4,1,0
BRDA:82,5,0,0
BRDA:82,5,1,0
BRDA:82,5,2,0
BRDA:92,6,0,0
BRDA:92,6,1,0
BRDA:176,7,0,0
BRDA:189,8,0,0
BRDA:224,9,0,0
BRDA:224,9,1,0
BRDA:230,10,0,0
BRDA:230,10,1,0
BRDA:230,11,0,0
BRDA:230,11,1,0
BRDA:235,12,0,0
BRDA:235,12,1,0
BRDA:235,13,0,0
BRDA:235,13,1,0
BRDA:241,14,0,0
BRDA:241,14,1,0
BRDA:285,15,0,0
BRDA:285,15,1,0
BRDA:292,16,0,0
BRDA:292,16,1,0
BRDA:331,17,0,0
BRDA:331,17,1,0
BRDA:357,18,0,0
BRDA:357,18,1,0
BRDA:363,19,0,0
BRDA:363,19,1,0
BRF:35
BRH:0
end_of_record
TN:
SF:utils\io.js
FN:12,(anonymous_0)
FN:16,(anonymous_1)
FNF:2
FNH:1
FNDA:29,(anonymous_0)
FNDA:0,(anonymous_1)
DA:10,29
DA:12,29
DA:13,29
DA:16,29
LF:4
LH:4
BRF:0
BRH:0
end_of_record
TN:
SF:utils\logger.js
FNF:0
FNH:0
LF:0
LH:0
BRF:0
BRH:0
end_of_record
TN:
SF:utils\pagination.js
FN:6,(anonymous_0)
FN:18,(anonymous_1)
FNF:2
FNH:2
FNDA:8,(anonymous_0)
FNDA:8,(anonymous_1)
DA:6,2
DA:7,8
DA:8,8
DA:10,8
DA:12,8
DA:18,2
DA:19,8
DA:21,8
LF:8
LH:8
BRDA:7,0,0,8
BRDA:7,0,1,3
BRDA:8,1,0,8
BRDA:8,1,1,3
BRF:4
BRH:4
end_of_record
TN:
SF:utils\posthog.js
FN:4,(anonymous_0)
FN:13,(anonymous_1)
FN:30,(anonymous_2)
FN:47,(anonymous_3)
FN:56,(anonymous_4)
FN:58,(anonymous_5)
FNF:6
FNH:1
FNDA:29,(anonymous_0)
FNDA:0,(anonymous_1)
FNDA:0,(anonymous_2)
FNDA:0,(anonymous_3)
FNDA:0,(anonymous_4)
FNDA:0,(anonymous_5)
DA:1,29
DA:2,29
DA:4,29
DA:5,29
DA:7,29
DA:8,29
DA:9,29
DA:12,0
DA:13,0
DA:14,0
DA:15,0
DA:16,0
DA:19,0
DA:23,0
DA:24,0
DA:26,0
DA:30,29
DA:31,0
DA:32,0
DA:33,0
DA:35,0
DA:47,29
DA:48,0
DA:49,0
DA:56,29
DA:58,29
LF:26
LH:11
BRDA:7,0,0,29
BRDA:7,0,1,0
BRDA:14,1,0,0
BRDA:14,1,1,0
BRDA:20,2,0,0
BRDA:20,2,1,0
BRDA:30,3,0,0
BRDA:31,4,0,0
BRDA:31,4,1,0
BRDA:31,5,0,0
BRDA:31,5,1,0
BRDA:36,6,0,0
BRDA:36,6,1,0
BRDA:47,7,0,0
BRDA:48,8,0,0
BRDA:48,8,1,0
BRDA:48,9,0,0
BRDA:48,9,1,0
BRF:18
BRH:1
end_of_record
TN:
SF:utils\queryOptimizer.js
FN:107,(anonymous_0)
FN:118,(anonymous_1)
FN:125,(anonymous_2)
FN:132,(anonymous_3)
FN:140,(anonymous_4)
FN:147,(anonymous_5)
FN:154,(anonymous_6)
FN:196,(anonymous_7)
FN:231,(anonymous_8)
FN:243,(anonymous_9)
FN:254,(anonymous_10)
FN:271,(anonymous_11)
FN:302,(anonymous_12)
FN:321,(anonymous_13)
FN:340,(anonymous_14)
FN:359,(anonymous_15)
FN:384,(anonymous_16)
FNF:17
FNH:0
FNDA:0,(anonymous_0)
FNDA:0,(anonymous_1)
FNDA:0,(anonymous_2)
FNDA:0,(anonymous_3)
FNDA:0,(anonymous_4)
FNDA:0,(anonymous_5)
FNDA:0,(anonymous_6)
FNDA:0,(anonymous_7)
FNDA:0,(anonymous_8)
FNDA:0,(anonymous_9)
FNDA:0,(anonymous_10)
FNDA:0,(anonymous_11)
FNDA:0,(anonymous_12)
FNDA:0,(anonymous_13)
FNDA:0,(anonymous_14)
FNDA:0,(anonymous_15)
FNDA:0,(anonymous_16)
DA:15,0
DA:27,0
DA:107,0
DA:108,0
DA:109,0
DA:110,0
DA:112,0
DA:118,0
DA:119,0
DA:125,0
DA:126,0
DA:132,0
DA:133,0
DA:134,0
DA:140,0
DA:141,0
DA:147,0
DA:148,0
DA:154,0
DA:162,0
DA:164,0
DA:165,0
DA:168,0
DA:169,0
DA:172,0
DA:173,0
DA:174,0
DA:175,0
DA:178,0
DA:179,0
DA:182,0
DA:183,0
DA:186,0
DA:196,0
DA:197,0
DA:198,0
DA:199,0
DA:200,0
DA:202,0
DA:205,0
DA:208,0
DA:209,0
DA:210,0
DA:211,0
DA:214,0
DA:215,0
DA:217,0
DA:218,0
DA:219,0
DA:220,0
DA:231,0
DA:232,0
DA:243,0
DA:244,0
DA:245,0
DA:246,0
DA:247,0
DA:248,0
DA:254,0
DA:255,0
DA:256,0
DA:257,0
DA:258,0
DA:259,0
DA:260,0
DA:261,0
DA:271,0
DA:273,0
DA:276,0
DA:279,0
DA:280,0
DA:281,0
DA:284,0
DA:285,0
DA:286,0
DA:289,0
DA:290,0
DA:293,0
DA:294,0
DA:296,0
DA:302,0
DA:304,0
DA:307,0
DA:310,0
DA:312,0
DA:313,0
DA:315,0
DA:321,0
DA:323,0
DA:326,0
DA:329,0
DA:331,0
DA:332,0
DA:334,0
DA:340,0
DA:342,0
DA:345,0
DA:348,0
DA:350,0
DA:351,0
DA:353,0
DA:359,0
DA:361,0
DA:362,0
DA:366,0
DA:369,0
DA:371,0
DA:372,0
DA:374,0
DA:384,0
DA:393,0
DA:395,0
DA:397,0
DA:398,0
DA:401,0
DA:402,0
DA:405,0
DA:406,0
DA:407,0
DA:408,0
DA:411,0
DA:412,0
DA:415,0
DA:416,0
DA:419,0
LF:125
LH:0
BRDA:109,0,0,0
BRDA:109,0,1,0
BRDA:125,1,0,0
BRDA:132,2,0,0
BRDA:132,3,0,0
BRDA:140,4,0,0
BRDA:140,5,0,0
BRDA:154,6,0,0
BRDA:157,7,0,0
BRDA:164,8,0,0
BRDA:164,8,1,0
BRDA:168,9,0,0
BRDA:168,9,1,0
BRDA:172,10,0,0
BRDA:172,10,1,0
BRDA:174,11,0,0
BRDA:174,11,1,0
BRDA:178,12,0,0
BRDA:178,12,1,0
BRDA:182,13,0,0
BRDA:182,13,1,0
BRDA:208,14,0,0
BRDA:208,14,1,0
BRDA:234,15,0,0
BRDA:234,15,1,0
BRDA:271,16,0,0
BRDA:279,17,0,0
BRDA:279,17,1,0
BRDA:280,18,0,0
BRDA:280,18,1,0
BRDA:284,19,0,0
BRDA:284,19,1,0
BRDA:285,20,0,0
BRDA:285,20,1,0
BRDA:289,21,0,0
BRDA:289,21,1,0
BRDA:359,22,0,0
BRDA:361,23,0,0
BRDA:361,23,1,0
BRDA:384,24,0,0
BRDA:386,25,0,0
BRDA:388,26,0,0
BRDA:397,27,0,0
BRDA:397,27,1,0
BRDA:401,28,0,0
BRDA:401,28,1,0
BRDA:405,29,0,0
BRDA:405,29,1,0
BRDA:407,30,0,0
BRDA:407,30,1,0
BRDA:411,31,0,0
BRDA:411,31,1,0
BRDA:415,32,0,0
BRDA:415,32,1,0
BRF:54
BRH:0
end_of_record
TN:
SF:utils\response.js
FN:6,(anonymous_0)
FN:18,(anonymous_1)
FN:29,(anonymous_2)
FN:40,(anonymous_3)
FN:50,(anonymous_4)
FNF:5
FNH:5
FNDA:3,(anonymous_0)
FNDA:2,(anonymous_1)
FNDA:1,(anonymous_2)
FNDA:2,(anonymous_3)
FNDA:1,(anonymous_4)
DA:6,30
DA:7,3
DA:18,30
DA:19,2
DA:29,30
DA:30,1
DA:40,30
DA:41,2
DA:50,30
DA:51,1
LF:10
LH:10
BRDA:6,0,0,0
BRDA:6,1,0,1
BRDA:6,2,0,2
BRDA:11,3,0,3
BRDA:11,3,1,1
BRDA:18,4,0,0
BRDA:18,5,0,1
BRDA:18,6,0,1
BRDA:22,7,0,2
BRDA:22,7,1,1
BRDA:40,8,0,1
BRDA:50,9,0,1
BRF:12
BRH:10
end_of_record
TN:
SF:utils\retry.js
FN:4,(anonymous_0)
FN:4,(anonymous_1)
FN:79,withRetry
FN:264,attemptWithTimeout
FN:273,(anonymous_4)
FN:274,(anonymous_5)
FN:331,attempt
FN:348,resetCircuit
FN:354,getCircuitState
FN:372,getAllCircuitStates
FN:384,createServiceConfig
FNF:11
FNH:10
FNDA:11,(anonymous_0)
FNDA:11,(anonymous_1)
FNDA:48,withRetry
FNDA:32,attemptWithTimeout
FNDA:43,(anonymous_4)
FNDA:6,(anonymous_5)
FNDA:0,attempt
FNDA:9,resetCircuit
FNDA:12,getCircuitState
FNDA:26,getAllCircuitStates
FNDA:192,createServiceConfig
DA:4,43
DA:6,43
DA:9,43
DA:60,43
DA:81,48
DA:83,48
DA:84,0
DA:104,48
DA:106,48
DA:107,48
DA:110,48
DA:111,39
DA:113,39
DA:114,16
DA:116,16
DA:117,0
DA:120,16
DA:121,0
DA:125,16
DA:126,3
DA:127,0
DA:129,3
DA:130,0
DA:132,3
DA:133,3
DA:136,13
DA:137,13
DA:138,13
DA:139,13
DA:140,13
DA:143,23
DA:144,23
DA:152,1
DA:153,1
DA:154,0
DA:156,1
DA:157,1
DA:158,1
DA:159,0
DA:163,1
DA:164,1
DA:167,1
DA:168,0
DA:169,0
DA:170,0
DA:173,1
DA:175,22
DA:178,22
DA:179,7
DA:180,7
DA:182,7
DA:183,0
DA:189,7
DA:191,7
DA:192,0
DA:193,0
DA:197,22
DA:200,22
DA:201,0
DA:202,0
DA:203,0
DA:210,22
DA:211,4
DA:212,0
DA:214,4
DA:215,0
DA:217,4
DA:218,4
DA:221,18
DA:226,9
DA:227,9
DA:234,4
DA:235,0
DA:236,0
DA:237,0
DA:240,4
DA:242,5
DA:243,0
DA:244,0
DA:245,0
DA:249,5
DA:250,2
DA:251,0
DA:253,2
DA:254,0
DA:256,2
DA:257,2
DA:260,3
DA:265,32
DA:268,32
DA:269,43
DA:271,43
DA:274,43
DA:275,6
DA:276,6
DA:277,6
DA:278,6
DA:283,5
DA:285,38
DA:287,38
DA:288,5
DA:289,0
DA:297,5
DA:298,0
DA:301,5
DA:304,38
DA:306,11
DA:307,11
DA:309,11
DA:310,0
DA:318,11
DA:319,0
DA:322,11
DA:323,11
DA:328,27
DA:333,0
DA:334,0
DA:335,0
DA:337,0
DA:338,0
DA:339,0
DA:340,0
DA:341,0
DA:345,0
DA:349,9
DA:350,9
DA:351,9
DA:355,12
DA:356,12
DA:358,10
DA:359,7
DA:366,3
DA:373,26
DA:374,26
DA:375,7
DA:377,26
DA:385,192
DA:386,192
LF:138
LH:99
BRDA:79,0,0,0
BRDA:83,1,0,0
BRDA:83,1,1,48
BRDA:83,2,0,48
BRDA:83,2,1,0
BRDA:106,3,0,48
BRDA:106,3,1,9
BRDA:106,3,2,0
BRDA:110,4,0,39
BRDA:110,4,1,9
BRDA:111,5,0,39
BRDA:111,5,1,8
BRDA:113,6,0,16
BRDA:113,6,1,23
BRDA:116,7,0,0
BRDA:116,7,1,16
BRDA:120,8,0,0
BRDA:120,8,1,16
BRDA:121,9,0,0
BRDA:121,9,1,0
BRDA:125,10,0,3
BRDA:125,10,1,13
BRDA:126,11,0,0
BRDA:126,11,1,3
BRDA:129,12,0,0
BRDA:129,12,1,3
BRDA:130,13,0,0
BRDA:130,13,1,0
BRDA:132,14,0,0
BRDA:132,14,1,3
BRDA:152,15,0,1
BRDA:152,15,1,0
BRDA:153,16,0,0
BRDA:153,16,1,1
BRDA:157,17,0,1
BRDA:157,17,1,0
BRDA:158,18,0,0
BRDA:158,18,1,1
BRDA:159,19,0,0
BRDA:159,19,1,0
BRDA:167,20,0,0
BRDA:167,20,1,1
BRDA:169,21,0,0
BRDA:169,21,1,0
BRDA:170,22,0,0
BRDA:170,22,1,0
BRDA:178,23,0,7
BRDA:178,23,1,15
BRDA:178,24,0,22
BRDA:178,24,1,7
BRDA:182,25,0,0
BRDA:182,25,1,7
BRDA:189,26,0,1
BRDA:189,26,1,6
BRDA:191,27,0,0
BRDA:191,27,1,7
BRDA:192,28,0,0
BRDA:192,28,1,0
BRDA:193,29,0,0
BRDA:193,29,1,0
BRDA:200,30,0,0
BRDA:200,30,1,22
BRDA:202,31,0,0
BRDA:202,31,1,0
BRDA:204,32,0,0
BRDA:204,32,1,0
BRDA:205,33,0,0
BRDA:205,33,1,0
BRDA:210,34,0,4
BRDA:210,34,1,18
BRDA:211,35,0,0
BRDA:211,35,1,4
BRDA:214,36,0,0
BRDA:214,36,1,4
BRDA:215,37,0,0
BRDA:215,37,1,0
BRDA:217,38,0,0
BRDA:217,38,1,4
BRDA:234,39,0,0
BRDA:234,39,1,4
BRDA:236,40,0,0
BRDA:236,40,1,0
BRDA:237,41,0,0
BRDA:237,41,1,0
BRDA:242,42,0,0
BRDA:242,42,1,5
BRDA:244,43,0,0
BRDA:244,43,1,0
BRDA:245,44,0,0
BRDA:245,44,1,0
BRDA:245,45,0,0
BRDA:245,45,1,0
BRDA:249,46,0,2
BRDA:249,46,1,3
BRDA:250,47,0,0
BRDA:250,47,1,2
BRDA:253,48,0,0
BRDA:253,48,1,2
BRDA:254,49,0,0
BRDA:254,49,1,0
BRDA:256,50,0,1
BRDA:256,50,1,1
BRDA:277,51,0,6
BRDA:277,51,1,6
BRDA:287,52,0,5
BRDA:287,52,1,33
BRDA:288,53,0,0
BRDA:288,53,1,5
BRDA:297,54,0,0
BRDA:297,54,1,5
BRDA:298,55,0,0
BRDA:298,55,1,0
BRDA:301,56,0,1
BRDA:301,56,1,4
BRDA:304,57,0,11
BRDA:304,57,1,27
BRDA:309,58,0,0
BRDA:309,58,1,11
BRDA:318,59,0,0
BRDA:318,59,1,11
BRDA:319,60,0,0
BRDA:319,60,1,0
BRDA:322,61,0,0
BRDA:322,61,1,11
BRDA:338,62,0,0
BRDA:338,62,1,0
BRDA:340,63,0,0
BRDA:340,63,1,0
BRDA:356,64,0,2
BRDA:356,64,1,10
BRDA:358,65,0,7
BRDA:358,65,1,3
BRDA:384,66,0,4
BRDA:385,67,0,192
BRDA:385,67,1,0
BRF:135
BRH:63
end_of_record
TN:
SF:utils\securityLogger.js
FN:61,(anonymous_0)
FN:107,(anonymous_1)
FN:123,(anonymous_2)
FN:145,(anonymous_3)
FN:151,(anonymous_4)
FN:157,(anonymous_5)
FN:163,(anonymous_6)
FNF:7
FNH:0
FNDA:0,(anonymous_0)
FNDA:0,(anonymous_1)
FNDA:0,(anonymous_2)
FNDA:0,(anonymous_3)
FNDA:0,(anonymous_4)
FNDA:0,(anonymous_5)
FNDA:0,(anonymous_6)
DA:5,29
DA:44,29
DA:52,29
DA:61,29
DA:73,0
DA:74,0
DA:88,0
DA:89,0
DA:90,0
DA:91,0
DA:92,0
DA:93,0
DA:95,0
DA:99,0
DA:100,0
DA:103,0
DA:107,29
DA:108,0
DA:123,29
DA:124,0
DA:126,0
DA:127,0
DA:131,0
DA:132,0
DA:136,0
DA:137,0
DA:140,0
DA:145,29
DA:147,0
DA:151,29
DA:153,0
DA:157,29
DA:159,0
DA:163,29
DA:164,0
DA:165,0
DA:166,0
DA:168,0
DA:172,0
DA:173,0
DA:176,0
DA:181,29
DA:182,0
LF:43
LH:11
BRDA:63,0,0,0
BRDA:64,1,0,0
BRDA:65,2,0,0
BRDA:66,3,0,0
BRDA:67,4,0,0
BRDA:68,5,0,0
BRDA:69,6,0,0
BRDA:70,7,0,0
BRDA:71,8,0,0
BRDA:88,9,0,0
BRDA:88,9,1,0
BRDA:90,10,0,0
BRDA:90,10,1,0
BRDA:92,11,0,0
BRDA:92,11,1,0
BRDA:99,12,0,0
BRDA:99,12,1,0
BRDA:107,13,0,0
BRDA:110,14,0,0
BRDA:110,14,1,0
BRDA:126,15,0,0
BRDA:126,15,1,0
BRDA:131,16,0,0
BRDA:131,16,1,0
BRDA:131,17,0,0
BRDA:131,17,1,0
BRDA:136,18,0,0
BRDA:136,18,1,0
BRDA:165,19,0,0
BRDA:165,19,1,0
BRDA:172,20,0,0
BRDA:172,20,1,0
BRDA:181,21,0,0
BRDA:181,21,1,29
BRF:34
BRH:1
end_of_record
TN:
SF:utils\sentry.js
FN:12,(anonymous_0)
FN:22,(anonymous_1)
FN:41,(anonymous_2)
FN:67,(anonymous_3)
FN:74,(anonymous_4)
FN:79,(anonymous_5)
FN:80,(anonymous_6)
FN:86,(anonymous_7)
FN:91,(anonymous_8)
FNF:9
FNH:0
FNDA:0,(anonymous_0)
FNDA:0,(anonymous_1)
FNDA:0,(anonymous_2)
FNDA:0,(anonymous_3)
FNDA:0,(anonymous_4)
FNDA:0,(anonymous_5)
FNDA:0,(anonymous_6)
FNDA:0,(anonymous_7)
FNDA:0,(anonymous_8)
DA:9,0
DA:10,0
DA:12,0
DA:13,0
DA:15,0
DA:16,0
DA:17,0
DA:20,0
DA:22,0
DA:23,0
DA:24,0
DA:25,0
DA:28,0
DA:30,0
DA:42,0
DA:43,0
DA:44,0
DA:45,0
DA:48,0
DA:52,0
DA:55,0
DA:56,0
DA:57,0
DA:60,0
DA:62,0
DA:67,0
DA:68,0
DA:69,0
DA:74,0
DA:75,0
DA:76,0
DA:77,0
DA:79,0
DA:80,0
DA:81,0
DA:86,0
DA:87,0
DA:88,0
DA:91,0
LF:39
LH:0
BRDA:15,0,0,0
BRDA:15,0,1,0
BRDA:23,1,0,0
BRDA:23,1,1,0
BRDA:32,2,0,0
BRDA:32,2,1,0
BRDA:33,3,0,0
BRDA:33,3,1,0
BRDA:34,4,0,0
BRDA:34,4,1,0
BRDA:38,5,0,0
BRDA:38,5,1,0
BRDA:42,6,0,0
BRDA:42,6,1,0
BRDA:45,7,0,0
BRDA:45,7,1,0
BRDA:55,8,0,0
BRDA:55,8,1,0
BRDA:55,9,0,0
BRDA:55,9,1,0
BRDA:68,10,0,0
BRDA:68,10,1,0
BRDA:68,11,0,0
BRDA:68,11,1,0
BRDA:68,11,2,0
BRDA:68,11,3,0
BRDA:74,12,0,0
BRDA:75,13,0,0
BRDA:75,13,1,0
BRDA:75,14,0,0
BRDA:75,14,1,0
BRDA:86,15,0,0
BRDA:87,16,0,0
BRDA:87,16,1,0
BRDA:87,17,0,0
BRDA:87,17,1,0
BRF:36
BRH:0
end_of_record
TN:
SF:utils\sms.js
FN:17,(anonymous_0)
FN:25,(anonymous_1)
FN:32,(anonymous_2)
FN:41,(anonymous_3)
FN:64,(anonymous_4)
FN:81,(anonymous_5)
FN:84,(anonymous_6)
FNF:7
FNH:2
FNDA:0,(anonymous_0)
FNDA:0,(anonymous_1)
FNDA:4,(anonymous_2)
FNDA:0,(anonymous_3)
FNDA:4,(anonymous_4)
FNDA:0,(anonymous_5)
FNDA:0,(anonymous_6)
DA:7,33
DA:8,33
DA:10,33
DA:11,33
DA:15,33
DA:18,0
DA:26,0
DA:27,0
DA:28,0
DA:32,33
DA:33,4
DA:34,3
DA:35,3
DA:36,2
DA:37,1
DA:38,1
DA:41,33
DA:42,0
DA:43,0
DA:44,0
DA:45,0
DA:48,0
DA:49,0
DA:57,0
DA:60,0
DA:61,0
DA:64,33
DA:65,4
DA:67,4
DA:68,4
DA:69,4
DA:70,2
DA:71,2
DA:72,2
DA:75,2
DA:76,2
DA:77,2
DA:78,2
DA:81,0
DA:85,0
DA:86,0
DA:90,0
DA:91,0
DA:92,0
DA:94,0
DA:95,0
DA:97,0
DA:98,0
DA:99,0
DA:101,0
DA:102,0
LF:51
LH:25
BRDA:7,0,0,0
BRDA:8,1,0,33
BRDA:8,1,1,0
BRDA:8,2,0,0
BRDA:8,2,1,0
BRDA:10,3,0,33
BRDA:10,3,1,0
BRDA:33,4,0,1
BRDA:33,4,1,3
BRDA:35,5,0,1
BRDA:35,5,1,2
BRDA:36,6,0,1
BRDA:36,6,1,1
BRDA:37,7,0,0
BRDA:37,7,1,1
BRDA:43,8,0,0
BRDA:43,8,1,0
BRDA:48,9,0,0
BRDA:48,9,1,0
BRDA:51,10,0,0
BRDA:51,10,1,0
BRDA:69,11,0,2
BRDA:69,11,1,2
BRDA:75,12,0,2
BRDA:75,12,1,0
BRDA:99,13,0,0
BRDA:99,13,1,0
BRF:27
BRH:12
end_of_record
TN:
SF:utils\snipeGuard.js
FN:12,(anonymous_0)
FN:35,(anonymous_1)
FN:50,(anonymous_2)
FNF:3
FNH:0
FNDA:0,(anonymous_0)
FNDA:0,(anonymous_1)
FNDA:0,(anonymous_2)
DA:4,29
DA:5,29
DA:6,29
DA:7,29
DA:8,29
DA:12,29
DA:13,0
DA:14,0
DA:15,0
DA:16,0
DA:17,0
DA:18,0
DA:19,0
DA:20,0
DA:21,0
DA:22,0
DA:23,0
DA:24,0
DA:25,0
DA:26,0
DA:27,0
DA:28,0
DA:30,0
DA:32,0
DA:35,29
DA:36,0
DA:37,0
DA:38,0
DA:39,0
DA:40,0
DA:41,0
DA:42,0
DA:43,0
DA:44,0
DA:45,0
DA:47,0
DA:50,29
DA:51,0
DA:53,0
DA:54,0
DA:55,0
DA:56,0
DA:57,0
DA:59,0
DA:60,0
DA:61,0
DA:62,0
DA:63,0
LF:48
LH:8
BRDA:4,0,0,29
BRDA:4,0,1,0
BRDA:5,1,0,29
BRDA:5,1,1,0
BRDA:6,2,0,29
BRDA:6,2,1,0
BRDA:7,3,0,29
BRDA:7,3,1,0
BRDA:13,4,0,0
BRDA:13,4,1,0
BRDA:17,5,0,0
BRDA:17,5,1,0
BRDA:17,6,0,0
BRDA:17,6,1,0
BRDA:18,7,0,0
BRDA:18,7,1,0
BRDA:19,8,0,0
BRDA:19,8,1,0
BRDA:21,9,0,0
BRDA:21,9,1,0
BRDA:27,10,0,0
BRDA:27,10,1,0
BRDA:38,11,0,0
BRDA:38,11,1,0
BRDA:38,12,0,0
BRDA:38,12,1,0
BRDA:39,13,0,0
BRDA:39,13,1,0
BRDA:40,14,0,0
BRDA:40,14,1,0
BRDA:42,15,0,0
BRDA:42,15,1,0
BRDA:51,16,0,0
BRDA:51,16,1,0
BRDA:51,17,0,0
BRDA:51,17,1,0
BRDA:54,18,0,0
BRDA:54,18,1,0
BRDA:55,19,0,0
BRDA:55,19,1,0
BRDA:57,20,0,0
BRDA:57,20,1,0
BRF:42
BRH:4
end_of_record
TN:
SF:utils\validateId.js
FN:16,(anonymous_0)
FN:29,(anonymous_1)
FNF:2
FNH:2
FNDA:19,(anonymous_0)
FNDA:5,(anonymous_1)
DA:16,30
DA:17,19
DA:29,30
DA:30,5
DA:31,4
DA:32,4
DA:34,1
LF:7
LH:7
BRDA:17,0,0,19
BRDA:17,0,1,12
BRDA:17,0,2,5
BRDA:29,1,0,4
BRDA:30,2,0,4
BRDA:30,2,1,1
BRF:6
BRH:6
end_of_record
TN:
SF:utils\validationSchemas.js
FN:305,(anonymous_0)
FN:306,(anonymous_1)
FN:313,(anonymous_2)
FN:336,(anonymous_3)
FN:337,(anonymous_4)
FN:344,(anonymous_5)
FN:367,(anonymous_6)
FN:368,(anonymous_7)
FN:375,(anonymous_8)
FNF:9
FNH:0
FNDA:0,(anonymous_0)
FNDA:0,(anonymous_1)
FNDA:0,(anonymous_2)
FNDA:0,(anonymous_3)
FNDA:0,(anonymous_4)
FNDA:0,(anonymous_5)
FNDA:0,(anonymous_6)
FNDA:0,(anonymous_7)
FNDA:0,(anonymous_8)
DA:15,0
DA:68,0
DA:121,0
DA:213,0
DA:243,0
DA:261,0
DA:283,0
DA:305,0
DA:306,0
DA:307,0
DA:312,0
DA:313,0
DA:318,0
DA:320,0
DA:328,0
DA:329,0
DA:336,0
DA:337,0
DA:338,0
DA:343,0
DA:344,0
DA:349,0
DA:351,0
DA:359,0
DA:360,0
DA:367,0
DA:368,0
DA:369,0
DA:374,0
DA:375,0
DA:380,0
DA:382,0
DA:390,0
DA:391,0
LF:34
LH:0
BRDA:312,0,0,0
BRDA:312,0,1,0
BRDA:343,1,0,0
BRDA:343,1,1,0
BRDA:374,2,0,0
BRDA:374,2,1,0
BRF:6
BRH:0
end_of_record
TN:
SF:utils\validator.js
FN:8,(anonymous_0)
FN:23,(anonymous_1)
FNF:2
FNH:2
FNDA:13,(anonymous_0)
FNDA:8,(anonymous_1)
DA:8,1
DA:9,13
DA:11,13
DA:14,10
DA:15,6
DA:17,4
DA:23,1
DA:24,8
DA:25,8
LF:9
LH:9
BRDA:11,0,0,3
BRDA:11,0,1,10
BRDA:14,1,0,4
BRDA:14,1,1,6
BRDA:15,2,0,2
BRDA:15,2,1,4
BRF:6
BRH:6
end_of_record
